# Logfile created on 2026-04-18 14:45:48 +0200 by logger.rb/v1.4.3
2026-04-18 14:45:48 +0200: Memory Usage (428888K) : Starting running SG13G2 Klayout LVS runset on /home/designer/shared/LC_VCO_FPLL/gds/blocks/PFD_CP_LF.gds
2026-04-18 14:45:48 +0200: Memory Usage (428888K) : Ruby Version for klayout: 3.0.2
2026-04-18 14:45:48 +0200: Memory Usage (428888K) : Loading database to memory is complete.
2026-04-18 14:45:48 +0200: Memory Usage (428888K) : SG13G2 Klayout LVS runset output at: /home/designer/shared/LC_VCO_FPLL/lvs/lvs_run_PFD_CP_LF/PFD_CP_LF.lvsdb
2026-04-18 14:45:48 +0200: Memory Usage (428888K) : Evaluate switches.
2026-04-18 14:45:48 +0200: Memory Usage (428888K) : Extracted netlist with net names: true
2026-04-18 14:45:48 +0200: Memory Usage (428888K) : Extracted netlist with comments in details: false
2026-04-18 14:45:48 +0200: Memory Usage (428888K) : Selected NET_ONLY option: false
2026-04-18 14:45:48 +0200: Memory Usage (428888K) : Selected LAYOUT_NETLIST option: (none)
2026-04-18 14:45:48 +0200: Memory Usage (428888K) : Selected IGNORE_TOP_PORTS_MISMATCH option: true
2026-04-18 14:45:48 +0200: Memory Usage (428888K) : Selected IMPLICIT_NETS option: (none)
2026-04-18 14:45:48 +0200: Memory Usage (428888K) : Selected TOP_LVL_PINS option: false
2026-04-18 14:45:48 +0200: Memory Usage (428888K) : Selected COMBINE DEVICES option: false
2026-04-18 14:45:48 +0200: Memory Usage (428888K) : Selected PURGE option: false
2026-04-18 14:45:48 +0200: Memory Usage (428888K) : Selected PURGE_NETS option: false
2026-04-18 14:45:48 +0200: Memory Usage (428888K) : Selected SIMPLIFY option: true
2026-04-18 14:45:48 +0200: Memory Usage (428888K) : Selected SERIES_RES option: true
2026-04-18 14:45:48 +0200: Memory Usage (428888K) : Selected PARALLEL_RES option: true
2026-04-18 14:45:48 +0200: Memory Usage (428888K) : deep  mode is enabled.
2026-04-18 14:45:48 +0200: Memory Usage (428888K) : Netlist file: /home/designer/shared/LC_VCO_FPLL/spice/PFD_CP_LF.spice
2026-04-18 14:45:48 +0200: Memory Usage (428888K) : LVS extracted netlist at: /home/designer/shared/LC_VCO_FPLL/lvs/lvs_run_PFD_CP_LF/PFD_CP_LF_extracted.cir
2026-04-18 14:45:48 +0200: Memory Usage (428888K) : Applying SRAM integration support.
2026-04-18 14:45:48 +0200: Memory Usage (428888K) : Starting SG13G2 LVS runset
2026-04-18 14:45:48 +0200: Memory Usage (428888K) : Read in polygons from layers.
2026-04-18 14:45:48 +0200: Memory Usage (431692K) : activ_drw has 199 polygons
2026-04-18 14:45:48 +0200: Memory Usage (431692K) : activ_filler has 0 polygons
2026-04-18 14:45:48 +0200: Memory Usage (431692K) : activ has 199 polygons
2026-04-18 14:45:48 +0200: Memory Usage (432476K) : activ_pin has 0 polygons
2026-04-18 14:45:48 +0200: Memory Usage (432476K) : activ_mask has 0 polygons
2026-04-18 14:45:48 +0200: Memory Usage (432476K) : activ_nofill has 0 polygons
2026-04-18 14:45:48 +0200: Memory Usage (432476K) : activ_OPC has 0 polygons
2026-04-18 14:45:48 +0200: Memory Usage (432476K) : activ_iOPC has 0 polygons
2026-04-18 14:45:48 +0200: Memory Usage (432476K) : activ_noqrc has 0 polygons
2026-04-18 14:45:48 +0200: Memory Usage (432476K) : biwind_drw has 0 polygons
2026-04-18 14:45:48 +0200: Memory Usage (432476K) : biwind_OPC has 0 polygons
2026-04-18 14:45:48 +0200: Memory Usage (432476K) : gatpoly_drw has 520 polygons
2026-04-18 14:45:48 +0200: Memory Usage (432476K) : gatpoly_filler has 0 polygons
2026-04-18 14:45:48 +0200: Memory Usage (432476K) : gatpoly has 520 polygons
2026-04-18 14:45:48 +0200: Memory Usage (432800K) : gatpoly_pin has 5 polygons
2026-04-18 14:45:48 +0200: Memory Usage (432800K) : gatpoly_nofill has 0 polygons
2026-04-18 14:45:48 +0200: Memory Usage (432800K) : gatpoly_OPC has 0 polygons
2026-04-18 14:45:48 +0200: Memory Usage (432800K) : gatpoly_iOPC has 0 polygons
2026-04-18 14:45:48 +0200: Memory Usage (432800K) : gatpoly_noqrc has 0 polygons
2026-04-18 14:45:48 +0200: Memory Usage (432800K) : cont_drw has 5509 polygons
2026-04-18 14:45:48 +0200: Memory Usage (433064K) : cont_OPC has 0 polygons
2026-04-18 14:45:48 +0200: Memory Usage (433064K) : nsd_drw has 0 polygons
2026-04-18 14:45:48 +0200: Memory Usage (433064K) : nsd_block has 0 polygons
2026-04-18 14:45:48 +0200: Memory Usage (433064K) : metal1_drw has 1311 polygons
2026-04-18 14:45:48 +0200: Memory Usage (433328K) : metal1_filler has 0 polygons
2026-04-18 14:45:48 +0200: Memory Usage (433328K) : metal1_slit has 0 polygons
2026-04-18 14:45:48 +0200: Memory Usage (433328K) : metal1 has 1311 polygons
2026-04-18 14:45:48 +0200: Memory Usage (433652K) : metal1_pin has 71 polygons
2026-04-18 14:45:48 +0200: Memory Usage (433652K) : metal1_mask has 0 polygons
2026-04-18 14:45:48 +0200: Memory Usage (433652K) : metal1_nofill has 0 polygons
2026-04-18 14:45:48 +0200: Memory Usage (433976K) : metal1_text has 22 polygons
2026-04-18 14:45:48 +0200: Memory Usage (433976K) : metal1_OPC has 0 polygons
2026-04-18 14:45:48 +0200: Memory Usage (433976K) : metal1_noqrc has 0 polygons
2026-04-18 14:45:48 +0200: Memory Usage (433976K) : metal1_res has 0 polygons
2026-04-18 14:45:48 +0200: Memory Usage (434420K) : metal1_iprobe has 0 polygons
2026-04-18 14:45:48 +0200: Memory Usage (434420K) : metal1_diffprb has 0 polygons
2026-04-18 14:45:48 +0200: Memory Usage (434420K) : passiv_drw has 0 polygons
2026-04-18 14:45:48 +0200: Memory Usage (434420K) : passiv_pin has 0 polygons
2026-04-18 14:45:48 +0200: Memory Usage (434684K) : passiv_sbump has 0 polygons
2026-04-18 14:45:48 +0200: Memory Usage (434684K) : passiv_pillar has 0 polygons
2026-04-18 14:45:48 +0200: Memory Usage (434684K) : passiv_pdl has 0 polygons
2026-04-18 14:45:48 +0200: Memory Usage (434684K) : metal2_drw has 236 polygons
2026-04-18 14:45:48 +0200: Memory Usage (434684K) : metal2_filler has 0 polygons
2026-04-18 14:45:48 +0200: Memory Usage (434684K) : metal2_slit has 0 polygons
2026-04-18 14:45:48 +0200: Memory Usage (434948K) : metal2 has 236 polygons
2026-04-18 14:45:48 +0200: Memory Usage (434948K) : metal2_pin has 10 polygons
2026-04-18 14:45:48 +0200: Memory Usage (434948K) : metal2_mask has 0 polygons
2026-04-18 14:45:48 +0200: Memory Usage (435212K) : metal2_nofill has 0 polygons
2026-04-18 14:45:48 +0200: Memory Usage (435212K) : metal2_text has 11 polygons
2026-04-18 14:45:48 +0200: Memory Usage (435212K) : metal2_OPC has 0 polygons
2026-04-18 14:45:48 +0200: Memory Usage (435212K) : metal2_noqrc has 0 polygons
2026-04-18 14:45:48 +0200: Memory Usage (435476K) : metal2_res has 0 polygons
2026-04-18 14:45:48 +0200: Memory Usage (435476K) : metal2_iprobe has 0 polygons
2026-04-18 14:45:48 +0200: Memory Usage (435476K) : metal2_diffprb has 0 polygons
2026-04-18 14:45:48 +0200: Memory Usage (435476K) : baspoly_drw has 0 polygons
2026-04-18 14:45:48 +0200: Memory Usage (435740K) : baspoly_pin has 0 polygons
2026-04-18 14:45:48 +0200: Memory Usage (435740K) : psd_drw has 109 polygons
2026-04-18 14:45:48 +0200: Memory Usage (435740K) : nldb_drw has 0 polygons
2026-04-18 14:45:48 +0200: Memory Usage (435740K) : digibnd_drw has 0 polygons
2026-04-18 14:45:48 +0200: Memory Usage (436004K) : via1_drw has 7257 polygons
2026-04-18 14:45:48 +0200: Memory Usage (436004K) : backmetal1_drw has 0 polygons
2026-04-18 14:45:48 +0200: Memory Usage (436004K) : backmetal1_pin has 0 polygons
2026-04-18 14:45:48 +0200: Memory Usage (436004K) : backmetal1_mask has 0 polygons
2026-04-18 14:45:48 +0200: Memory Usage (436268K) : backmetal1_filler has 0 polygons
2026-04-18 14:45:48 +0200: Memory Usage (436268K) : backmetal1_nofill has 0 polygons
2026-04-18 14:45:48 +0200: Memory Usage (436268K) : backmetal1_slit has 0 polygons
2026-04-18 14:45:48 +0200: Memory Usage (436268K) : backmetal1_text has 0 polygons
2026-04-18 14:45:48 +0200: Memory Usage (436532K) : backmetal1_OPC has 0 polygons
2026-04-18 14:45:48 +0200: Memory Usage (436532K) : backmetal1_noqrc has 0 polygons
2026-04-18 14:45:48 +0200: Memory Usage (436532K) : backmetal1_res has 0 polygons
2026-04-18 14:45:48 +0200: Memory Usage (436532K) : backmetal1_iprobe has 0 polygons
2026-04-18 14:45:48 +0200: Memory Usage (436796K) : backmetal1_diffprb has 0 polygons
2026-04-18 14:45:48 +0200: Memory Usage (436796K) : backpassiv_drw has 0 polygons
2026-04-18 14:45:48 +0200: Memory Usage (436796K) : res_drw has 0 polygons
2026-04-18 14:45:48 +0200: Memory Usage (436796K) : sram_drw has 0 polygons
2026-04-18 14:45:48 +0200: Memory Usage (437060K) : trans_drw has 0 polygons
2026-04-18 14:45:48 +0200: Memory Usage (437060K) : ind_drw has 0 polygons
2026-04-18 14:45:48 +0200: Memory Usage (437060K) : ind_pin has 0 polygons
2026-04-18 14:45:48 +0200: Memory Usage (437060K) : ind_text has 0 polygons
2026-04-18 14:45:48 +0200: Memory Usage (437324K) : salblock_drw has 20 polygons
2026-04-18 14:45:48 +0200: Memory Usage (437324K) : via2_drw has 6481 polygons
2026-04-18 14:45:48 +0200: Memory Usage (437588K) : metal3_drw has 37 polygons
2026-04-18 14:45:48 +0200: Memory Usage (437588K) : metal3_filler has 0 polygons
2026-04-18 14:45:48 +0200: Memory Usage (437588K) : metal3_slit has 0 polygons
2026-04-18 14:45:48 +0200: Memory Usage (437852K) : metal3 has 37 polygons
2026-04-18 14:45:48 +0200: Memory Usage (437852K) : metal3_pin has 6 polygons
2026-04-18 14:45:48 +0200: Memory Usage (437852K) : metal3_mask has 0 polygons
2026-04-18 14:45:48 +0200: Memory Usage (437852K) : metal3_nofill has 0 polygons
2026-04-18 14:45:48 +0200: Memory Usage (437852K) : metal3_text has 6 polygons
2026-04-18 14:45:48 +0200: Memory Usage (438116K) : metal3_OPC has 0 polygons
2026-04-18 14:45:48 +0200: Memory Usage (438116K) : metal3_noqrc has 0 polygons
2026-04-18 14:45:48 +0200: Memory Usage (438116K) : metal3_res has 0 polygons
2026-04-18 14:45:48 +0200: Memory Usage (438116K) : metal3_iprobe has 0 polygons
2026-04-18 14:45:48 +0200: Memory Usage (438116K) : metal3_diffprb has 0 polygons
2026-04-18 14:45:48 +0200: Memory Usage (438380K) : nwell_drw has 11 polygons
2026-04-18 14:45:48 +0200: Memory Usage (438380K) : nwell_pin has 0 polygons
2026-04-18 14:45:48 +0200: Memory Usage (438380K) : nwell_text has 0 polygons
2026-04-18 14:45:48 +0200: Memory Usage (438380K) : nbulay_drw has 14 polygons
2026-04-18 14:45:48 +0200: Memory Usage (438644K) : nbulay_pin has 0 polygons
2026-04-18 14:45:48 +0200: Memory Usage (438644K) : nbulay_block has 0 polygons
2026-04-18 14:45:48 +0200: Memory Usage (438644K) : emwind_drw has 0 polygons
2026-04-18 14:45:48 +0200: Memory Usage (438644K) : emwind_OPC has 0 polygons
2026-04-18 14:45:48 +0200: Memory Usage (438908K) : deepco_drw has 0 polygons
2026-04-18 14:45:48 +0200: Memory Usage (438908K) : mim_drw has 20 polygons
2026-04-18 14:45:48 +0200: Memory Usage (438908K) : edgeseal_drw has 0 polygons
2026-04-18 14:45:48 +0200: Memory Usage (438908K) : substrate_drw has 42 polygons
2026-04-18 14:45:48 +0200: Memory Usage (439172K) : substrate_text has 0 polygons
2026-04-18 14:45:48 +0200: Memory Usage (439172K) : dfpad_drw has 0 polygons
2026-04-18 14:45:48 +0200: Memory Usage (439172K) : dfpad_pillar has 0 polygons
2026-04-18 14:45:48 +0200: Memory Usage (439172K) : dfpad_sbump has 0 polygons
2026-04-18 14:45:48 +0200: Memory Usage (439436K) : thickgateox_drw has 0 polygons
2026-04-18 14:45:48 +0200: Memory Usage (439436K) : pldb_drw has 0 polygons
2026-04-18 14:45:48 +0200: Memory Usage (439436K) : pwell_drw has 0 polygons
2026-04-18 14:45:48 +0200: Memory Usage (439436K) : pwell_pin has 0 polygons
2026-04-18 14:45:48 +0200: Memory Usage (439436K) : pwell_block has 0 polygons
2026-04-18 14:45:48 +0200: Memory Usage (439700K) : ic_drw has 0 polygons
2026-04-18 14:45:48 +0200: Memory Usage (439700K) : via3_drw has 6388 polygons
2026-04-18 14:45:48 +0200: Memory Usage (439700K) : metal4_drw has 29 polygons
2026-04-18 14:45:48 +0200: Memory Usage (439964K) : metal4_filler has 0 polygons
2026-04-18 14:45:48 +0200: Memory Usage (439964K) : metal4_slit has 0 polygons
2026-04-18 14:45:48 +0200: Memory Usage (439964K) : metal4 has 29 polygons
2026-04-18 14:45:48 +0200: Memory Usage (440228K) : metal4_pin has 1 polygons
2026-04-18 14:45:48 +0200: Memory Usage (440228K) : metal4_mask has 0 polygons
2026-04-18 14:45:48 +0200: Memory Usage (440228K) : metal4_nofill has 0 polygons
2026-04-18 14:45:48 +0200: Memory Usage (440228K) : metal4_text has 1 polygons
2026-04-18 14:45:48 +0200: Memory Usage (440492K) : metal4_OPC has 0 polygons
2026-04-18 14:45:48 +0200: Memory Usage (440492K) : metal4_noqrc has 0 polygons
2026-04-18 14:45:48 +0200: Memory Usage (440492K) : metal4_res has 0 polygons
2026-04-18 14:45:48 +0200: Memory Usage (440492K) : metal4_iprobe has 0 polygons
2026-04-18 14:45:48 +0200: Memory Usage (440756K) : metal4_diffprb has 0 polygons
2026-04-18 14:45:48 +0200: Memory Usage (440756K) : heattrans_drw has 88 polygons
2026-04-18 14:45:48 +0200: Memory Usage (440756K) : heatres_drw has 20 polygons
2026-04-18 14:45:48 +0200: Memory Usage (440756K) : fbe_drw has 0 polygons
2026-04-18 14:45:48 +0200: Memory Usage (441020K) : empoly_drw has 0 polygons
2026-04-18 14:45:48 +0200: Memory Usage (441020K) : digisub_drw has 0 polygons
2026-04-18 14:45:48 +0200: Memory Usage (441020K) : text_drw has 38 polygons
2026-04-18 14:45:49 +0200: Memory Usage (441020K) : via4_drw has 6388 polygons
2026-04-18 14:45:49 +0200: Memory Usage (441284K) : metal5_drw has 72 polygons
2026-04-18 14:45:49 +0200: Memory Usage (441284K) : metal5_filler has 0 polygons
2026-04-18 14:45:49 +0200: Memory Usage (441548K) : metal5_slit has 0 polygons
2026-04-18 14:45:49 +0200: Memory Usage (441548K) : metal5 has 72 polygons
2026-04-18 14:45:49 +0200: Memory Usage (441548K) : metal5_pin has 2 polygons
2026-04-18 14:45:49 +0200: Memory Usage (441812K) : metal5_mask has 0 polygons
2026-04-18 14:45:49 +0200: Memory Usage (441812K) : metal5_nofill has 0 polygons
2026-04-18 14:45:49 +0200: Memory Usage (441812K) : metal5_text has 2 polygons
2026-04-18 14:45:49 +0200: Memory Usage (441812K) : metal5_OPC has 0 polygons
2026-04-18 14:45:49 +0200: Memory Usage (442076K) : metal5_noqrc has 0 polygons
2026-04-18 14:45:49 +0200: Memory Usage (442076K) : metal5_res has 0 polygons
2026-04-18 14:45:49 +0200: Memory Usage (442076K) : metal5_iprobe has 0 polygons
2026-04-18 14:45:49 +0200: Memory Usage (442076K) : metal5_diffprb has 0 polygons
2026-04-18 14:45:49 +0200: Memory Usage (442340K) : radhard_drw has 0 polygons
2026-04-18 14:45:49 +0200: Memory Usage (442340K) : memcap_drw has 0 polygons
2026-04-18 14:45:49 +0200: Memory Usage (442340K) : varicap_drw has 0 polygons
2026-04-18 14:45:49 +0200: Memory Usage (442340K) : intbondvia_drw has 0 polygons
2026-04-18 14:45:49 +0200: Memory Usage (442604K) : intbondmet_drw has 0 polygons
2026-04-18 14:45:49 +0200: Memory Usage (442604K) : devbondvia_drw has 0 polygons
2026-04-18 14:45:49 +0200: Memory Usage (442604K) : devbondmet_drw has 0 polygons
2026-04-18 14:45:49 +0200: Memory Usage (442604K) : devtrench_drw has 0 polygons
2026-04-18 14:45:49 +0200: Memory Usage (442868K) : redist_drw has 0 polygons
2026-04-18 14:45:49 +0200: Memory Usage (442868K) : graphbot_drw has 0 polygons
2026-04-18 14:45:49 +0200: Memory Usage (442868K) : graphtop_drw has 0 polygons
2026-04-18 14:45:49 +0200: Memory Usage (442868K) : antvia1_drw has 0 polygons
2026-04-18 14:45:49 +0200: Memory Usage (443132K) : antmetal2_drw has 0 polygons
2026-04-18 14:45:49 +0200: Memory Usage (443132K) : graphcont_drw has 0 polygons
2026-04-18 14:45:49 +0200: Memory Usage (443132K) : siwg_drw has 0 polygons
2026-04-18 14:45:49 +0200: Memory Usage (443132K) : siwg_filler has 0 polygons
2026-04-18 14:45:49 +0200: Memory Usage (443396K) : siwg_nofill has 0 polygons
2026-04-18 14:45:49 +0200: Memory Usage (443396K) : sigrating_drw has 0 polygons
2026-04-18 14:45:49 +0200: Memory Usage (443396K) : singrating_drw has 0 polygons
2026-04-18 14:45:49 +0200: Memory Usage (443396K) : graphpas_drw has 0 polygons
2026-04-18 14:45:49 +0200: Memory Usage (443396K) : emwind3_drw has 0 polygons
2026-04-18 14:45:49 +0200: Memory Usage (443660K) : emwihv3_drw has 0 polygons
2026-04-18 14:45:49 +0200: Memory Usage (443660K) : redbulay_drw has 0 polygons
2026-04-18 14:45:49 +0200: Memory Usage (443660K) : smos_drw has 0 polygons
2026-04-18 14:45:49 +0200: Memory Usage (443924K) : graphpad_drw has 0 polygons
2026-04-18 14:45:49 +0200: Memory Usage (443924K) : polimide_drw has 0 polygons
2026-04-18 14:45:49 +0200: Memory Usage (443924K) : polimide_pin has 0 polygons
2026-04-18 14:45:49 +0200: Memory Usage (443924K) : recog_drw has 0 polygons
2026-04-18 14:45:49 +0200: Memory Usage (444188K) : recog_pin has 0 polygons
2026-04-18 14:45:49 +0200: Memory Usage (444188K) : recog_esd has 0 polygons
2026-04-18 14:45:49 +0200: Memory Usage (444188K) : recog_diode has 0 polygons
2026-04-18 14:45:49 +0200: Memory Usage (444188K) : recog_tsv has 0 polygons
2026-04-18 14:45:49 +0200: Memory Usage (444188K) : recog_iprobe has 0 polygons
2026-04-18 14:45:49 +0200: Memory Usage (444452K) : recog_diffprb has 0 polygons
2026-04-18 14:45:49 +0200: Memory Usage (444452K) : recog_pillar has 0 polygons
2026-04-18 14:45:49 +0200: Memory Usage (444452K) : recog_sbump has 0 polygons
2026-04-18 14:45:49 +0200: Memory Usage (444716K) : recog_otp has 0 polygons
2026-04-18 14:45:49 +0200: Memory Usage (444716K) : recog_pdiode has 0 polygons
2026-04-18 14:45:49 +0200: Memory Usage (444716K) : recog_mom has 0 polygons
2026-04-18 14:45:49 +0200: Memory Usage (444716K) : recog_pcm has 0 polygons
2026-04-18 14:45:49 +0200: Memory Usage (444980K) : colopen_drw has 0 polygons
2026-04-18 14:45:49 +0200: Memory Usage (444980K) : graphmetal1_drw has 0 polygons
2026-04-18 14:45:49 +0200: Memory Usage (444980K) : graphmetal1_filler has 0 polygons
2026-04-18 14:45:49 +0200: Memory Usage (444980K) : graphmetal1_nofill has 0 polygons
2026-04-18 14:45:49 +0200: Memory Usage (444980K) : graphmetal1_slit has 0 polygons
2026-04-18 14:45:49 +0200: Memory Usage (445244K) : graphmetal1_OPC has 0 polygons
2026-04-18 14:45:49 +0200: Memory Usage (445244K) : graphmet1l_drw has 0 polygons
2026-04-18 14:45:49 +0200: Memory Usage (445244K) : graphmet1l_filler has 0 polygons
2026-04-18 14:45:49 +0200: Memory Usage (445508K) : graphmet1l_nofill has 0 polygons
2026-04-18 14:45:49 +0200: Memory Usage (445508K) : graphmet1l_slit has 0 polygons
2026-04-18 14:45:49 +0200: Memory Usage (445508K) : graphmet1l_OPC has 0 polygons
2026-04-18 14:45:49 +0200: Memory Usage (445508K) : extblock_drw has 60 polygons
2026-04-18 14:45:49 +0200: Memory Usage (445508K) : nldd_drw has 0 polygons
2026-04-18 14:45:49 +0200: Memory Usage (445508K) : pldd_drw has 0 polygons
2026-04-18 14:45:49 +0200: Memory Usage (445508K) : next_drw has 0 polygons
2026-04-18 14:45:49 +0200: Memory Usage (445508K) : pext_drw has 0 polygons
2026-04-18 14:45:49 +0200: Memory Usage (445772K) : nexthv_drw has 0 polygons
2026-04-18 14:45:49 +0200: Memory Usage (445772K) : pexthv_drw has 0 polygons
2026-04-18 14:45:49 +0200: Memory Usage (445772K) : graphgate_drw has 0 polygons
2026-04-18 14:45:49 +0200: Memory Usage (445772K) : sinwg_drw has 0 polygons
2026-04-18 14:45:49 +0200: Memory Usage (446036K) : sinwg_filler has 0 polygons
2026-04-18 14:45:49 +0200: Memory Usage (446036K) : sinwg_nofill has 0 polygons
2026-04-18 14:45:49 +0200: Memory Usage (446036K) : mempad_drw has 0 polygons
2026-04-18 14:45:49 +0200: Memory Usage (446036K) : topvia1_drw has 1828 polygons
2026-04-18 14:45:49 +0200: Memory Usage (446300K) : topmetal1_drw has 50 polygons
2026-04-18 14:45:49 +0200: Memory Usage (446300K) : topmetal1_filler has 0 polygons
2026-04-18 14:45:49 +0200: Memory Usage (446300K) : topmetal1_slit has 0 polygons
2026-04-18 14:45:49 +0200: Memory Usage (446564K) : topmetal1 has 50 polygons
2026-04-18 14:45:49 +0200: Memory Usage (446564K) : topmetal1_pin has 0 polygons
2026-04-18 14:45:49 +0200: Memory Usage (446564K) : topmetal1_mask has 0 polygons
2026-04-18 14:45:49 +0200: Memory Usage (446564K) : topmetal1_nofill has 0 polygons
2026-04-18 14:45:49 +0200: Memory Usage (446828K) : topmetal1_text has 0 polygons
2026-04-18 14:45:49 +0200: Memory Usage (446828K) : topmetal1_noqrc has 0 polygons
2026-04-18 14:45:49 +0200: Memory Usage (446828K) : topmetal1_res has 0 polygons
2026-04-18 14:45:49 +0200: Memory Usage (446828K) : topmetal1_iprobe has 0 polygons
2026-04-18 14:45:49 +0200: Memory Usage (447092K) : topmetal1_diffprb has 0 polygons
2026-04-18 14:45:49 +0200: Memory Usage (447092K) : inldpwl_drw has 0 polygons
2026-04-18 14:45:49 +0200: Memory Usage (447092K) : polyres_drw has 20 polygons
2026-04-18 14:45:49 +0200: Memory Usage (447092K) : polyres_pin has 0 polygons
2026-04-18 14:45:49 +0200: Memory Usage (447092K) : vmim_drw has 23888 polygons
2026-04-18 14:45:49 +0200: Memory Usage (447356K) : nbulaycut_drw has 0 polygons
2026-04-18 14:45:49 +0200: Memory Usage (447356K) : antmetal1_drw has 0 polygons
2026-04-18 14:45:49 +0200: Memory Usage (447356K) : topvia2_drw has 0 polygons
2026-04-18 14:45:49 +0200: Memory Usage (447620K) : topmetal2_drw has 0 polygons
2026-04-18 14:45:49 +0200: Memory Usage (447620K) : topmetal2_filler has 0 polygons
2026-04-18 14:45:49 +0200: Memory Usage (447620K) : topmetal2_slit has 0 polygons
2026-04-18 14:45:49 +0200: Memory Usage (447884K) : topmetal2 has 0 polygons
2026-04-18 14:45:49 +0200: Memory Usage (447884K) : topmetal2_pin has 0 polygons
2026-04-18 14:45:49 +0200: Memory Usage (447884K) : topmetal2_mask has 0 polygons
2026-04-18 14:45:49 +0200: Memory Usage (447884K) : topmetal2_nofill has 0 polygons
2026-04-18 14:45:49 +0200: Memory Usage (447884K) : topmetal2_text has 0 polygons
2026-04-18 14:45:49 +0200: Memory Usage (447884K) : topmetal2_noqrc has 0 polygons
2026-04-18 14:45:49 +0200: Memory Usage (447884K) : topmetal2_res has 0 polygons
2026-04-18 14:45:49 +0200: Memory Usage (447884K) : topmetal2_iprobe has 0 polygons
2026-04-18 14:45:49 +0200: Memory Usage (447884K) : topmetal2_diffprb has 0 polygons
2026-04-18 14:45:49 +0200: Memory Usage (447884K) : snsring_drw has 0 polygons
2026-04-18 14:45:49 +0200: Memory Usage (447884K) : sensor_drw has 0 polygons
2026-04-18 14:45:49 +0200: Memory Usage (447884K) : snsarms_drw has 0 polygons
2026-04-18 14:45:49 +0200: Memory Usage (447884K) : snscmosvia_drw has 0 polygons
2026-04-18 14:45:49 +0200: Memory Usage (447884K) : colwind_drw has 0 polygons
2026-04-18 14:45:49 +0200: Memory Usage (447884K) : flm_drw has 0 polygons
2026-04-18 14:45:49 +0200: Memory Usage (447884K) : hafniumox_drw has 0 polygons
2026-04-18 14:45:49 +0200: Memory Usage (447884K) : memvia_drw has 0 polygons
2026-04-18 14:45:49 +0200: Memory Usage (447884K) : thinfilmres_drw has 0 polygons
2026-04-18 14:45:49 +0200: Memory Usage (447884K) : rfmem_drw has 0 polygons
2026-04-18 14:45:49 +0200: Memory Usage (447884K) : norcx_drw has 0 polygons
2026-04-18 14:45:49 +0200: Memory Usage (447884K) : norcx_m2m3 has 0 polygons
2026-04-18 14:45:49 +0200: Memory Usage (447884K) : norcx_m2m4 has 0 polygons
2026-04-18 14:45:49 +0200: Memory Usage (447884K) : norcx_m2m5 has 0 polygons
2026-04-18 14:45:49 +0200: Memory Usage (447884K) : norcx_m2tm1 has 0 polygons
2026-04-18 14:45:49 +0200: Memory Usage (447884K) : norcx_m2tm2 has 0 polygons
2026-04-18 14:45:49 +0200: Memory Usage (447884K) : norcx_m3m4 has 0 polygons
2026-04-18 14:45:49 +0200: Memory Usage (447884K) : norcx_m3m5 has 0 polygons
2026-04-18 14:45:49 +0200: Memory Usage (447884K) : norcx_m3tm1 has 0 polygons
2026-04-18 14:45:49 +0200: Memory Usage (447884K) : norcx_m3tm2 has 0 polygons
2026-04-18 14:45:49 +0200: Memory Usage (447884K) : norcx_m4m5 has 0 polygons
2026-04-18 14:45:49 +0200: Memory Usage (447884K) : norcx_m4tm1 has 0 polygons
2026-04-18 14:45:49 +0200: Memory Usage (447884K) : norcx_m4tm2 has 0 polygons
2026-04-18 14:45:49 +0200: Memory Usage (447884K) : norcx_m5tm1 has 0 polygons
2026-04-18 14:45:49 +0200: Memory Usage (447884K) : norcx_m5tm2 has 0 polygons
2026-04-18 14:45:49 +0200: Memory Usage (447884K) : norcx_tm1tm2 has 0 polygons
2026-04-18 14:45:49 +0200: Memory Usage (447884K) : norcx_m1sub has 0 polygons
2026-04-18 14:45:49 +0200: Memory Usage (447884K) : norcx_m2sub has 0 polygons
2026-04-18 14:45:49 +0200: Memory Usage (447884K) : norcx_m3sub has 0 polygons
2026-04-18 14:45:49 +0200: Memory Usage (447884K) : norcx_m4sub has 0 polygons
2026-04-18 14:45:49 +0200: Memory Usage (447884K) : norcx_m5sub has 0 polygons
2026-04-18 14:45:49 +0200: Memory Usage (447884K) : norcx_tm1sub has 0 polygons
2026-04-18 14:45:49 +0200: Memory Usage (447884K) : norcx_tm2sub has 0 polygons
2026-04-18 14:45:49 +0200: Memory Usage (447884K) : snsbotvia_drw has 0 polygons
2026-04-18 14:45:49 +0200: Memory Usage (447884K) : snstopvia_drw has 0 polygons
2026-04-18 14:45:49 +0200: Memory Usage (447884K) : deepvia_drw has 0 polygons
2026-04-18 14:45:49 +0200: Memory Usage (447884K) : fgetch_drw has 0 polygons
2026-04-18 14:45:49 +0200: Memory Usage (447884K) : ctrgat_drw has 0 polygons
2026-04-18 14:45:49 +0200: Memory Usage (447884K) : fgimp_drw has 0 polygons
2026-04-18 14:45:49 +0200: Memory Usage (447884K) : emwihv_drw has 0 polygons
2026-04-18 14:45:49 +0200: Memory Usage (447884K) : lbe_drw has 0 polygons
2026-04-18 14:45:49 +0200: Memory Usage (447884K) : alcustop_drw has 0 polygons
2026-04-18 14:45:49 +0200: Memory Usage (447884K) : nometfiller_drw has 0 polygons
2026-04-18 14:45:49 +0200: Memory Usage (447884K) : prboundary_drw has 0 polygons
2026-04-18 14:45:49 +0200: Memory Usage (447884K) : exchange0_drw has 0 polygons
2026-04-18 14:45:49 +0200: Memory Usage (447884K) : exchange0_pin has 0 polygons
2026-04-18 14:45:49 +0200: Memory Usage (447884K) : exchange0_text has 0 polygons
2026-04-18 14:45:49 +0200: Memory Usage (447884K) : exchange1_drw has 0 polygons
2026-04-18 14:45:49 +0200: Memory Usage (447884K) : exchange1_pin has 0 polygons
2026-04-18 14:45:49 +0200: Memory Usage (447884K) : exchange1_text has 0 polygons
2026-04-18 14:45:49 +0200: Memory Usage (447884K) : exchange2_drw has 0 polygons
2026-04-18 14:45:49 +0200: Memory Usage (447884K) : exchange2_pin has 0 polygons
2026-04-18 14:45:49 +0200: Memory Usage (447884K) : exchange2_text has 0 polygons
2026-04-18 14:45:49 +0200: Memory Usage (447884K) : exchange3_drw has 0 polygons
2026-04-18 14:45:49 +0200: Memory Usage (447884K) : exchange3_pin has 0 polygons
2026-04-18 14:45:49 +0200: Memory Usage (447884K) : exchange3_text has 0 polygons
2026-04-18 14:45:49 +0200: Memory Usage (447884K) : exchange4_drw has 0 polygons
2026-04-18 14:45:49 +0200: Memory Usage (447884K) : exchange4_pin has 0 polygons
2026-04-18 14:45:49 +0200: Memory Usage (447884K) : exchange4_text has 0 polygons
2026-04-18 14:45:49 +0200: Memory Usage (447884K) : isonwell_drw has 0 polygons
2026-04-18 14:45:49 +0200: Memory Usage (447884K) : Total no. of polygons in the design is 60772
2026-04-18 14:45:49 +0200: Memory Usage (447884K) : Starting base layers derivations
2026-04-18 14:45:49 +0200: Memory Usage (447884K) : Starting general LVS derivations
2026-04-18 14:45:49 +0200: Memory Usage (452572K) : Starting MOSFET DERIVATIONS
2026-04-18 14:45:49 +0200: Memory Usage (452948K) : Starting NMOS DERIVATIONS
2026-04-18 14:45:49 +0200: Memory Usage (452948K) : Starting PMOS DERIVATIONS
2026-04-18 14:45:49 +0200: Memory Usage (452948K) : Starting RF-MOSFET DERIVATIONS
2026-04-18 14:45:49 +0200: Memory Usage (452948K) : Starting RF-NMOS DERIVATIONS
2026-04-18 14:45:49 +0200: Memory Usage (452948K) : Starting RF-PMOS DERIVATIONS
2026-04-18 14:45:49 +0200: Memory Usage (452948K) : Starting BJT DERIVATIONS
2026-04-18 14:45:49 +0200: Memory Usage (452948K) : Starting NPN-BJT DERIVATIONS
2026-04-18 14:45:49 +0200: Memory Usage (452948K) : Starting PNP-BJT DERIVATIONS
2026-04-18 14:45:49 +0200: Memory Usage (452948K) : Starting DIODE DERIVATIONS
2026-04-18 14:45:50 +0200: Memory Usage (452984K) : Starting RESISTOR DERIVATIONS
2026-04-18 14:45:50 +0200: Memory Usage (452984K) : Starting CAP DERIVATIONS
2026-04-18 14:45:50 +0200: Memory Usage (453220K) : Starting ESD DERIVATIONS
2026-04-18 14:45:50 +0200: Memory Usage (453220K) : Starting Inductor DERIVATIONS
2026-04-18 14:45:50 +0200: Memory Usage (453220K) : Starting Taps DERIVATIONS
2026-04-18 14:45:51 +0200: Memory Usage (453220K) : Starting SG13G2 LVS connectivity setup
2026-04-18 14:45:51 +0200: Memory Usage (453220K) : Starting SG13G2 LVS connectivity setup (Inter-layer)
2026-04-18 14:45:51 +0200: Memory Usage (453220K) : Starting SG13G2 LVS connectivity setup (Global)
2026-04-18 14:45:51 +0200: Memory Usage (453220K) : Starting LVS MOSFET CONNECTIONS
2026-04-18 14:45:51 +0200: Memory Usage (453220K) : Starting LVS RF-MOSFET CONNECTIONS
2026-04-18 14:45:51 +0200: Memory Usage (453220K) : Starting LVS BJT CONNECTIONS
2026-04-18 14:45:51 +0200: Memory Usage (453220K) : Starting LVS DIODE CONNECTIONS
2026-04-18 14:45:51 +0200: Memory Usage (453220K) : Starting RESISTOR CONNECTIONS
2026-04-18 14:45:51 +0200: Memory Usage (453220K) : Starting LVS CAP CONNECTIONS
2026-04-18 14:45:51 +0200: Memory Usage (453220K) : Starting ESD CONNECTIONS
2026-04-18 14:45:51 +0200: Memory Usage (453220K) : Starting Inductor CONNECTIONS
2026-04-18 14:45:51 +0200: Memory Usage (453220K) : Starting LVS Taps CONNECTIONS
2026-04-18 14:45:51 +0200: Memory Usage (453220K) : Starting SG13G2 LVS DEVICES EXTRACTION
2026-04-18 14:45:51 +0200: Memory Usage (453220K) : Starting MOSFET EXTRACTION
2026-04-18 14:45:51 +0200: Memory Usage (453220K) : Starting NMOS EXTRACTION
2026-04-18 14:45:51 +0200: Memory Usage (453220K) : Extraction of NMOS-LV transistor
2026-04-18 14:45:51 +0200: Memory Usage (453220K) : Extraction of NMOS-HV transistor
2026-04-18 14:45:51 +0200: Memory Usage (453220K) : Starting PMOS EXTRACTION
2026-04-18 14:45:51 +0200: Memory Usage (453220K) : Extraction of PMOS-LV transistor
2026-04-18 14:45:51 +0200: Memory Usage (453220K) : Extraction of PMOS-HV transistor
2026-04-18 14:45:51 +0200: Memory Usage (453220K) : Starting RF-MOSFET EXTRACTION
2026-04-18 14:45:51 +0200: Memory Usage (453220K) : Extraction of RF-NMOS-LV transistor
2026-04-18 14:45:51 +0200: Memory Usage (453220K) : Extraction of RF-NMOS-HV transistor
2026-04-18 14:45:51 +0200: Memory Usage (453220K) : Extraction of RF-PMOS-LV transistor
2026-04-18 14:45:51 +0200: Memory Usage (453220K) : Extraction of RF-PMOS-HV transistor
2026-04-18 14:45:51 +0200: Memory Usage (453220K) : Starting BJT EXTRACTION
2026-04-18 14:45:51 +0200: Memory Usage (453220K) : Starting NPN-BJT EXTRACTION
2026-04-18 14:45:51 +0200: Memory Usage (453220K) : Extraction of npn13G2 BJT transistor
2026-04-18 14:45:51 +0200: Memory Usage (453220K) : Extraction of npn13G2L BJT transistor
2026-04-18 14:45:51 +0200: Memory Usage (453220K) : Extraction of npn13G2V BJT transistor
2026-04-18 14:45:51 +0200: Memory Usage (453220K) : Starting PNP-BJT EXTRACTION
2026-04-18 14:45:51 +0200: Memory Usage (453220K) : Extracting pnpMPA BJT
2026-04-18 14:45:51 +0200: Memory Usage (453220K) : Starting DIODE EXTRACTION
2026-04-18 14:45:51 +0200: Memory Usage (453220K) : Extracting dantenna diode
2026-04-18 14:45:51 +0200: Memory Usage (453220K) : Extracting dpantenna diode
2026-04-18 14:45:51 +0200: Memory Usage (453220K) : Extracting schottky_nbl1 diode
2026-04-18 14:45:51 +0200: Memory Usage (453220K) : Extracting isolbox diode
2026-04-18 14:45:51 +0200: Memory Usage (453220K) : Starting RESISTOR EXTRACTION
2026-04-18 14:45:51 +0200: Memory Usage (453220K) : Extracting rsil resistor
2026-04-18 14:45:51 +0200: Memory Usage (453220K) : Extracting rppd resistor
2026-04-18 14:45:51 +0200: Memory Usage (453220K) : Extracting rhigh resistor
2026-04-18 14:45:51 +0200: Memory Usage (453220K) : Extracting res_metal1 resistor
2026-04-18 14:45:51 +0200: Memory Usage (453220K) : Extracting res_metal2 resistor
2026-04-18 14:45:51 +0200: Memory Usage (453220K) : Extracting res_metal3 resistor
2026-04-18 14:45:51 +0200: Memory Usage (453220K) : Extracting res_metal4 resistor
2026-04-18 14:45:51 +0200: Memory Usage (453220K) : Extracting res_metal5 resistor
2026-04-18 14:45:51 +0200: Memory Usage (453220K) : Extracting res_topmetal1 resistor
2026-04-18 14:45:51 +0200: Memory Usage (453220K) : Extracting res_topmetal2 resistor
2026-04-18 14:45:51 +0200: Memory Usage (453220K) : Starting CAP EXTRACTION
2026-04-18 14:45:51 +0200: Memory Usage (453220K) : Extracting cap_cmim device
2026-04-18 14:45:51 +0200: Memory Usage (453220K) : Extracting rfcmim device
2026-04-18 14:45:51 +0200: Memory Usage (453220K) : Extracting sg13_hv_svaricap varactor
2026-04-18 14:45:51 +0200: Memory Usage (453220K) : Starting ESD EXTRACTION
2026-04-18 14:45:51 +0200: Memory Usage (453220K) : Extracting diodevdd_2kv ESD device
2026-04-18 14:45:51 +0200: Memory Usage (453220K) : Extracting diodevdd_4kv ESD device
2026-04-18 14:45:51 +0200: Memory Usage (453220K) : Extracting diodevss_2kv ESD device
2026-04-18 14:45:51 +0200: Memory Usage (453220K) : Extracting diodevss_4kv ESD device
2026-04-18 14:45:51 +0200: Memory Usage (453220K) : Extracting idiodevdd_2kv ESD device
2026-04-18 14:45:51 +0200: Memory Usage (453220K) : Extracting idiodevdd_4kv ESD device
2026-04-18 14:45:51 +0200: Memory Usage (453220K) : Extracting idiodevss_2kv ESD device
2026-04-18 14:45:51 +0200: Memory Usage (453220K) : Extracting idiodevss_4kv ESD device
2026-04-18 14:45:51 +0200: Memory Usage (453220K) : Extracting nmoscl_2 ESD device
2026-04-18 14:45:51 +0200: Memory Usage (453220K) : Extracting nmoscl_4 ESD device
2026-04-18 14:45:51 +0200: Memory Usage (453220K) : Starting Inductor EXTRACTION
2026-04-18 14:45:51 +0200: Memory Usage (453220K) : Extracting Inductor2 device
2026-04-18 14:45:51 +0200: Memory Usage (453220K) : Extracting Inductor3 device
2026-04-18 14:45:51 +0200: Memory Usage (453220K) : Starting Taps EXTRACTION
2026-04-18 14:45:51 +0200: Memory Usage (453220K) : Extracting ntap1 device
2026-04-18 14:45:51 +0200: Memory Usage (453220K) : Extracting ptap1 device
2026-04-18 14:45:51 +0200: Memory Usage (453220K) : Starting SG13G2 LVS RF MOS Model Mapping
2026-04-18 14:45:51 +0200: Memory Usage (453220K) : [layout_netlist] Apply RF MOS model mapping and rfmode parameter.
2026-04-18 14:45:51 +0200: Memory Usage (453220K) : Starting SG13G2 LVS Options Preparations
2026-04-18 14:45:51 +0200: Memory Usage (453220K) : SG13G2 LVS flow: extraction -> alignment -> option preparation -> comparison.
2026-04-18 14:45:51 +0200: Memory Usage (453220K) : Starting SG13G2 LVS Alignment
2026-04-18 14:45:51 +0200: Memory Usage (453220K) : Starting SG13G2 LVS Simplification
2026-04-18 14:45:51 +0200: Memory Usage (453220K) : [layout_netlist] simplify: ENABLED
2026-04-18 14:45:51 +0200: Memory Usage (453220K) : [layout_netlist] make_top_level_pins: SKIPPED
2026-04-18 14:45:51 +0200: Memory Usage (453220K) : [layout_netlist] combine_devices: SKIPPED
2026-04-18 14:45:51 +0200: Memory Usage (453220K) : [layout_netlist] purge: SKIPPED
2026-04-18 14:45:51 +0200: Memory Usage (453220K) : [layout_netlist] purge_nets: SKIPPED
2026-04-18 14:45:51 +0200: Memory Usage (453220K) : [schematic_netlist] simplify: ENABLED
2026-04-18 14:45:51 +0200: Memory Usage (453220K) : [schematic_netlist] make_top_level_pins: SKIPPED
2026-04-18 14:45:51 +0200: Memory Usage (453220K) : [schematic_netlist] combine_devices: SKIPPED
2026-04-18 14:45:51 +0200: Memory Usage (453220K) : [schematic_netlist] purge: SKIPPED
2026-04-18 14:45:51 +0200: Memory Usage (453220K) : [schematic_netlist] purge_nets: SKIPPED
2026-04-18 14:45:51 +0200: Memory Usage (453220K) : Starting SG13G2 LVS Comparison
2026-04-18 14:45:51 +0200: Memory Usage (453220K) : ==========================================
2026-04-18 14:45:51 +0200: Memory Usage (453220K) : INFO : Congratulations! Netlists match.
2026-04-18 14:45:51 +0200: Memory Usage (453220K) : ==========================================
2026-04-18 14:45:51 +0200: Memory Usage (453220K) : LVS Total Run time 2.896746 seconds
