# Logfile created on 2026-04-18 15:03:27 +0200 by logger.rb/v1.4.3
2026-04-18 15:03:27 +0200: Memory Usage (430252K) : Starting running IHP-SG13G2 KLayout DRC runset on /home/designer/shared/LC_VCO_FPLL/gds/blocks/BANDGAP_REF.gds
2026-04-18 15:03:27 +0200: Memory Usage (430252K) : Ruby Version for klayout: 3.0.2
2026-04-18 15:03:27 +0200: Memory Usage (431368K) : Loading database to memory is complete.
2026-04-18 15:03:27 +0200: Memory Usage (431368K) : IHP-SG13G2 KLayout DRC runset output at: /home/designer/shared/LC_VCO_FPLL/drc/drc_run_BANDGAP_REF/BANDGAP_REF_BANDGAP_REF_main.lyrdb
2026-04-18 15:03:27 +0200: Memory Usage (431368K) : Evaluate switches.
2026-04-18 15:03:27 +0200: Memory Usage (431368K) : tables selected: main
2026-04-18 15:03:27 +0200: Memory Usage (431368K) : KLayout will use 1 thread(s) in tiling mode.
2026-04-18 15:03:27 +0200: Memory Usage (431368K) : deep mode is enabled.
2026-04-18 15:03:27 +0200: Memory Usage (431368K) : FEOL enabled: true
2026-04-18 15:03:27 +0200: Memory Usage (431368K) : BEOL enabled: true
2026-04-18 15:03:27 +0200: Memory Usage (431368K) : OFFGRID enabled: true
2026-04-18 15:03:27 +0200: Memory Usage (431368K) : ANGLE enabled: true
2026-04-18 15:03:27 +0200: Memory Usage (431368K) : PIN enabled: true
2026-04-18 15:03:27 +0200: Memory Usage (431368K) : FORBIDDEN enabled: true
2026-04-18 15:03:27 +0200: Memory Usage (431368K) : RECOMMENDED enabled: true
2026-04-18 15:03:27 +0200: Memory Usage (431368K) : PreCheck DRC enabled: false
2026-04-18 15:03:27 +0200: Memory Usage (431368K) : CONNECTIVITY_RULES enabled: true.
2026-04-18 15:03:27 +0200: Memory Usage (431368K) : Read in polygons from layers.
2026-04-18 15:03:27 +0200: Memory Usage (432616K) : activ_drw has 60 polygons
2026-04-18 15:03:27 +0200: Memory Usage (432616K) : activ_pin has 0 polygons
2026-04-18 15:03:27 +0200: Memory Usage (432616K) : activ_mask has 0 polygons
2026-04-18 15:03:27 +0200: Memory Usage (432616K) : activ_filler has 0 polygons
2026-04-18 15:03:27 +0200: Memory Usage (432616K) : activ_nofill has 0 polygons
2026-04-18 15:03:27 +0200: Memory Usage (432616K) : activ_opc has 0 polygons
2026-04-18 15:03:27 +0200: Memory Usage (432616K) : activ_iopc has 0 polygons
2026-04-18 15:03:27 +0200: Memory Usage (433816K) : activ_noqrc has 0 polygons
2026-04-18 15:03:27 +0200: Memory Usage (433816K) : biwind_drw has 0 polygons
2026-04-18 15:03:27 +0200: Memory Usage (433816K) : biwind_opc has 0 polygons
2026-04-18 15:03:27 +0200: Memory Usage (433816K) : pemwind_drw has 0 polygons
2026-04-18 15:03:27 +0200: Memory Usage (433816K) : gatpoly_drw has 90 polygons
2026-04-18 15:03:27 +0200: Memory Usage (433816K) : gatpoly_pin has 48 polygons
2026-04-18 15:03:27 +0200: Memory Usage (434136K) : gatpoly_filler has 0 polygons
2026-04-18 15:03:27 +0200: Memory Usage (434136K) : gatpoly_nofill has 0 polygons
2026-04-18 15:03:27 +0200: Memory Usage (434136K) : gatpoly_opc has 0 polygons
2026-04-18 15:03:27 +0200: Memory Usage (434136K) : gatpoly_iopc has 0 polygons
2026-04-18 15:03:27 +0200: Memory Usage (434136K) : gatpoly_noqrc has 0 polygons
2026-04-18 15:03:27 +0200: Memory Usage (434136K) : cont_drw has 5076 polygons
2026-04-18 15:03:27 +0200: Memory Usage (434460K) : cont_opc has 0 polygons
2026-04-18 15:03:27 +0200: Memory Usage (434460K) : nsd_drw has 0 polygons
2026-04-18 15:03:27 +0200: Memory Usage (434460K) : nsd_block has 0 polygons
2026-04-18 15:03:27 +0200: Memory Usage (434460K) : metal1_drw has 247 polygons
2026-04-18 15:03:27 +0200: Memory Usage (434904K) : metal1_pin has 99 polygons
2026-04-18 15:03:27 +0200: Memory Usage (434904K) : metal1_mask has 0 polygons
2026-04-18 15:03:27 +0200: Memory Usage (434904K) : metal1_filler has 0 polygons
2026-04-18 15:03:27 +0200: Memory Usage (434904K) : metal1_nofill has 0 polygons
2026-04-18 15:03:27 +0200: Memory Usage (434904K) : metal1_slit has 0 polygons
2026-04-18 15:03:27 +0200: Memory Usage (434904K) : metal1_text has 0 polygons
2026-04-18 15:03:27 +0200: Memory Usage (434904K) : metal1_opc has 0 polygons
2026-04-18 15:03:27 +0200: Memory Usage (435228K) : metal1_noqrc has 0 polygons
2026-04-18 15:03:27 +0200: Memory Usage (435228K) : metal1_res has 0 polygons
2026-04-18 15:03:27 +0200: Memory Usage (435228K) : metal1_iprobe has 0 polygons
2026-04-18 15:03:27 +0200: Memory Usage (435228K) : metal1_diffprb has 0 polygons
2026-04-18 15:03:27 +0200: Memory Usage (435228K) : passiv_drw has 0 polygons
2026-04-18 15:03:27 +0200: Memory Usage (435228K) : passiv_pin has 0 polygons
2026-04-18 15:03:27 +0200: Memory Usage (435492K) : passiv_sbump has 0 polygons
2026-04-18 15:03:27 +0200: Memory Usage (435492K) : passiv_pillar has 0 polygons
2026-04-18 15:03:27 +0200: Memory Usage (435492K) : passiv_pdl has 0 polygons
2026-04-18 15:03:27 +0200: Memory Usage (435492K) : metal2_drw has 118 polygons
2026-04-18 15:03:27 +0200: Memory Usage (435492K) : metal2_pin has 0 polygons
2026-04-18 15:03:27 +0200: Memory Usage (435756K) : metal2_mask has 0 polygons
2026-04-18 15:03:27 +0200: Memory Usage (435756K) : metal2_filler has 0 polygons
2026-04-18 15:03:27 +0200: Memory Usage (435756K) : metal2_nofill has 0 polygons
2026-04-18 15:03:27 +0200: Memory Usage (435756K) : metal2_slit has 0 polygons
2026-04-18 15:03:27 +0200: Memory Usage (435756K) : metal2_text has 0 polygons
2026-04-18 15:03:27 +0200: Memory Usage (436020K) : metal2_opc has 0 polygons
2026-04-18 15:03:27 +0200: Memory Usage (436020K) : metal2_noqrc has 0 polygons
2026-04-18 15:03:27 +0200: Memory Usage (436020K) : metal2_res has 0 polygons
2026-04-18 15:03:27 +0200: Memory Usage (436020K) : metal2_iprobe has 0 polygons
2026-04-18 15:03:27 +0200: Memory Usage (436020K) : metal2_diffprb has 0 polygons
2026-04-18 15:03:27 +0200: Memory Usage (436020K) : baspoly_drw has 0 polygons
2026-04-18 15:03:27 +0200: Memory Usage (436284K) : baspoly_pin has 0 polygons
2026-04-18 15:03:27 +0200: Memory Usage (436284K) : psd_drw has 47 polygons
2026-04-18 15:03:27 +0200: Memory Usage (436284K) : nldb_drw has 0 polygons
2026-04-18 15:03:27 +0200: Memory Usage (436284K) : digibnd_drw has 0 polygons
2026-04-18 15:03:27 +0200: Memory Usage (436548K) : via1_drw has 12013 polygons
2026-04-18 15:03:27 +0200: Memory Usage (436548K) : backmetal1_drw has 0 polygons
2026-04-18 15:03:27 +0200: Memory Usage (436812K) : backmetal1_pin has 0 polygons
2026-04-18 15:03:27 +0200: Memory Usage (436812K) : backmetal1_mask has 0 polygons
2026-04-18 15:03:27 +0200: Memory Usage (436812K) : backmetal1_filler has 0 polygons
2026-04-18 15:03:27 +0200: Memory Usage (436812K) : backmetal1_nofill has 0 polygons
2026-04-18 15:03:27 +0200: Memory Usage (436812K) : backmetal1_slit has 0 polygons
2026-04-18 15:03:27 +0200: Memory Usage (436812K) : backmetal1_text has 0 polygons
2026-04-18 15:03:27 +0200: Memory Usage (437076K) : backmetal1_opc has 0 polygons
2026-04-18 15:03:27 +0200: Memory Usage (437076K) : backmetal1_noqrc has 0 polygons
2026-04-18 15:03:27 +0200: Memory Usage (437076K) : backmetal1_res has 0 polygons
2026-04-18 15:03:27 +0200: Memory Usage (437076K) : backmetal1_iprobe has 0 polygons
2026-04-18 15:03:27 +0200: Memory Usage (437076K) : backmetal1_diffprb has 0 polygons
2026-04-18 15:03:27 +0200: Memory Usage (437340K) : backpassiv_drw has 0 polygons
2026-04-18 15:03:27 +0200: Memory Usage (437340K) : res_drw has 0 polygons
2026-04-18 15:03:27 +0200: Memory Usage (437340K) : sram_drw has 0 polygons
2026-04-18 15:03:27 +0200: Memory Usage (437340K) : trans_drw has 0 polygons
2026-04-18 15:03:27 +0200: Memory Usage (437340K) : ind_drw has 0 polygons
2026-04-18 15:03:27 +0200: Memory Usage (437340K) : ind_pin has 0 polygons
2026-04-18 15:03:27 +0200: Memory Usage (437340K) : ind_text has 0 polygons
2026-04-18 15:03:27 +0200: Memory Usage (437604K) : salblock_drw has 18 polygons
2026-04-18 15:03:27 +0200: Memory Usage (437868K) : via2_drw has 10936 polygons
2026-04-18 15:03:27 +0200: Memory Usage (437868K) : metal3_drw has 117 polygons
2026-04-18 15:03:27 +0200: Memory Usage (437868K) : metal3_pin has 0 polygons
2026-04-18 15:03:27 +0200: Memory Usage (437868K) : metal3_mask has 0 polygons
2026-04-18 15:03:27 +0200: Memory Usage (438132K) : metal3_filler has 0 polygons
2026-04-18 15:03:27 +0200: Memory Usage (438132K) : metal3_nofill has 0 polygons
2026-04-18 15:03:27 +0200: Memory Usage (438132K) : metal3_slit has 0 polygons
2026-04-18 15:03:27 +0200: Memory Usage (438132K) : metal3_text has 0 polygons
2026-04-18 15:03:27 +0200: Memory Usage (438132K) : metal3_opc has 0 polygons
2026-04-18 15:03:27 +0200: Memory Usage (438132K) : metal3_noqrc has 0 polygons
2026-04-18 15:03:27 +0200: Memory Usage (438396K) : metal3_res has 0 polygons
2026-04-18 15:03:27 +0200: Memory Usage (438396K) : metal3_iprobe has 0 polygons
2026-04-18 15:03:27 +0200: Memory Usage (438396K) : metal3_diffprb has 0 polygons
2026-04-18 15:03:27 +0200: Memory Usage (438396K) : nwell_drw has 6 polygons
2026-04-18 15:03:27 +0200: Memory Usage (438396K) : nwell_pin has 0 polygons
2026-04-18 15:03:27 +0200: Memory Usage (438660K) : nbulay_drw has 16 polygons
2026-04-18 15:03:27 +0200: Memory Usage (438660K) : nbulay_pin has 0 polygons
2026-04-18 15:03:27 +0200: Memory Usage (438660K) : nbulay_block has 0 polygons
2026-04-18 15:03:27 +0200: Memory Usage (438660K) : emwind_drw has 0 polygons
2026-04-18 15:03:27 +0200: Memory Usage (438660K) : emwind_opc has 0 polygons
2026-04-18 15:03:27 +0200: Memory Usage (438660K) : deepco_drw has 0 polygons
2026-04-18 15:03:27 +0200: Memory Usage (438660K) : deepco_drw has 0 polygons
2026-04-18 15:03:27 +0200: Memory Usage (438924K) : mim_drw has 17 polygons
2026-04-18 15:03:27 +0200: Memory Usage (438924K) : edgeseal_drw has 0 polygons
2026-04-18 15:03:27 +0200: Memory Usage (438924K) : edgeseal_bound has 0 polygons
2026-04-18 15:03:27 +0200: Memory Usage (438924K) : substrate_drw has 49 polygons
2026-04-18 15:03:27 +0200: Memory Usage (438924K) : substrate_text has 0 polygons
2026-04-18 15:03:27 +0200: Memory Usage (439248K) : dfpad_drw has 0 polygons
2026-04-18 15:03:27 +0200: Memory Usage (439248K) : dfpad_pillar has 0 polygons
2026-04-18 15:03:27 +0200: Memory Usage (439248K) : dfpad_sbump has 0 polygons
2026-04-18 15:03:27 +0200: Memory Usage (439248K) : thickgateox_drw has 0 polygons
2026-04-18 15:03:27 +0200: Memory Usage (439248K) : pldb_drw has 0 polygons
2026-04-18 15:03:27 +0200: Memory Usage (439512K) : pwell_drw has 0 polygons
2026-04-18 15:03:27 +0200: Memory Usage (439512K) : pwell_pin has 0 polygons
2026-04-18 15:03:27 +0200: Memory Usage (439512K) : pwell_block has 0 polygons
2026-04-18 15:03:27 +0200: Memory Usage (439512K) : ic_drw has 0 polygons
2026-04-18 15:03:27 +0200: Memory Usage (440040K) : via3_drw has 11361 polygons
2026-04-18 15:03:27 +0200: Memory Usage (440040K) : metal4_drw has 61 polygons
2026-04-18 15:03:27 +0200: Memory Usage (440040K) : metal4_pin has 1 polygons
2026-04-18 15:03:27 +0200: Memory Usage (440040K) : metal4_mask has 0 polygons
2026-04-18 15:03:27 +0200: Memory Usage (440040K) : metal4_filler has 0 polygons
2026-04-18 15:03:27 +0200: Memory Usage (440040K) : metal4_nofill has 0 polygons
2026-04-18 15:03:27 +0200: Memory Usage (440040K) : metal4_slit has 0 polygons
2026-04-18 15:03:27 +0200: Memory Usage (440040K) : metal4_text has 1 polygons
2026-04-18 15:03:27 +0200: Memory Usage (440364K) : metal4_opc has 0 polygons
2026-04-18 15:03:27 +0200: Memory Usage (440364K) : metal4_noqrc has 0 polygons
2026-04-18 15:03:27 +0200: Memory Usage (440364K) : metal4_res has 0 polygons
2026-04-18 15:03:27 +0200: Memory Usage (440364K) : metal4_iprobe has 0 polygons
2026-04-18 15:03:27 +0200: Memory Usage (440364K) : metal4_diffprb has 0 polygons
2026-04-18 15:03:27 +0200: Memory Usage (440628K) : heattrans_drw has 83 polygons
2026-04-18 15:03:27 +0200: Memory Usage (440628K) : heatres_drw has 18 polygons
2026-04-18 15:03:27 +0200: Memory Usage (440628K) : pempoly_drw has 0 polygons
2026-04-18 15:03:27 +0200: Memory Usage (440628K) : fbe_drw has 0 polygons
2026-04-18 15:03:27 +0200: Memory Usage (440628K) : empoly_drw has 0 polygons
2026-04-18 15:03:27 +0200: Memory Usage (440892K) : ldmos_drw has 0 polygons
2026-04-18 15:03:27 +0200: Memory Usage (440892K) : pbiwind_drw has 0 polygons
2026-04-18 15:03:27 +0200: Memory Usage (440892K) : digisub_drw has 0 polygons
2026-04-18 15:03:27 +0200: Memory Usage (440892K) : nodrc_drw has 0 polygons
2026-04-18 15:03:27 +0200: Memory Usage (440892K) : text_drw has 115 polygons
2026-04-18 15:03:27 +0200: Memory Usage (441420K) : via4_drw has 10591 polygons
2026-04-18 15:03:27 +0200: Memory Usage (441420K) : metal5_drw has 59 polygons
2026-04-18 15:03:27 +0200: Memory Usage (441420K) : metal5_pin has 17 polygons
2026-04-18 15:03:27 +0200: Memory Usage (441420K) : metal5_mask has 0 polygons
2026-04-18 15:03:27 +0200: Memory Usage (441420K) : metal5_filler has 0 polygons
2026-04-18 15:03:27 +0200: Memory Usage (441420K) : metal5_nofill has 0 polygons
2026-04-18 15:03:27 +0200: Memory Usage (441420K) : metal5_slit has 0 polygons
2026-04-18 15:03:27 +0200: Memory Usage (441684K) : metal5_text has 0 polygons
2026-04-18 15:03:27 +0200: Memory Usage (441684K) : metal5_opc has 0 polygons
2026-04-18 15:03:27 +0200: Memory Usage (441684K) : metal5_noqrc has 0 polygons
2026-04-18 15:03:27 +0200: Memory Usage (441684K) : metal5_res has 0 polygons
2026-04-18 15:03:27 +0200: Memory Usage (441684K) : metal5_iprobe has 0 polygons
2026-04-18 15:03:27 +0200: Memory Usage (441684K) : metal5_diffprb has 0 polygons
2026-04-18 15:03:27 +0200: Memory Usage (441684K) : radhard_drw has 0 polygons
2026-04-18 15:03:27 +0200: Memory Usage (441948K) : memcap_drw has 0 polygons
2026-04-18 15:03:27 +0200: Memory Usage (441948K) : varicap_drw has 0 polygons
2026-04-18 15:03:27 +0200: Memory Usage (441948K) : flash_drw has 0 polygons
2026-04-18 15:03:27 +0200: Memory Usage (441948K) : intbondvia_drw has 0 polygons
2026-04-18 15:03:27 +0200: Memory Usage (441948K) : intbondmet_drw has 0 polygons
2026-04-18 15:03:27 +0200: Memory Usage (442212K) : devbondvia_drw has 0 polygons
2026-04-18 15:03:27 +0200: Memory Usage (442212K) : devbondmet_drw has 0 polygons
2026-04-18 15:03:27 +0200: Memory Usage (442212K) : devtrench_drw has 0 polygons
2026-04-18 15:03:27 +0200: Memory Usage (442212K) : redist_drw has 0 polygons
2026-04-18 15:03:27 +0200: Memory Usage (442212K) : graphbot_drw has 0 polygons
2026-04-18 15:03:27 +0200: Memory Usage (442476K) : graphtop_drw has 0 polygons
2026-04-18 15:03:27 +0200: Memory Usage (442476K) : antvia1_drw has 0 polygons
2026-04-18 15:03:27 +0200: Memory Usage (442476K) : antmetal2_drw has 0 polygons
2026-04-18 15:03:27 +0200: Memory Usage (442476K) : graphcont_drw has 0 polygons
2026-04-18 15:03:27 +0200: Memory Usage (442476K) : siwg_drw has 0 polygons
2026-04-18 15:03:27 +0200: Memory Usage (442740K) : siwg_filler has 0 polygons
2026-04-18 15:03:27 +0200: Memory Usage (442740K) : siwg_nofill has 0 polygons
2026-04-18 15:03:27 +0200: Memory Usage (442740K) : sigrating_drw has 0 polygons
2026-04-18 15:03:27 +0200: Memory Usage (442740K) : singrating_drw has 0 polygons
2026-04-18 15:03:27 +0200: Memory Usage (442740K) : graphpas_drw has 0 polygons
2026-04-18 15:03:27 +0200: Memory Usage (443004K) : emwind3_drw has 0 polygons
2026-04-18 15:03:27 +0200: Memory Usage (443004K) : emwihv3_drw has 0 polygons
2026-04-18 15:03:27 +0200: Memory Usage (443004K) : redbulay_drw has 0 polygons
2026-04-18 15:03:27 +0200: Memory Usage (443004K) : smos_drw has 0 polygons
2026-04-18 15:03:27 +0200: Memory Usage (443004K) : graphpad_drw has 0 polygons
2026-04-18 15:03:27 +0200: Memory Usage (443268K) : polimide_drw has 0 polygons
2026-04-18 15:03:27 +0200: Memory Usage (443268K) : polimide_pin has 0 polygons
2026-04-18 15:03:27 +0200: Memory Usage (443268K) : recog_drw has 0 polygons
2026-04-18 15:03:27 +0200: Memory Usage (443268K) : recog_pin has 0 polygons
2026-04-18 15:03:27 +0200: Memory Usage (443268K) : recog_esd has 0 polygons
2026-04-18 15:03:27 +0200: Memory Usage (443532K) : recog_diode has 0 polygons
2026-04-18 15:03:27 +0200: Memory Usage (443532K) : recog_tsv has 0 polygons
2026-04-18 15:03:27 +0200: Memory Usage (443532K) : recog_iprobe has 0 polygons
2026-04-18 15:03:27 +0200: Memory Usage (443532K) : recog_diffprb has 0 polygons
2026-04-18 15:03:27 +0200: Memory Usage (443532K) : recog_pillar has 0 polygons
2026-04-18 15:03:27 +0200: Memory Usage (443796K) : recog_sbump has 0 polygons
2026-04-18 15:03:27 +0200: Memory Usage (443796K) : recog_otp has 0 polygons
2026-04-18 15:03:27 +0200: Memory Usage (443796K) : recog_pdiode has 0 polygons
2026-04-18 15:03:27 +0200: Memory Usage (443796K) : recog_mom has 0 polygons
2026-04-18 15:03:27 +0200: Memory Usage (443796K) : recog_pcm has 0 polygons
2026-04-18 15:03:27 +0200: Memory Usage (443796K) : colopen_drw has 0 polygons
2026-04-18 15:03:27 +0200: Memory Usage (444060K) : graphmetal1_drw has 0 polygons
2026-04-18 15:03:27 +0200: Memory Usage (444060K) : graphmetal1_filler has 0 polygons
2026-04-18 15:03:27 +0200: Memory Usage (444060K) : graphmetal1_nofill has 0 polygons
2026-04-18 15:03:27 +0200: Memory Usage (444060K) : graphmetal1_slit has 0 polygons
2026-04-18 15:03:27 +0200: Memory Usage (444324K) : graphmetal1_opc has 0 polygons
2026-04-18 15:03:27 +0200: Memory Usage (444324K) : graphmet1l_drw has 0 polygons
2026-04-18 15:03:27 +0200: Memory Usage (444324K) : graphmet1l_filler has 0 polygons
2026-04-18 15:03:27 +0200: Memory Usage (444324K) : graphmet1l_nofill has 0 polygons
2026-04-18 15:03:27 +0200: Memory Usage (444324K) : graphmet1l_slit has 0 polygons
2026-04-18 15:03:27 +0200: Memory Usage (444324K) : graphmet1l_opc has 0 polygons
2026-04-18 15:03:27 +0200: Memory Usage (444588K) : extblock_drw has 20 polygons
2026-04-18 15:03:27 +0200: Memory Usage (444588K) : nldd_drw has 0 polygons
2026-04-18 15:03:27 +0200: Memory Usage (444588K) : pldd_drw has 0 polygons
2026-04-18 15:03:27 +0200: Memory Usage (444588K) : next_drw has 0 polygons
2026-04-18 15:03:27 +0200: Memory Usage (444588K) : pext_drw has 0 polygons
2026-04-18 15:03:27 +0200: Memory Usage (444852K) : nexthv_drw has 0 polygons
2026-04-18 15:03:27 +0200: Memory Usage (444852K) : pexthv_drw has 0 polygons
2026-04-18 15:03:27 +0200: Memory Usage (444852K) : graphgate_drw has 0 polygons
2026-04-18 15:03:27 +0200: Memory Usage (444852K) : sinwg_drw has 0 polygons
2026-04-18 15:03:27 +0200: Memory Usage (445116K) : sinwg_filler has 0 polygons
2026-04-18 15:03:27 +0200: Memory Usage (445116K) : sinwg_nofill has 0 polygons
2026-04-18 15:03:27 +0200: Memory Usage (445116K) : mempad_drw has 0 polygons
2026-04-18 15:03:27 +0200: Memory Usage (445116K) : topvia1_drw has 3124 polygons
2026-04-18 15:03:27 +0200: Memory Usage (445380K) : topmetal1_drw has 9 polygons
2026-04-18 15:03:27 +0200: Memory Usage (445380K) : topmetal1_pin has 19 polygons
2026-04-18 15:03:27 +0200: Memory Usage (445380K) : topmetal1_mask has 0 polygons
2026-04-18 15:03:27 +0200: Memory Usage (445380K) : topmetal1_filler has 0 polygons
2026-04-18 15:03:27 +0200: Memory Usage (445380K) : topmetal1_nofill has 0 polygons
2026-04-18 15:03:27 +0200: Memory Usage (445644K) : topmetal1_slit has 0 polygons
2026-04-18 15:03:27 +0200: Memory Usage (445644K) : topmetal1_text has 2 polygons
2026-04-18 15:03:27 +0200: Memory Usage (445644K) : topmetal1_noqrc has 0 polygons
2026-04-18 15:03:27 +0200: Memory Usage (445644K) : topmetal1_res has 0 polygons
2026-04-18 15:03:27 +0200: Memory Usage (445644K) : topmetal1_iprobe has 0 polygons
2026-04-18 15:03:27 +0200: Memory Usage (445908K) : topmetal1_diffprb has 0 polygons
2026-04-18 15:03:27 +0200: Memory Usage (445908K) : inldpwl_drw has 0 polygons
2026-04-18 15:03:27 +0200: Memory Usage (445908K) : polyres_drw has 18 polygons
2026-04-18 15:03:27 +0200: Memory Usage (445908K) : polyres_pin has 0 polygons
2026-04-18 15:03:27 +0200: Memory Usage (445908K) : vmim_drw has 725 polygons
2026-04-18 15:03:27 +0200: Memory Usage (445908K) : nbulaycut_drw has 0 polygons
2026-04-18 15:03:27 +0200: Memory Usage (445908K) : antmetal1_drw has 0 polygons
2026-04-18 15:03:27 +0200: Memory Usage (445908K) : topvia2_drw has 0 polygons
2026-04-18 15:03:27 +0200: Memory Usage (445908K) : topmetal2_drw has 0 polygons
2026-04-18 15:03:27 +0200: Memory Usage (445908K) : topmetal2_pin has 0 polygons
2026-04-18 15:03:27 +0200: Memory Usage (445908K) : topmetal2_mask has 0 polygons
2026-04-18 15:03:27 +0200: Memory Usage (445908K) : topmetal2_filler has 0 polygons
2026-04-18 15:03:27 +0200: Memory Usage (445908K) : topmetal2_nofill has 0 polygons
2026-04-18 15:03:27 +0200: Memory Usage (445908K) : topmetal2_slit has 0 polygons
2026-04-18 15:03:27 +0200: Memory Usage (445908K) : topmetal2_text has 0 polygons
2026-04-18 15:03:27 +0200: Memory Usage (445908K) : topmetal2_noqrc has 0 polygons
2026-04-18 15:03:27 +0200: Memory Usage (445908K) : topmetal2_res has 0 polygons
2026-04-18 15:03:27 +0200: Memory Usage (445908K) : topmetal2_iprobe has 0 polygons
2026-04-18 15:03:27 +0200: Memory Usage (445908K) : topmetal2_diffprb has 0 polygons
2026-04-18 15:03:27 +0200: Memory Usage (445908K) : snsring_drw has 0 polygons
2026-04-18 15:03:27 +0200: Memory Usage (445908K) : sensor_drw has 0 polygons
2026-04-18 15:03:27 +0200: Memory Usage (445908K) : snsarms_drw has 0 polygons
2026-04-18 15:03:27 +0200: Memory Usage (445908K) : snscmosvia_drw has 0 polygons
2026-04-18 15:03:27 +0200: Memory Usage (445908K) : colwind_drw has 0 polygons
2026-04-18 15:03:27 +0200: Memory Usage (445908K) : flm_drw has 0 polygons
2026-04-18 15:03:27 +0200: Memory Usage (445908K) : hafniumox_drw has 0 polygons
2026-04-18 15:03:27 +0200: Memory Usage (445908K) : memvia_drw has 0 polygons
2026-04-18 15:03:27 +0200: Memory Usage (445908K) : thinfilmres_drw has 0 polygons
2026-04-18 15:03:27 +0200: Memory Usage (445908K) : rfmem_drw has 0 polygons
2026-04-18 15:03:27 +0200: Memory Usage (445908K) : norcx_drw has 0 polygons
2026-04-18 15:03:27 +0200: Memory Usage (445908K) : norcx_m2m3 has 0 polygons
2026-04-18 15:03:27 +0200: Memory Usage (445908K) : norcx_m2m4 has 0 polygons
2026-04-18 15:03:27 +0200: Memory Usage (445908K) : norcx_m2m5 has 0 polygons
2026-04-18 15:03:27 +0200: Memory Usage (445908K) : norcx_m2tm1 has 0 polygons
2026-04-18 15:03:27 +0200: Memory Usage (445908K) : norcx_m2tm2 has 0 polygons
2026-04-18 15:03:27 +0200: Memory Usage (445908K) : norcx_m3m4 has 0 polygons
2026-04-18 15:03:27 +0200: Memory Usage (445908K) : norcx_m3m5 has 0 polygons
2026-04-18 15:03:27 +0200: Memory Usage (445908K) : norcx_m3tm1 has 0 polygons
2026-04-18 15:03:27 +0200: Memory Usage (445908K) : norcx_m3tm2 has 0 polygons
2026-04-18 15:03:27 +0200: Memory Usage (445908K) : norcx_m4m5 has 0 polygons
2026-04-18 15:03:27 +0200: Memory Usage (445908K) : norcx_m4tm1 has 0 polygons
2026-04-18 15:03:27 +0200: Memory Usage (445908K) : norcx_m4tm2 has 0 polygons
2026-04-18 15:03:27 +0200: Memory Usage (445908K) : norcx_m5tm1 has 0 polygons
2026-04-18 15:03:27 +0200: Memory Usage (445908K) : norcx_m5tm2 has 0 polygons
2026-04-18 15:03:27 +0200: Memory Usage (445908K) : norcx_tm1tm2 has 0 polygons
2026-04-18 15:03:27 +0200: Memory Usage (445908K) : norcx_m1sub has 0 polygons
2026-04-18 15:03:27 +0200: Memory Usage (445908K) : norcx_m2sub has 0 polygons
2026-04-18 15:03:27 +0200: Memory Usage (445908K) : norcx_m3sub has 0 polygons
2026-04-18 15:03:27 +0200: Memory Usage (445908K) : norcx_m4sub has 0 polygons
2026-04-18 15:03:27 +0200: Memory Usage (445908K) : norcx_m5sub has 0 polygons
2026-04-18 15:03:27 +0200: Memory Usage (445908K) : norcx_tm1sub has 0 polygons
2026-04-18 15:03:27 +0200: Memory Usage (445908K) : norcx_tm2sub has 0 polygons
2026-04-18 15:03:27 +0200: Memory Usage (445908K) : snsbotvia_drw has 0 polygons
2026-04-18 15:03:27 +0200: Memory Usage (445908K) : snstopvia_drw has 0 polygons
2026-04-18 15:03:27 +0200: Memory Usage (445908K) : deepvia_drw has 0 polygons
2026-04-18 15:03:27 +0200: Memory Usage (445908K) : fgetch_drw has 0 polygons
2026-04-18 15:03:27 +0200: Memory Usage (445908K) : ctrgat_drw has 0 polygons
2026-04-18 15:03:27 +0200: Memory Usage (445908K) : fgimp_drw has 0 polygons
2026-04-18 15:03:27 +0200: Memory Usage (445908K) : emwihv_drw has 0 polygons
2026-04-18 15:03:27 +0200: Memory Usage (445908K) : lbe_drw has 0 polygons
2026-04-18 15:03:27 +0200: Memory Usage (445908K) : alcustop_drw has 0 polygons
2026-04-18 15:03:27 +0200: Memory Usage (445908K) : nometfiller_drw has 0 polygons
2026-04-18 15:03:27 +0200: Memory Usage (445908K) : prboundary_drw has 0 polygons
2026-04-18 15:03:27 +0200: Memory Usage (445908K) : exchange0_drw has 0 polygons
2026-04-18 15:03:27 +0200: Memory Usage (445908K) : exchange0_pin has 0 polygons
2026-04-18 15:03:27 +0200: Memory Usage (445908K) : exchange0_text has 0 polygons
2026-04-18 15:03:27 +0200: Memory Usage (445908K) : exchange1_drw has 0 polygons
2026-04-18 15:03:27 +0200: Memory Usage (445908K) : exchange1_pin has 0 polygons
2026-04-18 15:03:27 +0200: Memory Usage (445908K) : exchange1_text has 0 polygons
2026-04-18 15:03:27 +0200: Memory Usage (445908K) : exchange2_drw has 0 polygons
2026-04-18 15:03:27 +0200: Memory Usage (445908K) : exchange2_pin has 0 polygons
2026-04-18 15:03:27 +0200: Memory Usage (445908K) : exchange2_text has 0 polygons
2026-04-18 15:03:27 +0200: Memory Usage (445908K) : exchange3_drw has 0 polygons
2026-04-18 15:03:27 +0200: Memory Usage (445908K) : exchange3_pin has 0 polygons
2026-04-18 15:03:27 +0200: Memory Usage (445908K) : exchange3_text has 0 polygons
2026-04-18 15:03:27 +0200: Memory Usage (445908K) : exchange4_drw has 0 polygons
2026-04-18 15:03:27 +0200: Memory Usage (445908K) : exchange4_pin has 0 polygons
2026-04-18 15:03:27 +0200: Memory Usage (445908K) : exchange4_text has 0 polygons
2026-04-18 15:03:27 +0200: Memory Usage (445908K) : isonwell_drw has 0 polygons
2026-04-18 15:03:27 +0200: Memory Usage (445908K) : Total no. of polygons in the design is 55181
2026-04-18 15:03:27 +0200: Memory Usage (445908K) : Loaded TECH DRC rules values from /opt/pdks/ihp-sg13g2/libs.tech/klayout/python/sg13g2_pycell_lib/sg13g2_tech_mod.json
2026-04-18 15:03:27 +0200: Memory Usage (445908K) : Loaded default DRC rules values from /opt/pdks/ihp-sg13g2/libs.tech/klayout/tech/drc/rule_decks/sg13g2_tech_default.json
2026-04-18 15:03:27 +0200: Memory Usage (445908K) : The following rules values were missing in tech json and default values were used:
2026-04-18 15:03:27 +0200: Memory Usage (445908K) :   - NW_f1_digibnd
2026-04-18 15:03:27 +0200: Memory Usage (445908K) :   - Cnt_c_digibnd
2026-04-18 15:03:27 +0200: Memory Usage (445908K) :   - Cnt_c_sram
2026-04-18 15:03:27 +0200: Memory Usage (445908K) :   - Sdiod_b
2026-04-18 15:03:27 +0200: Memory Usage (445908K) :   - Sdiod_c
2026-04-18 15:03:28 +0200: Memory Usage (445908K) : Total area of the design is 10765.616049999999 um^2.
2026-04-18 15:03:28 +0200: Memory Usage (445908K) : The design dimensions are 103.81 µm * 103.705 µm.
2026-04-18 15:03:28 +0200: Memory Usage (445908K) : Starting general IHP-SG13G2 derivations.
2026-04-18 15:03:28 +0200: Memory Usage (445908K) : Starting Pwell derivations
2026-04-18 15:03:28 +0200: Memory Usage (448084K) : Starting n-Activ derivations
2026-04-18 15:03:28 +0200: Memory Usage (448304K) : Starting p-Activ derivations
2026-04-18 15:03:28 +0200: Memory Usage (448308K) : Starting ptap derivations
2026-04-18 15:03:28 +0200: Memory Usage (448308K) : Starting ntap derivations
2026-04-18 15:03:28 +0200: Memory Usage (448308K) : Starting pact FET derivations
2026-04-18 15:03:28 +0200: Memory Usage (448308K) : Starting nact FET derivations
2026-04-18 15:03:28 +0200: Memory Usage (448308K) : Starting Gate derivations
2026-04-18 15:03:28 +0200: Memory Usage (448312K) : Starting cont/contbar general derivations
2026-04-18 15:03:28 +0200: Memory Usage (449736K) : Starting pad general derivations
2026-04-18 15:03:28 +0200: Memory Usage (449736K) : Starting schottky_nbl general derivations
2026-04-18 15:03:28 +0200: Memory Usage (449736K) : Starting SVaricap general derivations
2026-04-18 15:03:28 +0200: Memory Usage (449864K) : Starting HBT general derivations
2026-04-18 15:03:28 +0200: Memory Usage (449864K) : Starting IHP-SG13G2 DRC connectivity related derivations.
2026-04-18 15:03:28 +0200: Memory Usage (449892K) : Starting IHP-SG13G2 DRC connectivity setup
2026-04-18 15:03:28 +0200: Memory Usage (451444K) : Starting IHP-SG13G2 DRC rules.
2026-04-18 15:03:28 +0200: Memory Usage (451444K) : Running all FEOL rules
2026-04-18 15:03:28 +0200: Memory Usage (451444K) : Running all BEOL rules
2026-04-18 15:03:28 +0200: Memory Usage (451444K) : Running all PIN rules
2026-04-18 15:03:28 +0200: Memory Usage (451444K) : Running all FORBIDDEN rules
2026-04-18 15:03:28 +0200: Memory Usage (451444K) : Starting 5.1 NWell table
2026-04-18 15:03:28 +0200: Memory Usage (451444K) : Executing rule NW.b
2026-04-18 15:03:28 +0200: Memory Usage (451752K) : Executing rule NW.b1
2026-04-18 15:03:28 +0200: Memory Usage (451752K) : Executing rule NW.f1
2026-04-18 15:03:28 +0200: Memory Usage (451752K) : Executing rule NW.f1.digibnd
2026-04-18 15:03:28 +0200: Memory Usage (451752K) : Starting 5.2 PWell:block
2026-04-18 15:03:28 +0200: Memory Usage (451752K) : Executing rule PWB.e
2026-04-18 15:03:28 +0200: Memory Usage (451752K) : Executing rule PWB.e1
2026-04-18 15:03:28 +0200: Memory Usage (451752K) : Executing rule PWB.f
2026-04-18 15:03:28 +0200: Memory Usage (451752K) : Executing rule PWB.f1
2026-04-18 15:03:28 +0200: Memory Usage (451752K) : Starting 5.3 nBuLay table
2026-04-18 15:03:28 +0200: Memory Usage (451752K) : Executing rule NBL.b
2026-04-18 15:03:28 +0200: Memory Usage (451752K) : Executing rule NBL.c
2026-04-18 15:03:28 +0200: Memory Usage (451752K) : Executing rule NBL.d
2026-04-18 15:03:28 +0200: Memory Usage (451752K) : Executing rule NBL.e
2026-04-18 15:03:28 +0200: Memory Usage (451752K) : Executing rule NBL.f
2026-04-18 15:03:28 +0200: Memory Usage (451752K) : Starting 5.5. Activ table
2026-04-18 15:03:28 +0200: Memory Usage (451752K) : Executing rule Act.a
2026-04-18 15:03:28 +0200: Memory Usage (451752K) : Executing rule Act.b
2026-04-18 15:03:28 +0200: Memory Usage (451756K) : Starting 5.6 Activ:filler table
2026-04-18 15:03:28 +0200: Memory Usage (451756K) : Executing rule AFil.c1
2026-04-18 15:03:28 +0200: Memory Usage (451756K) : Executing rule AFil.c
2026-04-18 15:03:28 +0200: Memory Usage (451756K) : Executing rule AFil.d
2026-04-18 15:03:28 +0200: Memory Usage (451756K) : Executing rule AFil.e
2026-04-18 15:03:28 +0200: Memory Usage (451756K) : Executing rule AFil.j
2026-04-18 15:03:28 +0200: Memory Usage (451756K) : Starting 5.7. ThickGateOx table
2026-04-18 15:03:28 +0200: Memory Usage (451756K) : Executing rule TGO.f
2026-04-18 15:03:28 +0200: Memory Usage (451756K) : Starting 5.8. GatPoly table
2026-04-18 15:03:28 +0200: Memory Usage (451756K) : Executing rule Gat.a
2026-04-18 15:03:28 +0200: Memory Usage (451756K) : Executing rule Gat.b
2026-04-18 15:03:28 +0200: Memory Usage (451756K) : Executing rule Gat.d
2026-04-18 15:03:28 +0200: Memory Usage (451756K) : Executing rule Gat.a1
2026-04-18 15:03:28 +0200: Memory Usage (451824K) : Executing rule Gat.a2
2026-04-18 15:03:28 +0200: Memory Usage (451888K) : Executing rule Gat.g
2026-04-18 15:03:28 +0200: Memory Usage (451888K) : Starting 5.9 GatPoly:filler
2026-04-18 15:03:28 +0200: Memory Usage (451888K) : Executing rule GFil.d
2026-04-18 15:03:28 +0200: Memory Usage (451888K) : Executing rule GFil.e
2026-04-18 15:03:28 +0200: Memory Usage (451888K) : Executing rule GFil.i
2026-04-18 15:03:28 +0200: Memory Usage (451888K) : Starting 5.10 pSD table
2026-04-18 15:03:28 +0200: Memory Usage (451888K) : Executing rule pSD.c1
2026-04-18 15:03:28 +0200: Memory Usage (451888K) : Starting 5.14. Cont table
2026-04-18 15:03:28 +0200: Memory Usage (451888K) : Executing rule Cnt.a
2026-04-18 15:03:28 +0200: Memory Usage (452924K) : Executing rule Cnt.b
2026-04-18 15:03:28 +0200: Memory Usage (453292K) : Executing rule Cnt.c
2026-04-18 15:03:28 +0200: Memory Usage (453292K) : Executing rule Cnt.c.digibnd
2026-04-18 15:03:28 +0200: Memory Usage (453292K) : Executing rule Cnt.c.SRAM
2026-04-18 15:03:28 +0200: Memory Usage (453292K) : Executing rule Cnt.d
2026-04-18 15:03:28 +0200: Memory Usage (453292K) : Executing rule Cnt.e
2026-04-18 15:03:28 +0200: Memory Usage (453292K) : Executing rule Cnt.g1
2026-04-18 15:03:28 +0200: Memory Usage (453476K) : Executing rule Cnt.g2
2026-04-18 15:03:29 +0200: Memory Usage (453612K) : Starting 5.15. ContBar table
2026-04-18 15:03:29 +0200: Memory Usage (453612K) : Executing rule CntB.b1
2026-04-18 15:03:29 +0200: Memory Usage (453612K) : Executing rule CntB.h1
2026-04-18 15:03:29 +0200: Memory Usage (453612K) : Starting 6.1.3 NPN Substrate-Tie table
2026-04-18 15:03:29 +0200: Memory Usage (453612K) : Executing rule npn13G2.bR 
2026-04-18 15:03:29 +0200: Memory Usage (453612K) : Executing rule npn13G2L.cR 
2026-04-18 15:03:29 +0200: Memory Usage (453612K) : Executing rule npn13G2V.cR 
2026-04-18 15:03:29 +0200: Memory Usage (453612K) : Starting 6.7 Schottky diode table
2026-04-18 15:03:29 +0200: Memory Usage (453612K) : Executing rule Sdiod.b
2026-04-18 15:03:29 +0200: Memory Usage (453612K) : Executing rule Sdiod.c
2026-04-18 15:03:29 +0200: Memory Usage (453612K) : Executing rule Sdiod.d
2026-04-18 15:03:29 +0200: Memory Usage (453612K) : Executing rule Sdiod.e
2026-04-18 15:03:29 +0200: Memory Usage (453612K) : Starting 7.2 Latch-up table
2026-04-18 15:03:29 +0200: Memory Usage (453612K) : Executing rule LU.b
2026-04-18 15:03:29 +0200: Memory Usage (453612K) : Starting 5.16. Metal1 table
2026-04-18 15:03:29 +0200: Memory Usage (453612K) : Executing rule M1.a
2026-04-18 15:03:29 +0200: Memory Usage (453612K) : Executing rule M1.b
2026-04-18 15:03:29 +0200: Memory Usage (453800K) : Executing rule M1.e
2026-04-18 15:03:29 +0200: Memory Usage (453800K) : Executing rule M1.f
2026-04-18 15:03:29 +0200: Memory Usage (453800K) : Executing rule M1.g
2026-04-18 15:03:29 +0200: Memory Usage (453800K) : Executing rule M1.i
2026-04-18 15:03:29 +0200: Memory Usage (453800K) : Starting 5.17 Metaln table
2026-04-18 15:03:29 +0200: Memory Usage (453800K) : Executing rule M2.a
2026-04-18 15:03:29 +0200: Memory Usage (453800K) : Executing rule M2.b
2026-04-18 15:03:29 +0200: Memory Usage (453800K) : Executing rule M2.e
2026-04-18 15:03:29 +0200: Memory Usage (453800K) : Executing rule M2.f
2026-04-18 15:03:29 +0200: Memory Usage (453800K) : Executing rule M2.g
2026-04-18 15:03:29 +0200: Memory Usage (453800K) : Executing rule M2.i
2026-04-18 15:03:29 +0200: Memory Usage (453800K) : Executing rule M3.a
2026-04-18 15:03:29 +0200: Memory Usage (453800K) : Executing rule M3.b
2026-04-18 15:03:29 +0200: Memory Usage (453800K) : Executing rule M3.e
2026-04-18 15:03:29 +0200: Memory Usage (453800K) : Executing rule M3.f
2026-04-18 15:03:29 +0200: Memory Usage (453800K) : Executing rule M3.g
2026-04-18 15:03:29 +0200: Memory Usage (453800K) : Executing rule M3.i
2026-04-18 15:03:29 +0200: Memory Usage (453800K) : Executing rule M4.a
2026-04-18 15:03:29 +0200: Memory Usage (453800K) : Executing rule M4.b
2026-04-18 15:03:29 +0200: Memory Usage (453800K) : Executing rule M4.e
2026-04-18 15:03:29 +0200: Memory Usage (453800K) : Executing rule M4.f
2026-04-18 15:03:29 +0200: Memory Usage (453800K) : Executing rule M4.g
2026-04-18 15:03:29 +0200: Memory Usage (453800K) : Executing rule M4.i
2026-04-18 15:03:29 +0200: Memory Usage (453800K) : Executing rule M5.a
2026-04-18 15:03:29 +0200: Memory Usage (453800K) : Executing rule M5.b
2026-04-18 15:03:29 +0200: Memory Usage (453800K) : Executing rule M5.e
2026-04-18 15:03:29 +0200: Memory Usage (453800K) : Executing rule M5.f
2026-04-18 15:03:29 +0200: Memory Usage (453800K) : Executing rule M5.g
2026-04-18 15:03:29 +0200: Memory Usage (453800K) : Executing rule M5.i
2026-04-18 15:03:29 +0200: Memory Usage (453800K) : Starting 5.18 Metaln:filler table
2026-04-18 15:03:29 +0200: Memory Usage (453800K) : Executing rule M1Fil.c
2026-04-18 15:03:29 +0200: Memory Usage (453800K) : Executing rule M1Fil.a2
2026-04-18 15:03:29 +0200: Memory Usage (453800K) : Executing rule M2Fil.c
2026-04-18 15:03:29 +0200: Memory Usage (453800K) : Executing rule M2Fil.a2
2026-04-18 15:03:29 +0200: Memory Usage (453800K) : Executing rule M3Fil.c
2026-04-18 15:03:29 +0200: Memory Usage (453800K) : Executing rule M3Fil.a2
2026-04-18 15:03:29 +0200: Memory Usage (453800K) : Executing rule M4Fil.c
2026-04-18 15:03:29 +0200: Memory Usage (453800K) : Executing rule M4Fil.a2
2026-04-18 15:03:29 +0200: Memory Usage (453800K) : Executing rule M5Fil.c
2026-04-18 15:03:29 +0200: Memory Usage (453800K) : Executing rule M5Fil.a2
2026-04-18 15:03:29 +0200: Memory Usage (453800K) : Starting 5.19. Via1 table
2026-04-18 15:03:29 +0200: Memory Usage (453800K) : Starting 5.19. Via1 table derivations
2026-04-18 15:03:29 +0200: Memory Usage (453800K) : Executing rule V1.a
2026-04-18 15:03:29 +0200: Memory Usage (452292K) : Executing rule V1.b
2026-04-18 15:03:29 +0200: Memory Usage (453668K) : Executing rule V1.c
2026-04-18 15:03:29 +0200: Memory Usage (453868K) : Starting 5.20. Vian table
2026-04-18 15:03:29 +0200: Memory Usage (453868K) : Executing rule V2.a
2026-04-18 15:03:29 +0200: Memory Usage (454464K) : Executing rule V2.b
2026-04-18 15:03:29 +0200: Memory Usage (454464K) : Executing rule V2.c
2026-04-18 15:03:29 +0200: Memory Usage (454724K) : Executing rule V3.a
2026-04-18 15:03:29 +0200: Memory Usage (455336K) : Executing rule V3.b
2026-04-18 15:03:29 +0200: Memory Usage (455336K) : Executing rule V3.c
2026-04-18 15:03:29 +0200: Memory Usage (455592K) : Executing rule V4.a
2026-04-18 15:03:30 +0200: Memory Usage (455848K) : Executing rule V4.b
2026-04-18 15:03:30 +0200: Memory Usage (455848K) : Executing rule V4.c
2026-04-18 15:03:30 +0200: Memory Usage (456108K) : Starting 5.21. TopVia1 table
2026-04-18 15:03:30 +0200: Memory Usage (456108K) : Executing rule TV1.a
2026-04-18 15:03:30 +0200: Memory Usage (456896K) : Executing rule TV1.b
2026-04-18 15:03:30 +0200: Memory Usage (456896K) : Executing rule TV1.c
2026-04-18 15:03:30 +0200: Memory Usage (456896K) : Executing rule TV1.d
2026-04-18 15:03:30 +0200: Memory Usage (457044K) : Starting 5.22. TopMetal1 table
2026-04-18 15:03:30 +0200: Memory Usage (457044K) : Executing rule TM1.a
2026-04-18 15:03:30 +0200: Memory Usage (457044K) : Executing rule TM1.b
2026-04-18 15:03:30 +0200: Memory Usage (457044K) : Starting 5.23 TopMetal1:filler table
2026-04-18 15:03:30 +0200: Memory Usage (457044K) : Executing rule TM1Fil.c
2026-04-18 15:03:30 +0200: Memory Usage (457044K) : Executing rule TM1Fil.a1
2026-04-18 15:03:30 +0200: Memory Usage (457044K) : Starting 5.24. TopVia2 table
2026-04-18 15:03:30 +0200: Memory Usage (457044K) : Executing rule TV2.a
2026-04-18 15:03:30 +0200: Memory Usage (457044K) : Executing rule TV2.b
2026-04-18 15:03:30 +0200: Memory Usage (457044K) : Executing rule TV2.c
2026-04-18 15:03:30 +0200: Memory Usage (457044K) : Executing rule TV2.d
2026-04-18 15:03:30 +0200: Memory Usage (457044K) : Starting 5.25. TopMetal2 table
2026-04-18 15:03:30 +0200: Memory Usage (457044K) : Executing rule TM2.a
2026-04-18 15:03:30 +0200: Memory Usage (457044K) : Executing rule TM2.b
2026-04-18 15:03:30 +0200: Memory Usage (457044K) : Executing rule TM2.bR
2026-04-18 15:03:30 +0200: Memory Usage (457044K) : Starting 5.26 TopMetal2:filler table
2026-04-18 15:03:30 +0200: Memory Usage (457044K) : Executing rule TM2Fil.c
2026-04-18 15:03:30 +0200: Memory Usage (457044K) : Executing rule TM2Fil.a1
2026-04-18 15:03:30 +0200: Memory Usage (457044K) : Starting 5.27. Passiv table
2026-04-18 15:03:30 +0200: Memory Usage (457044K) : Executing rule Pas.a
2026-04-18 15:03:30 +0200: Memory Usage (457044K) : Executing rule Pas.b
2026-04-18 15:03:30 +0200: Memory Usage (457044K) : Executing rule Pas.c
2026-04-18 15:03:30 +0200: Memory Usage (457044K) : Starting 6.9.2 Copper Pillar table
2026-04-18 15:03:30 +0200: Memory Usage (457044K) : Executing rule Padc.a
2026-04-18 15:03:30 +0200: Memory Usage (457044K) : Executing rule Padc.b
2026-04-18 15:03:30 +0200: Memory Usage (457044K) : Executing rule Padc.c
2026-04-18 15:03:30 +0200: Memory Usage (457044K) : Executing rule Padb.f
2026-04-18 15:03:30 +0200: Memory Usage (457044K) : Starting 6.9 Pad table
2026-04-18 15:03:30 +0200: Memory Usage (457044K) : Executing rule Pad.m
2026-04-18 15:03:30 +0200: Memory Usage (457044K) : Executing rule Pad.fR_M1
2026-04-18 15:03:30 +0200: Memory Usage (457044K) : Executing rule Pad.fR_M2
2026-04-18 15:03:30 +0200: Memory Usage (457044K) : Executing rule Pad.fR_M3
2026-04-18 15:03:30 +0200: Memory Usage (457044K) : Executing rule Pad.fR_M4
2026-04-18 15:03:30 +0200: Memory Usage (457044K) : Executing rule Pad.fR_M5
2026-04-18 15:03:30 +0200: Memory Usage (457044K) : Executing rule Pad.fR_TM1
2026-04-18 15:03:30 +0200: Memory Usage (457044K) : Executing rule Pad.fR_TM2
2026-04-18 15:03:30 +0200: Memory Usage (457044K) : Executing rule Pad.i
2026-04-18 15:03:30 +0200: Memory Usage (457044K) : Starting 6.9.1 Solder Bump
2026-04-18 15:03:30 +0200: Memory Usage (457044K) : Executing rule Padb.a
2026-04-18 15:03:30 +0200: Memory Usage (457044K) : Executing rule Padb.b
2026-04-18 15:03:30 +0200: Memory Usage (457044K) : Executing rule Padb.c
2026-04-18 15:03:30 +0200: Memory Usage (457044K) : Executing rule Padb.f
2026-04-18 15:03:30 +0200: Memory Usage (457044K) : Executing rule Padb.d
2026-04-18 15:03:30 +0200: Memory Usage (457044K) : Starting 6.10 Sealring table
2026-04-18 15:03:30 +0200: Memory Usage (457044K) : Executing rule Seal.l
2026-04-18 15:03:30 +0200: Memory Usage (457044K) : Executing rule Seal.n
2026-04-18 15:03:30 +0200: Memory Usage (457044K) : Executing rule seal.b_metal1
2026-04-18 15:03:30 +0200: Memory Usage (457044K) : Executing rule seal.b_metal2
2026-04-18 15:03:30 +0200: Memory Usage (457044K) : Executing rule seal.b_metal3
2026-04-18 15:03:30 +0200: Memory Usage (457044K) : Executing rule seal.b_metal4
2026-04-18 15:03:30 +0200: Memory Usage (457044K) : Executing rule seal.b_metal5
2026-04-18 15:03:30 +0200: Memory Usage (457044K) : Executing rule seal.b_topmetal1
2026-04-18 15:03:30 +0200: Memory Usage (457044K) : Executing rule seal.b_topmetal2
2026-04-18 15:03:30 +0200: Memory Usage (457044K) : Executing rule seal.b_activ
2026-04-18 15:03:30 +0200: Memory Usage (457044K) : Executing rule seal.b_psd
2026-04-18 15:03:30 +0200: Memory Usage (457044K) : Executing rule Seal.k
2026-04-18 15:03:30 +0200: Memory Usage (457044K) : Executing rule Seal.m
2026-04-18 15:03:30 +0200: Memory Usage (457044K) : Starting 6.11 MIM table
2026-04-18 15:03:30 +0200: Memory Usage (457044K) : Executing rule MIM.c
2026-04-18 15:03:30 +0200: Memory Usage (457044K) : Executing rule MIM.d
2026-04-18 15:03:30 +0200: Memory Usage (457044K) : Executing rule MIM.gR
2026-04-18 15:03:30 +0200: Memory Usage (457044K) : Starting 7.3 Metal Slits table
2026-04-18 15:03:30 +0200: Memory Usage (457044K) : Executing rule Slt.e1_M1
2026-04-18 15:03:30 +0200: Memory Usage (457044K) : Executing rule Slt.e1_M2
2026-04-18 15:03:30 +0200: Memory Usage (457044K) : Executing rule Slt.e1_M3
2026-04-18 15:03:30 +0200: Memory Usage (457044K) : Executing rule Slt.e1_M4
2026-04-18 15:03:30 +0200: Memory Usage (457044K) : Executing rule Slt.e1_M5
2026-04-18 15:03:30 +0200: Memory Usage (457044K) : Executing rule Slt.e1_TM1
2026-04-18 15:03:30 +0200: Memory Usage (457044K) : Executing rule Slt.e1_TM2
2026-04-18 15:03:30 +0200: Memory Usage (457044K) : Starting 9.1. LBE table
2026-04-18 15:03:30 +0200: Memory Usage (457044K) : Executing rule LBE.a
2026-04-18 15:03:30 +0200: Memory Usage (457044K) : Executing rule LBE.b
2026-04-18 15:03:30 +0200: Memory Usage (457044K) : Executing rule LBE.b1
2026-04-18 15:03:30 +0200: Memory Usage (457044K) : Executing rule LBE.c
2026-04-18 15:03:30 +0200: Memory Usage (457044K) : Executing rule LBE.d
2026-04-18 15:03:30 +0200: Memory Usage (457044K) : Executing rule LBE.h
2026-04-18 15:03:30 +0200: Memory Usage (457044K) : Starting 7.4. PIN table
2026-04-18 15:03:30 +0200: Memory Usage (457044K) : Executing rule Pin.a
2026-04-18 15:03:30 +0200: Memory Usage (457044K) : Executing rule Pin.b
2026-04-18 15:03:30 +0200: Memory Usage (457044K) : Executing rule Pin.e
2026-04-18 15:03:30 +0200: Memory Usage (457044K) : Executing rule Pin.f_M2
2026-04-18 15:03:30 +0200: Memory Usage (457044K) : Executing rule Pin.f_M3
2026-04-18 15:03:30 +0200: Memory Usage (457308K) : Executing rule Pin.f_M4
2026-04-18 15:03:30 +0200: Memory Usage (457308K) : Executing rule Pin.f_M5
2026-04-18 15:03:30 +0200: Memory Usage (457572K) : Executing rule Pin.g
2026-04-18 15:03:30 +0200: Memory Usage (457572K) : Executing rule Pin.h
2026-04-18 15:03:30 +0200: Memory Usage (457836K) : Starting 3.1. offgrid table
2026-04-18 15:03:30 +0200: Memory Usage (457836K) : Executing rule activ_drw_Offgrid
2026-04-18 15:03:30 +0200: Memory Usage (458100K) : Executing rule activ_pin_Offgrid
2026-04-18 15:03:30 +0200: Memory Usage (458628K) : Executing rule activ_mask_Offgrid
2026-04-18 15:03:30 +0200: Memory Usage (459200K) : Executing rule activ_filler_Offgrid
2026-04-18 15:03:30 +0200: Memory Usage (459728K) : Executing rule activ_nofill_Offgrid
2026-04-18 15:03:30 +0200: Memory Usage (459992K) : Executing rule activ_opc_Offgrid
2026-04-18 15:03:30 +0200: Memory Usage (460520K) : Executing rule activ_iopc_Offgrid
2026-04-18 15:03:30 +0200: Memory Usage (461048K) : Executing rule activ_noqrc_Offgrid
2026-04-18 15:03:30 +0200: Memory Usage (461312K) : Executing rule biwind_drw_Offgrid
2026-04-18 15:03:30 +0200: Memory Usage (461840K) : Executing rule biwind_opc_Offgrid
2026-04-18 15:03:30 +0200: Memory Usage (462368K) : Executing rule pemwind_drw_Offgrid
2026-04-18 15:03:30 +0200: Memory Usage (462632K) : Executing rule gatpoly_drw_Offgrid
2026-04-18 15:03:30 +0200: Memory Usage (463160K) : Executing rule gatpoly_pin_Offgrid
2026-04-18 15:03:30 +0200: Memory Usage (463688K) : Executing rule gatpoly_filler_Offgrid
2026-04-18 15:03:30 +0200: Memory Usage (464216K) : Executing rule gatpoly_nofill_Offgrid
2026-04-18 15:03:30 +0200: Memory Usage (464480K) : Executing rule gatpoly_opc_Offgrid
2026-04-18 15:03:30 +0200: Memory Usage (465008K) : Executing rule gatpoly_iopc_Offgrid
2026-04-18 15:03:30 +0200: Memory Usage (465272K) : Executing rule gatpoly_noqrc_Offgrid
2026-04-18 15:03:30 +0200: Memory Usage (465272K) : Executing rule cont_drw_Offgrid
2026-04-18 15:03:30 +0200: Memory Usage (465800K) : Executing rule cont_opc_Offgrid
2026-04-18 15:03:30 +0200: Memory Usage (465800K) : Executing rule nsd_drw_Offgrid
2026-04-18 15:03:30 +0200: Memory Usage (465800K) : Executing rule nsd_block_Offgrid
2026-04-18 15:03:30 +0200: Memory Usage (465800K) : Executing rule metal1_drw_Offgrid
2026-04-18 15:03:30 +0200: Memory Usage (465800K) : Executing rule metal1_pin_Offgrid
2026-04-18 15:03:30 +0200: Memory Usage (465800K) : Executing rule metal1_mask_Offgrid
2026-04-18 15:03:30 +0200: Memory Usage (465800K) : Executing rule metal1_filler_Offgrid
2026-04-18 15:03:30 +0200: Memory Usage (465800K) : Executing rule metal1_nofill_Offgrid
2026-04-18 15:03:30 +0200: Memory Usage (465800K) : Executing rule metal1_slit_Offgrid
2026-04-18 15:03:30 +0200: Memory Usage (465800K) : Executing rule metal1_opc_Offgrid
2026-04-18 15:03:30 +0200: Memory Usage (465800K) : Executing rule metal1_noqrc_Offgrid
2026-04-18 15:03:30 +0200: Memory Usage (465800K) : Executing rule metal1_res_Offgrid
2026-04-18 15:03:30 +0200: Memory Usage (465800K) : Executing rule metal1_iprobe_Offgrid
2026-04-18 15:03:30 +0200: Memory Usage (465800K) : Executing rule metal1_diffprb_Offgrid
2026-04-18 15:03:30 +0200: Memory Usage (465800K) : Executing rule passiv_drw_Offgrid
2026-04-18 15:03:30 +0200: Memory Usage (465800K) : Executing rule passiv_pin_Offgrid
2026-04-18 15:03:30 +0200: Memory Usage (465800K) : Executing rule passiv_pillar_Offgrid
2026-04-18 15:03:30 +0200: Memory Usage (465800K) : Executing rule passiv_sbump_Offgrid
2026-04-18 15:03:30 +0200: Memory Usage (465800K) : Executing rule passiv_pdl_Offgrid
2026-04-18 15:03:30 +0200: Memory Usage (465800K) : Executing rule metal2_drw_Offgrid
2026-04-18 15:03:30 +0200: Memory Usage (465800K) : Executing rule metal2_pin_Offgrid
2026-04-18 15:03:30 +0200: Memory Usage (465800K) : Executing rule metal2_mask_Offgrid
2026-04-18 15:03:30 +0200: Memory Usage (465800K) : Executing rule metal2_filler_Offgrid
2026-04-18 15:03:30 +0200: Memory Usage (465800K) : Executing rule metal2_nofill_Offgrid
2026-04-18 15:03:30 +0200: Memory Usage (465800K) : Executing rule metal2_slit_Offgrid
2026-04-18 15:03:30 +0200: Memory Usage (465800K) : Executing rule metal2_opc_Offgrid
2026-04-18 15:03:30 +0200: Memory Usage (465800K) : Executing rule metal2_noqrc_Offgrid
2026-04-18 15:03:31 +0200: Memory Usage (465800K) : Executing rule metal2_res_Offgrid
2026-04-18 15:03:31 +0200: Memory Usage (465800K) : Executing rule metal2_iprobe_Offgrid
2026-04-18 15:03:31 +0200: Memory Usage (465800K) : Executing rule metal2_diffprb_Offgrid
2026-04-18 15:03:31 +0200: Memory Usage (465800K) : Executing rule baspoly_drw_Offgrid
2026-04-18 15:03:31 +0200: Memory Usage (465800K) : Executing rule baspoly_pin_Offgrid
2026-04-18 15:03:31 +0200: Memory Usage (465800K) : Executing rule psd_drw_Offgrid
2026-04-18 15:03:31 +0200: Memory Usage (465800K) : Executing rule nldb_drw_Offgrid
2026-04-18 15:03:31 +0200: Memory Usage (465800K) : Executing rule via1_drw_Offgrid
2026-04-18 15:03:31 +0200: Memory Usage (477412K) : Executing rule backmetal1_drw_Offgrid
2026-04-18 15:03:31 +0200: Memory Usage (477412K) : Executing rule backmetal1_pin_Offgrid
2026-04-18 15:03:31 +0200: Memory Usage (477412K) : Executing rule backmetal1_mask_Offgrid
2026-04-18 15:03:31 +0200: Memory Usage (477412K) : Executing rule backmetal1_filler_Offgrid
2026-04-18 15:03:31 +0200: Memory Usage (477412K) : Executing rule backmetal1_nofill_Offgrid
2026-04-18 15:03:31 +0200: Memory Usage (477412K) : Executing rule backmetal1_slit_Offgrid
2026-04-18 15:03:31 +0200: Memory Usage (477412K) : Executing rule backmetal1_opc_Offgrid
2026-04-18 15:03:31 +0200: Memory Usage (477412K) : Executing rule backmetal1_noqrc_Offgrid
2026-04-18 15:03:31 +0200: Memory Usage (477412K) : Executing rule backmetal1_res_Offgrid
2026-04-18 15:03:31 +0200: Memory Usage (477412K) : Executing rule backmetal1_iprobe_Offgrid
2026-04-18 15:03:31 +0200: Memory Usage (477412K) : Executing rule backmetal1_diffprb_Offgrid
2026-04-18 15:03:31 +0200: Memory Usage (477412K) : Executing rule backpassiv_drw_Offgrid
2026-04-18 15:03:31 +0200: Memory Usage (477412K) : Executing rule salblock_drw_Offgrid
2026-04-18 15:03:31 +0200: Memory Usage (477412K) : Executing rule via2_drw_Offgrid
2026-04-18 15:03:31 +0200: Memory Usage (477412K) : Executing rule metal3_drw_Offgrid
2026-04-18 15:03:31 +0200: Memory Usage (477412K) : Executing rule metal3_pin_Offgrid
2026-04-18 15:03:31 +0200: Memory Usage (477412K) : Executing rule metal3_mask_Offgrid
2026-04-18 15:03:31 +0200: Memory Usage (477412K) : Executing rule metal3_filler_Offgrid
2026-04-18 15:03:31 +0200: Memory Usage (477412K) : Executing rule metal3_nofill_Offgrid
2026-04-18 15:03:31 +0200: Memory Usage (477412K) : Executing rule metal3_slit_Offgrid
2026-04-18 15:03:31 +0200: Memory Usage (477412K) : Executing rule metal3_opc_Offgrid
2026-04-18 15:03:31 +0200: Memory Usage (477412K) : Executing rule metal3_noqrc_Offgrid
2026-04-18 15:03:31 +0200: Memory Usage (477412K) : Executing rule metal3_res_Offgrid
2026-04-18 15:03:31 +0200: Memory Usage (477412K) : Executing rule metal3_iprobe_Offgrid
2026-04-18 15:03:31 +0200: Memory Usage (477412K) : Executing rule metal3_diffprb_Offgrid
2026-04-18 15:03:31 +0200: Memory Usage (477412K) : Executing rule nwell_drw_Offgrid
2026-04-18 15:03:31 +0200: Memory Usage (477412K) : Executing rule nwell_pin_Offgrid
2026-04-18 15:03:31 +0200: Memory Usage (477412K) : Executing rule nbulay_drw_Offgrid
2026-04-18 15:03:31 +0200: Memory Usage (477412K) : Executing rule nbulay_pin_Offgrid
2026-04-18 15:03:31 +0200: Memory Usage (477412K) : Executing rule nbulay_block_Offgrid
2026-04-18 15:03:31 +0200: Memory Usage (477412K) : Executing rule pwell_drw_Offgrid
2026-04-18 15:03:31 +0200: Memory Usage (477412K) : Executing rule pwell_pin_Offgrid
2026-04-18 15:03:31 +0200: Memory Usage (477412K) : Executing rule pwell_block_Offgrid
2026-04-18 15:03:31 +0200: Memory Usage (477412K) : Executing rule emwind_drw_Offgrid
2026-04-18 15:03:31 +0200: Memory Usage (477412K) : Executing rule emwind_opc_Offgrid
2026-04-18 15:03:31 +0200: Memory Usage (477412K) : Executing rule deepco_drw_Offgrid
2026-04-18 15:03:31 +0200: Memory Usage (477412K) : Executing rule mim_drw_Offgrid
2026-04-18 15:03:31 +0200: Memory Usage (477412K) : Executing rule substrate_drw_Offgrid
2026-04-18 15:03:31 +0200: Memory Usage (477412K) : Executing rule ic_drw_Offgrid
2026-04-18 15:03:31 +0200: Memory Usage (477412K) : Executing rule via3_drw_Offgrid
2026-04-18 15:03:31 +0200: Memory Usage (477412K) : Executing rule pldb_drw_Offgrid
2026-04-18 15:03:31 +0200: Memory Usage (477412K) : Executing rule metal4_drw_Offgrid
2026-04-18 15:03:31 +0200: Memory Usage (477412K) : Executing rule metal4_pin_Offgrid
2026-04-18 15:03:31 +0200: Memory Usage (477412K) : Executing rule metal4_mask_Offgrid
2026-04-18 15:03:31 +0200: Memory Usage (477412K) : Executing rule metal4_filler_Offgrid
2026-04-18 15:03:31 +0200: Memory Usage (477412K) : Executing rule metal4_nofill_Offgrid
2026-04-18 15:03:31 +0200: Memory Usage (477412K) : Executing rule metal4_slit_Offgrid
2026-04-18 15:03:31 +0200: Memory Usage (477412K) : Executing rule metal4_opc_Offgrid
2026-04-18 15:03:31 +0200: Memory Usage (477412K) : Executing rule metal4_noqrc_Offgrid
2026-04-18 15:03:31 +0200: Memory Usage (477412K) : Executing rule metal4_res_Offgrid
2026-04-18 15:03:31 +0200: Memory Usage (477412K) : Executing rule metal4_iprobe_Offgrid
2026-04-18 15:03:31 +0200: Memory Usage (477412K) : Executing rule metal4_diffprb_Offgrid
2026-04-18 15:03:31 +0200: Memory Usage (477412K) : Executing rule via4_drw_Offgrid
2026-04-18 15:03:31 +0200: Memory Usage (477412K) : Executing rule metal5_drw_Offgrid
2026-04-18 15:03:31 +0200: Memory Usage (477412K) : Executing rule metal5_pin_Offgrid
2026-04-18 15:03:31 +0200: Memory Usage (477412K) : Executing rule metal5_mask_Offgrid
2026-04-18 15:03:31 +0200: Memory Usage (477412K) : Executing rule metal5_filler_Offgrid
2026-04-18 15:03:31 +0200: Memory Usage (477412K) : Executing rule metal5_nofill_Offgrid
2026-04-18 15:03:31 +0200: Memory Usage (477412K) : Executing rule metal5_slit_Offgrid
2026-04-18 15:03:31 +0200: Memory Usage (477412K) : Executing rule metal5_opc_Offgrid
2026-04-18 15:03:31 +0200: Memory Usage (477412K) : Executing rule metal5_noqrc_Offgrid
2026-04-18 15:03:31 +0200: Memory Usage (477412K) : Executing rule metal5_res_Offgrid
2026-04-18 15:03:31 +0200: Memory Usage (477412K) : Executing rule metal5_iprobe_Offgrid
2026-04-18 15:03:31 +0200: Memory Usage (477412K) : Executing rule metal5_diffprb_Offgrid
2026-04-18 15:03:32 +0200: Memory Usage (477412K) : Executing rule prboundary_drw_Offgrid
2026-04-18 15:03:32 +0200: Memory Usage (477412K) : Executing rule exchange0_drw_Offgrid
2026-04-18 15:03:32 +0200: Memory Usage (477412K) : Executing rule exchange0_pin_Offgrid
2026-04-18 15:03:32 +0200: Memory Usage (477412K) : Executing rule exchange1_drw_Offgrid
2026-04-18 15:03:32 +0200: Memory Usage (477412K) : Executing rule exchange1_pin_Offgrid
2026-04-18 15:03:32 +0200: Memory Usage (477412K) : Executing rule exchange2_drw_Offgrid
2026-04-18 15:03:32 +0200: Memory Usage (477412K) : Executing rule exchange2_pin_Offgrid
2026-04-18 15:03:32 +0200: Memory Usage (477412K) : Executing rule exchange3_drw_Offgrid
2026-04-18 15:03:32 +0200: Memory Usage (477412K) : Executing rule exchange3_pin_Offgrid
2026-04-18 15:03:32 +0200: Memory Usage (477412K) : Executing rule exchange4_drw_Offgrid
2026-04-18 15:03:32 +0200: Memory Usage (477412K) : Executing rule exchange4_pin_Offgrid
2026-04-18 15:03:32 +0200: Memory Usage (477412K) : Executing rule isonwell_drw_Offgrid
2026-04-18 15:03:32 +0200: Memory Usage (477412K) : Executing rule thickgateox_drw_Offgrid
2026-04-18 15:03:32 +0200: Memory Usage (477412K) : Executing rule pempoly_drw_Offgrid
2026-04-18 15:03:32 +0200: Memory Usage (477412K) : Executing rule fbe_drw_Offgrid
2026-04-18 15:03:32 +0200: Memory Usage (477412K) : Executing rule empoly_drw_Offgrid
2026-04-18 15:03:32 +0200: Memory Usage (477412K) : Executing rule ldmos_drw_Offgrid
2026-04-18 15:03:32 +0200: Memory Usage (477412K) : Executing rule pbiwind_drw_Offgrid
2026-04-18 15:03:32 +0200: Memory Usage (477412K) : Executing rule colopen_drw_Offgrid
2026-04-18 15:03:32 +0200: Memory Usage (477412K) : Executing rule extblock_drw_Offgrid
2026-04-18 15:03:32 +0200: Memory Usage (477412K) : Executing rule nldd_drw_Offgrid
2026-04-18 15:03:32 +0200: Memory Usage (477412K) : Executing rule pldd_drw_Offgrid
2026-04-18 15:03:32 +0200: Memory Usage (477412K) : Executing rule next_drw_Offgrid
2026-04-18 15:03:32 +0200: Memory Usage (477412K) : Executing rule pext_drw_Offgrid
2026-04-18 15:03:32 +0200: Memory Usage (477412K) : Executing rule nexthv_drw_Offgrid
2026-04-18 15:03:32 +0200: Memory Usage (477412K) : Executing rule pexthv_drw_Offgrid
2026-04-18 15:03:32 +0200: Memory Usage (477412K) : Executing rule graphgate_drw_Offgrid
2026-04-18 15:03:32 +0200: Memory Usage (477412K) : Executing rule mempad_drw_Offgrid
2026-04-18 15:03:32 +0200: Memory Usage (477412K) : Executing rule topvia1_drw_Offgrid
2026-04-18 15:03:32 +0200: Memory Usage (477412K) : Executing rule topmetal1_drw_Offgrid
2026-04-18 15:03:32 +0200: Memory Usage (477412K) : Executing rule topmetal1_pin_Offgrid
2026-04-18 15:03:32 +0200: Memory Usage (477412K) : Executing rule topmetal1_mask_Offgrid
2026-04-18 15:03:32 +0200: Memory Usage (477412K) : Executing rule topmetal1_filler_Offgrid
2026-04-18 15:03:32 +0200: Memory Usage (477412K) : Executing rule topmetal1_nofill_Offgrid
2026-04-18 15:03:32 +0200: Memory Usage (477412K) : Executing rule topmetal1_slit_Offgrid
2026-04-18 15:03:32 +0200: Memory Usage (477412K) : Executing rule topmetal1_noqrc_Offgrid
2026-04-18 15:03:32 +0200: Memory Usage (477412K) : Executing rule topmetal1_res_Offgrid
2026-04-18 15:03:32 +0200: Memory Usage (477412K) : Executing rule topmetal1_iprobe_Offgrid
2026-04-18 15:03:32 +0200: Memory Usage (477412K) : Executing rule topmetal1_diffprb_Offgrid
2026-04-18 15:03:32 +0200: Memory Usage (477412K) : Executing rule inldpwl_drw_Offgrid
2026-04-18 15:03:32 +0200: Memory Usage (477412K) : Executing rule polyres_drw_Offgrid
2026-04-18 15:03:32 +0200: Memory Usage (477412K) : Executing rule polyres_pin_Offgrid
2026-04-18 15:03:32 +0200: Memory Usage (477412K) : Executing rule vmim_drw_Offgrid
2026-04-18 15:03:32 +0200: Memory Usage (477412K) : Executing rule nbulaycut_drw_Offgrid
2026-04-18 15:03:32 +0200: Memory Usage (477412K) : Executing rule antmetal1_drw_Offgrid
2026-04-18 15:03:32 +0200: Memory Usage (477412K) : Executing rule topvia2_drw_Offgrid
2026-04-18 15:03:32 +0200: Memory Usage (477412K) : Executing rule topmetal2_drw_Offgrid
2026-04-18 15:03:32 +0200: Memory Usage (477412K) : Executing rule topmetal2_pin_Offgrid
2026-04-18 15:03:32 +0200: Memory Usage (477412K) : Executing rule topmetal2_mask_Offgrid
2026-04-18 15:03:32 +0200: Memory Usage (477412K) : Executing rule topmetal2_filler_Offgrid
2026-04-18 15:03:32 +0200: Memory Usage (477412K) : Executing rule topmetal2_nofill_Offgrid
2026-04-18 15:03:32 +0200: Memory Usage (477412K) : Executing rule topmetal2_slit_Offgrid
2026-04-18 15:03:32 +0200: Memory Usage (477412K) : Executing rule topmetal2_noqrc_Offgrid
2026-04-18 15:03:32 +0200: Memory Usage (477412K) : Executing rule topmetal2_res_Offgrid
2026-04-18 15:03:32 +0200: Memory Usage (477412K) : Executing rule topmetal2_iprobe_Offgrid
2026-04-18 15:03:32 +0200: Memory Usage (477412K) : Executing rule topmetal2_diffprb_Offgrid
2026-04-18 15:03:32 +0200: Memory Usage (477412K) : Executing rule snsring_drw_Offgrid
2026-04-18 15:03:32 +0200: Memory Usage (477412K) : Executing rule sensor_drw_Offgrid
2026-04-18 15:03:32 +0200: Memory Usage (477412K) : Executing rule snsarms_drw_Offgrid
2026-04-18 15:03:32 +0200: Memory Usage (477412K) : Executing rule snscmosvia_drw_Offgrid
2026-04-18 15:03:32 +0200: Memory Usage (477412K) : Executing rule colwind_drw_Offgrid
2026-04-18 15:03:32 +0200: Memory Usage (477412K) : Executing rule flm_drw_Offgrid
2026-04-18 15:03:32 +0200: Memory Usage (477412K) : Executing rule hafniumox_drw_Offgrid
2026-04-18 15:03:32 +0200: Memory Usage (477412K) : Executing rule memvia_drw_Offgrid
2026-04-18 15:03:32 +0200: Memory Usage (477412K) : Executing rule thinfilmres_drw_Offgrid
2026-04-18 15:03:32 +0200: Memory Usage (477412K) : Executing rule rfmem_drw_Offgrid
2026-04-18 15:03:32 +0200: Memory Usage (477412K) : Executing rule snsbotvia_drw_Offgrid
2026-04-18 15:03:32 +0200: Memory Usage (477412K) : Executing rule snstopvia_drw_Offgrid
2026-04-18 15:03:32 +0200: Memory Usage (477412K) : Executing rule deepvia_drw_Offgrid
2026-04-18 15:03:32 +0200: Memory Usage (477412K) : Executing rule fgetch_drw_Offgrid
2026-04-18 15:03:32 +0200: Memory Usage (477412K) : Executing rule ctrgat_drw_Offgrid
2026-04-18 15:03:32 +0200: Memory Usage (477412K) : Executing rule fgimp_drw_Offgrid
2026-04-18 15:03:32 +0200: Memory Usage (477412K) : Executing rule emwihv_drw_Offgrid
2026-04-18 15:03:32 +0200: Memory Usage (477412K) : Executing rule lbe_drw_Offgrid
2026-04-18 15:03:32 +0200: Memory Usage (477412K) : Executing rule alcustop_drw_Offgrid
2026-04-18 15:03:32 +0200: Memory Usage (477412K) : Starting 3.2. angle table
2026-04-18 15:03:32 +0200: Memory Usage (477412K) : Executing rule activ_drw_Acute
2026-04-18 15:03:32 +0200: Memory Usage (477412K) : Executing rule activ_pin_Acute
2026-04-18 15:03:32 +0200: Memory Usage (477412K) : Executing rule activ_mask_Acute
2026-04-18 15:03:32 +0200: Memory Usage (477412K) : Executing rule activ_filler_Acute
2026-04-18 15:03:32 +0200: Memory Usage (477412K) : Executing rule activ_nofill_Acute
2026-04-18 15:03:32 +0200: Memory Usage (477412K) : Executing rule activ_opc_Acute
2026-04-18 15:03:32 +0200: Memory Usage (477412K) : Executing rule activ_iopc_Acute
2026-04-18 15:03:32 +0200: Memory Usage (477412K) : Executing rule activ_noqrc_Acute
2026-04-18 15:03:32 +0200: Memory Usage (477412K) : Executing rule biwind_drw_Acute
2026-04-18 15:03:32 +0200: Memory Usage (477412K) : Executing rule biwind_opc_Acute
2026-04-18 15:03:32 +0200: Memory Usage (477412K) : Executing rule pemwind_drw_Acute
2026-04-18 15:03:32 +0200: Memory Usage (477412K) : Executing rule gatpoly_drw_Acute
2026-04-18 15:03:32 +0200: Memory Usage (477412K) : Executing rule gatpoly_pin_Acute
2026-04-18 15:03:32 +0200: Memory Usage (477412K) : Executing rule gatpoly_filler_Acute
2026-04-18 15:03:32 +0200: Memory Usage (477412K) : Executing rule gatpoly_nofill_Acute
2026-04-18 15:03:32 +0200: Memory Usage (477412K) : Executing rule gatpoly_opc_Acute
2026-04-18 15:03:32 +0200: Memory Usage (477412K) : Executing rule gatpoly_iopc_Acute
2026-04-18 15:03:32 +0200: Memory Usage (477412K) : Executing rule gatpoly_noqrc_Acute
2026-04-18 15:03:32 +0200: Memory Usage (477412K) : Executing rule cont_drw_Acute
2026-04-18 15:03:32 +0200: Memory Usage (477412K) : Executing rule cont_opc_Acute
2026-04-18 15:03:32 +0200: Memory Usage (477412K) : Executing rule nsd_drw_Acute
2026-04-18 15:03:32 +0200: Memory Usage (477412K) : Executing rule nsd_block_Acute
2026-04-18 15:03:32 +0200: Memory Usage (477412K) : Executing rule metal1_drw_Acute
2026-04-18 15:03:32 +0200: Memory Usage (477412K) : Executing rule metal1_pin_Acute
2026-04-18 15:03:32 +0200: Memory Usage (477412K) : Executing rule metal1_mask_Acute
2026-04-18 15:03:32 +0200: Memory Usage (477412K) : Executing rule metal1_filler_Acute
2026-04-18 15:03:32 +0200: Memory Usage (477412K) : Executing rule metal1_nofill_Acute
2026-04-18 15:03:32 +0200: Memory Usage (477412K) : Executing rule metal1_slit_Acute
2026-04-18 15:03:32 +0200: Memory Usage (477412K) : Executing rule metal1_opc_Acute
2026-04-18 15:03:32 +0200: Memory Usage (477412K) : Executing rule metal1_noqrc_Acute
2026-04-18 15:03:32 +0200: Memory Usage (477412K) : Executing rule metal1_res_Acute
2026-04-18 15:03:32 +0200: Memory Usage (477412K) : Executing rule metal1_iprobe_Acute
2026-04-18 15:03:32 +0200: Memory Usage (477412K) : Executing rule metal1_diffprb_Acute
2026-04-18 15:03:32 +0200: Memory Usage (477412K) : Executing rule passiv_drw_Acute
2026-04-18 15:03:32 +0200: Memory Usage (477412K) : Executing rule passiv_pin_Acute
2026-04-18 15:03:32 +0200: Memory Usage (477412K) : Executing rule passiv_pillar_Acute
2026-04-18 15:03:32 +0200: Memory Usage (477412K) : Executing rule passiv_sbump_Acute
2026-04-18 15:03:32 +0200: Memory Usage (477412K) : Executing rule passiv_pdl_Acute
2026-04-18 15:03:32 +0200: Memory Usage (477412K) : Executing rule metal2_drw_Acute
2026-04-18 15:03:32 +0200: Memory Usage (477412K) : Executing rule metal2_pin_Acute
2026-04-18 15:03:32 +0200: Memory Usage (477412K) : Executing rule metal2_mask_Acute
2026-04-18 15:03:32 +0200: Memory Usage (477412K) : Executing rule metal2_filler_Acute
2026-04-18 15:03:32 +0200: Memory Usage (477412K) : Executing rule metal2_nofill_Acute
2026-04-18 15:03:32 +0200: Memory Usage (477412K) : Executing rule metal2_slit_Acute
2026-04-18 15:03:32 +0200: Memory Usage (477412K) : Executing rule metal2_opc_Acute
2026-04-18 15:03:32 +0200: Memory Usage (477412K) : Executing rule metal2_noqrc_Acute
2026-04-18 15:03:32 +0200: Memory Usage (477412K) : Executing rule metal2_res_Acute
2026-04-18 15:03:32 +0200: Memory Usage (477412K) : Executing rule metal2_iprobe_Acute
2026-04-18 15:03:32 +0200: Memory Usage (477412K) : Executing rule metal2_diffprb_Acute
2026-04-18 15:03:32 +0200: Memory Usage (477412K) : Executing rule baspoly_drw_Acute
2026-04-18 15:03:32 +0200: Memory Usage (477412K) : Executing rule baspoly_pin_Acute
2026-04-18 15:03:32 +0200: Memory Usage (477412K) : Executing rule psd_drw_Acute
2026-04-18 15:03:32 +0200: Memory Usage (477412K) : Executing rule nldb_drw_Acute
2026-04-18 15:03:32 +0200: Memory Usage (477412K) : Executing rule via1_drw_Acute
2026-04-18 15:03:33 +0200: Memory Usage (477412K) : Executing rule backmetal1_drw_Acute
2026-04-18 15:03:33 +0200: Memory Usage (477412K) : Executing rule backmetal1_pin_Acute
2026-04-18 15:03:33 +0200: Memory Usage (477412K) : Executing rule backmetal1_mask_Acute
2026-04-18 15:03:33 +0200: Memory Usage (477412K) : Executing rule backmetal1_filler_Acute
2026-04-18 15:03:33 +0200: Memory Usage (477412K) : Executing rule backmetal1_nofill_Acute
2026-04-18 15:03:33 +0200: Memory Usage (477412K) : Executing rule backmetal1_slit_Acute
2026-04-18 15:03:33 +0200: Memory Usage (477412K) : Executing rule backmetal1_opc_Acute
2026-04-18 15:03:33 +0200: Memory Usage (477412K) : Executing rule backmetal1_noqrc_Acute
2026-04-18 15:03:33 +0200: Memory Usage (477412K) : Executing rule backmetal1_res_Acute
2026-04-18 15:03:33 +0200: Memory Usage (477412K) : Executing rule backmetal1_iprobe_Acute
2026-04-18 15:03:33 +0200: Memory Usage (477412K) : Executing rule backmetal1_diffprb_Acute
2026-04-18 15:03:33 +0200: Memory Usage (477412K) : Executing rule backpassiv_drw_Acute
2026-04-18 15:03:33 +0200: Memory Usage (477412K) : Executing rule salblock_drw_Acute
2026-04-18 15:03:33 +0200: Memory Usage (477412K) : Executing rule via2_drw_Acute
2026-04-18 15:03:33 +0200: Memory Usage (477412K) : Executing rule metal3_drw_Acute
2026-04-18 15:03:33 +0200: Memory Usage (477412K) : Executing rule metal3_pin_Acute
2026-04-18 15:03:33 +0200: Memory Usage (477412K) : Executing rule metal3_mask_Acute
2026-04-18 15:03:33 +0200: Memory Usage (477412K) : Executing rule metal3_filler_Acute
2026-04-18 15:03:33 +0200: Memory Usage (477412K) : Executing rule metal3_nofill_Acute
2026-04-18 15:03:33 +0200: Memory Usage (477412K) : Executing rule metal3_slit_Acute
2026-04-18 15:03:33 +0200: Memory Usage (477412K) : Executing rule metal3_opc_Acute
2026-04-18 15:03:33 +0200: Memory Usage (477412K) : Executing rule metal3_noqrc_Acute
2026-04-18 15:03:33 +0200: Memory Usage (477412K) : Executing rule metal3_res_Acute
2026-04-18 15:03:33 +0200: Memory Usage (477412K) : Executing rule metal3_iprobe_Acute
2026-04-18 15:03:33 +0200: Memory Usage (477412K) : Executing rule metal3_diffprb_Acute
2026-04-18 15:03:33 +0200: Memory Usage (477412K) : Executing rule nwell_drw_Acute
2026-04-18 15:03:33 +0200: Memory Usage (477412K) : Executing rule nwell_pin_Acute
2026-04-18 15:03:33 +0200: Memory Usage (477412K) : Executing rule nbulay_drw_Acute
2026-04-18 15:03:33 +0200: Memory Usage (477412K) : Executing rule nbulay_pin_Acute
2026-04-18 15:03:33 +0200: Memory Usage (477412K) : Executing rule nbulay_block_Acute
2026-04-18 15:03:33 +0200: Memory Usage (477412K) : Executing rule pwell_drw_Acute
2026-04-18 15:03:33 +0200: Memory Usage (477412K) : Executing rule pwell_pin_Acute
2026-04-18 15:03:33 +0200: Memory Usage (477412K) : Executing rule pwell_block_Acute
2026-04-18 15:03:33 +0200: Memory Usage (477412K) : Executing rule emwind_drw_Acute
2026-04-18 15:03:33 +0200: Memory Usage (477412K) : Executing rule emwind_opc_Acute
2026-04-18 15:03:33 +0200: Memory Usage (477412K) : Executing rule deepco_drw_Acute
2026-04-18 15:03:33 +0200: Memory Usage (477412K) : Executing rule mim_drw_Acute
2026-04-18 15:03:33 +0200: Memory Usage (477412K) : Executing rule substrate_drw_Acute
2026-04-18 15:03:33 +0200: Memory Usage (477412K) : Executing rule ic_drw_Acute
2026-04-18 15:03:33 +0200: Memory Usage (477412K) : Executing rule via3_drw_Acute
2026-04-18 15:03:33 +0200: Memory Usage (477412K) : Executing rule pldb_drw_Acute
2026-04-18 15:03:33 +0200: Memory Usage (477412K) : Executing rule metal4_drw_Acute
2026-04-18 15:03:33 +0200: Memory Usage (477412K) : Executing rule metal4_pin_Acute
2026-04-18 15:03:33 +0200: Memory Usage (477412K) : Executing rule metal4_mask_Acute
2026-04-18 15:03:33 +0200: Memory Usage (477412K) : Executing rule metal4_filler_Acute
2026-04-18 15:03:33 +0200: Memory Usage (477412K) : Executing rule metal4_nofill_Acute
2026-04-18 15:03:33 +0200: Memory Usage (477412K) : Executing rule metal4_slit_Acute
2026-04-18 15:03:33 +0200: Memory Usage (477412K) : Executing rule metal4_opc_Acute
2026-04-18 15:03:33 +0200: Memory Usage (477412K) : Executing rule metal4_noqrc_Acute
2026-04-18 15:03:33 +0200: Memory Usage (477412K) : Executing rule metal4_res_Acute
2026-04-18 15:03:33 +0200: Memory Usage (477412K) : Executing rule metal4_iprobe_Acute
2026-04-18 15:03:33 +0200: Memory Usage (477412K) : Executing rule metal4_diffprb_Acute
2026-04-18 15:03:33 +0200: Memory Usage (477412K) : Executing rule via4_drw_Acute
2026-04-18 15:03:33 +0200: Memory Usage (477412K) : Executing rule metal5_drw_Acute
2026-04-18 15:03:33 +0200: Memory Usage (477412K) : Executing rule metal5_pin_Acute
2026-04-18 15:03:33 +0200: Memory Usage (477412K) : Executing rule metal5_mask_Acute
2026-04-18 15:03:33 +0200: Memory Usage (477412K) : Executing rule metal5_filler_Acute
2026-04-18 15:03:33 +0200: Memory Usage (477412K) : Executing rule metal5_nofill_Acute
2026-04-18 15:03:33 +0200: Memory Usage (477412K) : Executing rule metal5_slit_Acute
2026-04-18 15:03:33 +0200: Memory Usage (477412K) : Executing rule metal5_opc_Acute
2026-04-18 15:03:33 +0200: Memory Usage (477412K) : Executing rule metal5_noqrc_Acute
2026-04-18 15:03:33 +0200: Memory Usage (477412K) : Executing rule metal5_res_Acute
2026-04-18 15:03:33 +0200: Memory Usage (477412K) : Executing rule metal5_iprobe_Acute
2026-04-18 15:03:33 +0200: Memory Usage (477412K) : Executing rule metal5_diffprb_Acute
2026-04-18 15:03:33 +0200: Memory Usage (477412K) : Executing rule prboundary_drw_Acute
2026-04-18 15:03:33 +0200: Memory Usage (477412K) : Executing rule exchange0_drw_Acute
2026-04-18 15:03:33 +0200: Memory Usage (477412K) : Executing rule exchange0_pin_Acute
2026-04-18 15:03:33 +0200: Memory Usage (477412K) : Executing rule exchange1_drw_Acute
2026-04-18 15:03:33 +0200: Memory Usage (477412K) : Executing rule exchange1_pin_Acute
2026-04-18 15:03:33 +0200: Memory Usage (477412K) : Executing rule exchange2_drw_Acute
2026-04-18 15:03:33 +0200: Memory Usage (477412K) : Executing rule exchange2_pin_Acute
2026-04-18 15:03:33 +0200: Memory Usage (477412K) : Executing rule exchange3_drw_Acute
2026-04-18 15:03:33 +0200: Memory Usage (477412K) : Executing rule exchange3_pin_Acute
2026-04-18 15:03:33 +0200: Memory Usage (477412K) : Executing rule exchange4_drw_Acute
2026-04-18 15:03:33 +0200: Memory Usage (477412K) : Executing rule exchange4_pin_Acute
2026-04-18 15:03:33 +0200: Memory Usage (477412K) : Executing rule isonwell_drw_Acute
2026-04-18 15:03:33 +0200: Memory Usage (477412K) : Executing rule thickgateox_drw_Acute
2026-04-18 15:03:33 +0200: Memory Usage (477412K) : Executing rule pempoly_drw_Acute
2026-04-18 15:03:33 +0200: Memory Usage (477412K) : Executing rule fbe_drw_Acute
2026-04-18 15:03:33 +0200: Memory Usage (477412K) : Executing rule empoly_drw_Acute
2026-04-18 15:03:33 +0200: Memory Usage (477412K) : Executing rule ldmos_drw_Acute
2026-04-18 15:03:33 +0200: Memory Usage (477412K) : Executing rule pbiwind_drw_Acute
2026-04-18 15:03:33 +0200: Memory Usage (477412K) : Executing rule colopen_drw_Acute
2026-04-18 15:03:33 +0200: Memory Usage (477412K) : Executing rule extblock_drw_Acute
2026-04-18 15:03:33 +0200: Memory Usage (477412K) : Executing rule nldd_drw_Acute
2026-04-18 15:03:33 +0200: Memory Usage (477412K) : Executing rule pldd_drw_Acute
2026-04-18 15:03:33 +0200: Memory Usage (477412K) : Executing rule next_drw_Acute
2026-04-18 15:03:33 +0200: Memory Usage (477412K) : Executing rule pext_drw_Acute
2026-04-18 15:03:33 +0200: Memory Usage (477412K) : Executing rule nexthv_drw_Acute
2026-04-18 15:03:33 +0200: Memory Usage (477412K) : Executing rule pexthv_drw_Acute
2026-04-18 15:03:33 +0200: Memory Usage (477412K) : Executing rule graphgate_drw_Acute
2026-04-18 15:03:33 +0200: Memory Usage (477412K) : Executing rule mempad_drw_Acute
2026-04-18 15:03:33 +0200: Memory Usage (477412K) : Executing rule topvia1_drw_Acute
2026-04-18 15:03:33 +0200: Memory Usage (477412K) : Executing rule topmetal1_drw_Acute
2026-04-18 15:03:33 +0200: Memory Usage (477412K) : Executing rule topmetal1_pin_Acute
2026-04-18 15:03:33 +0200: Memory Usage (477412K) : Executing rule topmetal1_mask_Acute
2026-04-18 15:03:34 +0200: Memory Usage (477412K) : Executing rule topmetal1_filler_Acute
2026-04-18 15:03:34 +0200: Memory Usage (477412K) : Executing rule topmetal1_nofill_Acute
2026-04-18 15:03:34 +0200: Memory Usage (477412K) : Executing rule topmetal1_slit_Acute
2026-04-18 15:03:34 +0200: Memory Usage (477412K) : Executing rule topmetal1_noqrc_Acute
2026-04-18 15:03:34 +0200: Memory Usage (477412K) : Executing rule topmetal1_res_Acute
2026-04-18 15:03:34 +0200: Memory Usage (477412K) : Executing rule topmetal1_iprobe_Acute
2026-04-18 15:03:34 +0200: Memory Usage (477412K) : Executing rule topmetal1_diffprb_Acute
2026-04-18 15:03:34 +0200: Memory Usage (477412K) : Executing rule inldpwl_drw_Acute
2026-04-18 15:03:34 +0200: Memory Usage (477412K) : Executing rule polyres_drw_Acute
2026-04-18 15:03:34 +0200: Memory Usage (477412K) : Executing rule polyres_pin_Acute
2026-04-18 15:03:34 +0200: Memory Usage (477412K) : Executing rule vmim_drw_Acute
2026-04-18 15:03:34 +0200: Memory Usage (477412K) : Executing rule nbulaycut_drw_Acute
2026-04-18 15:03:34 +0200: Memory Usage (477412K) : Executing rule antmetal1_drw_Acute
2026-04-18 15:03:34 +0200: Memory Usage (477412K) : Executing rule topvia2_drw_Acute
2026-04-18 15:03:34 +0200: Memory Usage (477412K) : Executing rule topmetal2_drw_Acute
2026-04-18 15:03:34 +0200: Memory Usage (477412K) : Executing rule topmetal2_pin_Acute
2026-04-18 15:03:34 +0200: Memory Usage (477412K) : Executing rule topmetal2_mask_Acute
2026-04-18 15:03:34 +0200: Memory Usage (477412K) : Executing rule topmetal2_filler_Acute
2026-04-18 15:03:34 +0200: Memory Usage (477412K) : Executing rule topmetal2_nofill_Acute
2026-04-18 15:03:34 +0200: Memory Usage (477412K) : Executing rule topmetal2_slit_Acute
2026-04-18 15:03:34 +0200: Memory Usage (477412K) : Executing rule topmetal2_noqrc_Acute
2026-04-18 15:03:34 +0200: Memory Usage (477412K) : Executing rule topmetal2_res_Acute
2026-04-18 15:03:34 +0200: Memory Usage (477412K) : Executing rule topmetal2_iprobe_Acute
2026-04-18 15:03:34 +0200: Memory Usage (477412K) : Executing rule topmetal2_diffprb_Acute
2026-04-18 15:03:34 +0200: Memory Usage (477412K) : Executing rule snsring_drw_Acute
2026-04-18 15:03:34 +0200: Memory Usage (477412K) : Executing rule sensor_drw_Acute
2026-04-18 15:03:34 +0200: Memory Usage (477412K) : Executing rule snsarms_drw_Acute
2026-04-18 15:03:34 +0200: Memory Usage (477412K) : Executing rule snscmosvia_drw_Acute
2026-04-18 15:03:34 +0200: Memory Usage (477412K) : Executing rule colwind_drw_Acute
2026-04-18 15:03:34 +0200: Memory Usage (477412K) : Executing rule flm_drw_Acute
2026-04-18 15:03:34 +0200: Memory Usage (477412K) : Executing rule hafniumox_drw_Acute
2026-04-18 15:03:34 +0200: Memory Usage (477412K) : Executing rule memvia_drw_Acute
2026-04-18 15:03:34 +0200: Memory Usage (477412K) : Executing rule thinfilmres_drw_Acute
2026-04-18 15:03:34 +0200: Memory Usage (477412K) : Executing rule rfmem_drw_Acute
2026-04-18 15:03:34 +0200: Memory Usage (477412K) : Executing rule snsbotvia_drw_Acute
2026-04-18 15:03:34 +0200: Memory Usage (477412K) : Executing rule snstopvia_drw_Acute
2026-04-18 15:03:34 +0200: Memory Usage (477412K) : Executing rule deepvia_drw_Acute
2026-04-18 15:03:34 +0200: Memory Usage (477412K) : Executing rule fgetch_drw_Acute
2026-04-18 15:03:34 +0200: Memory Usage (477412K) : Executing rule ctrgat_drw_Acute
2026-04-18 15:03:34 +0200: Memory Usage (477412K) : Executing rule fgimp_drw_Acute
2026-04-18 15:03:34 +0200: Memory Usage (477412K) : Executing rule emwihv_drw_Acute
2026-04-18 15:03:34 +0200: Memory Usage (477412K) : Executing rule lbe_drw_Acute
2026-04-18 15:03:34 +0200: Memory Usage (477412K) : Executing rule alcustop_drw_Acute
2026-04-18 15:03:34 +0200: Memory Usage (477412K) : Executing rule cont_drw_Angle90
2026-04-18 15:03:34 +0200: Memory Usage (478604K) : Executing rule via1_drw_Angle90
2026-04-18 15:03:34 +0200: Memory Usage (489820K) : Executing rule via2_drw_Angle90
2026-04-18 15:03:34 +0200: Memory Usage (499848K) : Executing rule via3_drw_Angle90
2026-04-18 15:03:34 +0200: Memory Usage (502224K) : Executing rule via4_drw_Angle90
2026-04-18 15:03:35 +0200: Memory Usage (502224K) : Executing rule vmim_drw_Angle90
2026-04-18 15:03:35 +0200: Memory Usage (502224K) : Executing rule topvia1_drw_Angle90
2026-04-18 15:03:35 +0200: Memory Usage (502224K) : Executing rule topvia2_drw_Angle90
2026-04-18 15:03:35 +0200: Memory Usage (502224K) : Executing rule gatpoly_drw_Angle45
2026-04-18 15:03:35 +0200: Memory Usage (502224K) : Executing rule activ_drw_Angle45
2026-04-18 15:03:35 +0200: Memory Usage (502224K) : Executing rule metal1_drw_Angle45
2026-04-18 15:03:35 +0200: Memory Usage (502288K) : Executing rule metal2_drw_Angle45
2026-04-18 15:03:35 +0200: Memory Usage (502288K) : Executing rule metal3_drw_Angle45
2026-04-18 15:03:35 +0200: Memory Usage (502288K) : Executing rule metal4_drw_Angle45
2026-04-18 15:03:35 +0200: Memory Usage (502288K) : Executing rule metal5_drw_Angle45
2026-04-18 15:03:35 +0200: Memory Usage (502288K) : Executing rule topmetal1_drw_Angle45
2026-04-18 15:03:35 +0200: Memory Usage (502288K) : Executing rule topmetal2_drw_Angle45
2026-04-18 15:03:35 +0200: Memory Usage (502288K) : Starting 3.2. FORBIDDEN table
2026-04-18 15:03:35 +0200: Memory Usage (502288K) : Executing rule forbidden.biwind
2026-04-18 15:03:35 +0200: Memory Usage (502288K) : Executing rule forbidden.pemwind
2026-04-18 15:03:35 +0200: Memory Usage (502288K) : Executing rule forbidden.baspoly
2026-04-18 15:03:35 +0200: Memory Usage (502288K) : Executing rule forbidden.deepco
2026-04-18 15:03:35 +0200: Memory Usage (502288K) : Executing rule forbidden.pempoly
2026-04-18 15:03:35 +0200: Memory Usage (502288K) : Executing rule forbidden.empoly
2026-04-18 15:03:35 +0200: Memory Usage (502288K) : Executing rule forbidden.ldmos
2026-04-18 15:03:35 +0200: Memory Usage (502288K) : Executing rule forbidden.pbiwind
2026-04-18 15:03:35 +0200: Memory Usage (502288K) : Executing rule forbidden.nodrc
2026-04-18 15:03:35 +0200: Memory Usage (502288K) : Executing rule forbidden.flash
2026-04-18 15:03:35 +0200: Memory Usage (502288K) : Executing rule forbidden.colwind
2026-04-18 15:03:35 +0200: Memory Usage (502288K) : KLayout DRC run for tables 'main' completed in 7.9 seconds
