# Logfile created on 2026-04-16 20:30:48 +0200 by logger.rb/v1.4.3
2026-04-16 20:30:48 +0200: Memory Usage (430160K) : Starting running SG13G2 Klayout LVS runset on /home/designer/shared/LC_VCO_FPLL/gds/blocks/DSM_N_FREQ_DIV.gds
2026-04-16 20:30:48 +0200: Memory Usage (430160K) : Ruby Version for klayout: 3.0.2
2026-04-16 20:30:48 +0200: Memory Usage (430160K) : Loading database to memory is complete.
2026-04-16 20:30:48 +0200: Memory Usage (430160K) : SG13G2 Klayout LVS runset output at: /home/designer/shared/LC_VCO_FPLL/lvs/lvs_run_DSM_N_FREQ_DIV/DSM_N_FREQ_DIV.lvsdb
2026-04-16 20:30:48 +0200: Memory Usage (430160K) : Evaluate switches.
2026-04-16 20:30:48 +0200: Memory Usage (430160K) : Extracted netlist with net names: true
2026-04-16 20:30:48 +0200: Memory Usage (430160K) : Extracted netlist with comments in details: false
2026-04-16 20:30:48 +0200: Memory Usage (430160K) : Selected NET_ONLY option: false
2026-04-16 20:30:48 +0200: Memory Usage (430160K) : Selected LAYOUT_NETLIST option: (none)
2026-04-16 20:30:48 +0200: Memory Usage (430160K) : Selected IGNORE_TOP_PORTS_MISMATCH option: true
2026-04-16 20:30:48 +0200: Memory Usage (430160K) : Selected IMPLICIT_NETS option: (none)
2026-04-16 20:30:48 +0200: Memory Usage (430160K) : Selected TOP_LVL_PINS option: false
2026-04-16 20:30:48 +0200: Memory Usage (430160K) : Selected COMBINE DEVICES option: false
2026-04-16 20:30:48 +0200: Memory Usage (430160K) : Selected PURGE option: false
2026-04-16 20:30:48 +0200: Memory Usage (430160K) : Selected PURGE_NETS option: false
2026-04-16 20:30:48 +0200: Memory Usage (430160K) : Selected SIMPLIFY option: true
2026-04-16 20:30:48 +0200: Memory Usage (430160K) : Selected SERIES_RES option: true
2026-04-16 20:30:48 +0200: Memory Usage (430160K) : Selected PARALLEL_RES option: true
2026-04-16 20:30:48 +0200: Memory Usage (430160K) : deep  mode is enabled.
2026-04-16 20:30:48 +0200: Memory Usage (430160K) : Netlist file: /home/designer/shared/LC_VCO_FPLL/spice/DSM_N_FREQ_DIV.spice
2026-04-16 20:30:48 +0200: Memory Usage (430160K) : LVS extracted netlist at: /home/designer/shared/LC_VCO_FPLL/lvs/lvs_run_DSM_N_FREQ_DIV/DSM_N_FREQ_DIV_extracted.cir
2026-04-16 20:30:48 +0200: Memory Usage (430160K) : Applying SRAM integration support.
2026-04-16 20:30:48 +0200: Memory Usage (430160K) : Starting SG13G2 LVS runset
2026-04-16 20:30:48 +0200: Memory Usage (430160K) : Read in polygons from layers.
2026-04-16 20:30:48 +0200: Memory Usage (430160K) : activ_drw has 2432 polygons
2026-04-16 20:30:48 +0200: Memory Usage (430160K) : activ_filler has 0 polygons
2026-04-16 20:30:48 +0200: Memory Usage (430160K) : activ has 2432 polygons
2026-04-16 20:30:48 +0200: Memory Usage (430160K) : activ_pin has 0 polygons
2026-04-16 20:30:48 +0200: Memory Usage (430160K) : activ_mask has 0 polygons
2026-04-16 20:30:48 +0200: Memory Usage (430160K) : activ_nofill has 0 polygons
2026-04-16 20:30:48 +0200: Memory Usage (432460K) : activ_OPC has 0 polygons
2026-04-16 20:30:48 +0200: Memory Usage (432460K) : activ_iOPC has 0 polygons
2026-04-16 20:30:48 +0200: Memory Usage (432460K) : activ_noqrc has 0 polygons
2026-04-16 20:30:48 +0200: Memory Usage (432460K) : biwind_drw has 0 polygons
2026-04-16 20:30:48 +0200: Memory Usage (432460K) : biwind_OPC has 0 polygons
2026-04-16 20:30:48 +0200: Memory Usage (432460K) : gatpoly_drw has 2259 polygons
2026-04-16 20:30:48 +0200: Memory Usage (432460K) : gatpoly_filler has 0 polygons
2026-04-16 20:30:48 +0200: Memory Usage (432460K) : gatpoly has 2259 polygons
2026-04-16 20:30:48 +0200: Memory Usage (432460K) : gatpoly_pin has 0 polygons
2026-04-16 20:30:48 +0200: Memory Usage (432460K) : gatpoly_nofill has 0 polygons
2026-04-16 20:30:48 +0200: Memory Usage (432460K) : gatpoly_OPC has 0 polygons
2026-04-16 20:30:48 +0200: Memory Usage (432460K) : gatpoly_iOPC has 0 polygons
2026-04-16 20:30:48 +0200: Memory Usage (432460K) : gatpoly_noqrc has 0 polygons
2026-04-16 20:30:48 +0200: Memory Usage (432460K) : cont_drw has 16832 polygons
2026-04-16 20:30:48 +0200: Memory Usage (432460K) : cont_OPC has 0 polygons
2026-04-16 20:30:48 +0200: Memory Usage (432780K) : nsd_drw has 0 polygons
2026-04-16 20:30:48 +0200: Memory Usage (432780K) : nsd_block has 0 polygons
2026-04-16 20:30:48 +0200: Memory Usage (432780K) : metal1_drw has 3926 polygons
2026-04-16 20:30:48 +0200: Memory Usage (432780K) : metal1_filler has 0 polygons
2026-04-16 20:30:48 +0200: Memory Usage (432780K) : metal1_slit has 0 polygons
2026-04-16 20:30:48 +0200: Memory Usage (432780K) : metal1 has 3926 polygons
2026-04-16 20:30:48 +0200: Memory Usage (432780K) : metal1_pin has 1616 polygons
2026-04-16 20:30:48 +0200: Memory Usage (432780K) : metal1_mask has 0 polygons
2026-04-16 20:30:48 +0200: Memory Usage (433100K) : metal1_nofill has 0 polygons
2026-04-16 20:30:48 +0200: Memory Usage (433100K) : metal1_text has 1605 polygons
2026-04-16 20:30:48 +0200: Memory Usage (433100K) : metal1_OPC has 0 polygons
2026-04-16 20:30:48 +0200: Memory Usage (433100K) : metal1_noqrc has 0 polygons
2026-04-16 20:30:48 +0200: Memory Usage (433644K) : metal1_res has 0 polygons
2026-04-16 20:30:48 +0200: Memory Usage (433644K) : metal1_iprobe has 0 polygons
2026-04-16 20:30:48 +0200: Memory Usage (433644K) : metal1_diffprb has 0 polygons
2026-04-16 20:30:48 +0200: Memory Usage (433644K) : passiv_drw has 0 polygons
2026-04-16 20:30:48 +0200: Memory Usage (433908K) : passiv_pin has 0 polygons
2026-04-16 20:30:48 +0200: Memory Usage (433908K) : passiv_sbump has 0 polygons
2026-04-16 20:30:48 +0200: Memory Usage (433908K) : passiv_pillar has 0 polygons
2026-04-16 20:30:48 +0200: Memory Usage (433908K) : passiv_pdl has 0 polygons
2026-04-16 20:30:48 +0200: Memory Usage (434172K) : metal2_drw has 617 polygons
2026-04-16 20:30:48 +0200: Memory Usage (434172K) : metal2_filler has 0 polygons
2026-04-16 20:30:48 +0200: Memory Usage (434172K) : metal2_slit has 0 polygons
2026-04-16 20:30:48 +0200: Memory Usage (434436K) : metal2 has 617 polygons
2026-04-16 20:30:48 +0200: Memory Usage (434436K) : metal2_pin has 1 polygons
2026-04-16 20:30:48 +0200: Memory Usage (434436K) : metal2_mask has 0 polygons
2026-04-16 20:30:48 +0200: Memory Usage (434700K) : metal2_nofill has 0 polygons
2026-04-16 20:30:48 +0200: Memory Usage (434700K) : metal2_text has 1 polygons
2026-04-16 20:30:48 +0200: Memory Usage (434700K) : metal2_OPC has 0 polygons
2026-04-16 20:30:48 +0200: Memory Usage (434700K) : metal2_noqrc has 0 polygons
2026-04-16 20:30:48 +0200: Memory Usage (434964K) : metal2_res has 0 polygons
2026-04-16 20:30:48 +0200: Memory Usage (434964K) : metal2_iprobe has 0 polygons
2026-04-16 20:30:48 +0200: Memory Usage (434964K) : metal2_diffprb has 0 polygons
2026-04-16 20:30:48 +0200: Memory Usage (434964K) : baspoly_drw has 0 polygons
2026-04-16 20:30:48 +0200: Memory Usage (435228K) : baspoly_pin has 0 polygons
2026-04-16 20:30:48 +0200: Memory Usage (435228K) : psd_drw has 1089 polygons
2026-04-16 20:30:48 +0200: Memory Usage (435228K) : nldb_drw has 0 polygons
2026-04-16 20:30:48 +0200: Memory Usage (435228K) : digibnd_drw has 0 polygons
2026-04-16 20:30:48 +0200: Memory Usage (435228K) : via1_drw has 637 polygons
2026-04-16 20:30:48 +0200: Memory Usage (435492K) : backmetal1_drw has 0 polygons
2026-04-16 20:30:48 +0200: Memory Usage (435492K) : backmetal1_pin has 0 polygons
2026-04-16 20:30:48 +0200: Memory Usage (435492K) : backmetal1_mask has 0 polygons
2026-04-16 20:30:48 +0200: Memory Usage (435756K) : backmetal1_filler has 0 polygons
2026-04-16 20:30:48 +0200: Memory Usage (435756K) : backmetal1_nofill has 0 polygons
2026-04-16 20:30:48 +0200: Memory Usage (435756K) : backmetal1_slit has 0 polygons
2026-04-16 20:30:48 +0200: Memory Usage (435756K) : backmetal1_text has 0 polygons
2026-04-16 20:30:48 +0200: Memory Usage (436020K) : backmetal1_OPC has 0 polygons
2026-04-16 20:30:48 +0200: Memory Usage (436020K) : backmetal1_noqrc has 0 polygons
2026-04-16 20:30:48 +0200: Memory Usage (436020K) : backmetal1_res has 0 polygons
2026-04-16 20:30:48 +0200: Memory Usage (436020K) : backmetal1_iprobe has 0 polygons
2026-04-16 20:30:48 +0200: Memory Usage (436020K) : backmetal1_diffprb has 0 polygons
2026-04-16 20:30:48 +0200: Memory Usage (436284K) : backpassiv_drw has 0 polygons
2026-04-16 20:30:48 +0200: Memory Usage (436284K) : res_drw has 0 polygons
2026-04-16 20:30:48 +0200: Memory Usage (436284K) : sram_drw has 0 polygons
2026-04-16 20:30:48 +0200: Memory Usage (436284K) : trans_drw has 0 polygons
2026-04-16 20:30:48 +0200: Memory Usage (436548K) : ind_drw has 0 polygons
2026-04-16 20:30:48 +0200: Memory Usage (436548K) : ind_pin has 0 polygons
2026-04-16 20:30:48 +0200: Memory Usage (436548K) : ind_text has 0 polygons
2026-04-16 20:30:48 +0200: Memory Usage (436548K) : salblock_drw has 0 polygons
2026-04-16 20:30:48 +0200: Memory Usage (436812K) : via2_drw has 440 polygons
2026-04-16 20:30:48 +0200: Memory Usage (436812K) : metal3_drw has 179 polygons
2026-04-16 20:30:48 +0200: Memory Usage (436812K) : metal3_filler has 0 polygons
2026-04-16 20:30:48 +0200: Memory Usage (436812K) : metal3_slit has 0 polygons
2026-04-16 20:30:48 +0200: Memory Usage (437076K) : metal3 has 179 polygons
2026-04-16 20:30:48 +0200: Memory Usage (437076K) : metal3_pin has 5 polygons
2026-04-16 20:30:48 +0200: Memory Usage (437076K) : metal3_mask has 0 polygons
2026-04-16 20:30:48 +0200: Memory Usage (437340K) : metal3_nofill has 0 polygons
2026-04-16 20:30:48 +0200: Memory Usage (437340K) : metal3_text has 5 polygons
2026-04-16 20:30:48 +0200: Memory Usage (437340K) : metal3_OPC has 0 polygons
2026-04-16 20:30:48 +0200: Memory Usage (437340K) : metal3_noqrc has 0 polygons
2026-04-16 20:30:48 +0200: Memory Usage (437604K) : metal3_res has 0 polygons
2026-04-16 20:30:48 +0200: Memory Usage (437604K) : metal3_iprobe has 0 polygons
2026-04-16 20:30:48 +0200: Memory Usage (437604K) : metal3_diffprb has 0 polygons
2026-04-16 20:30:48 +0200: Memory Usage (437604K) : nwell_drw has 542 polygons
2026-04-16 20:30:48 +0200: Memory Usage (437868K) : nwell_pin has 0 polygons
2026-04-16 20:30:48 +0200: Memory Usage (437868K) : nwell_text has 0 polygons
2026-04-16 20:30:48 +0200: Memory Usage (437868K) : nbulay_drw has 0 polygons
2026-04-16 20:30:48 +0200: Memory Usage (437868K) : nbulay_pin has 0 polygons
2026-04-16 20:30:48 +0200: Memory Usage (438132K) : nbulay_block has 0 polygons
2026-04-16 20:30:48 +0200: Memory Usage (438132K) : emwind_drw has 0 polygons
2026-04-16 20:30:48 +0200: Memory Usage (438132K) : emwind_OPC has 0 polygons
2026-04-16 20:30:48 +0200: Memory Usage (438132K) : deepco_drw has 0 polygons
2026-04-16 20:30:48 +0200: Memory Usage (438396K) : mim_drw has 0 polygons
2026-04-16 20:30:48 +0200: Memory Usage (438396K) : edgeseal_drw has 0 polygons
2026-04-16 20:30:48 +0200: Memory Usage (438396K) : substrate_drw has 0 polygons
2026-04-16 20:30:48 +0200: Memory Usage (438396K) : substrate_text has 0 polygons
2026-04-16 20:30:48 +0200: Memory Usage (438660K) : dfpad_drw has 0 polygons
2026-04-16 20:30:48 +0200: Memory Usage (438660K) : dfpad_pillar has 0 polygons
2026-04-16 20:30:48 +0200: Memory Usage (438660K) : dfpad_sbump has 0 polygons
2026-04-16 20:30:48 +0200: Memory Usage (438660K) : thickgateox_drw has 0 polygons
2026-04-16 20:30:48 +0200: Memory Usage (438924K) : pldb_drw has 0 polygons
2026-04-16 20:30:48 +0200: Memory Usage (438924K) : pwell_drw has 0 polygons
2026-04-16 20:30:48 +0200: Memory Usage (438924K) : pwell_pin has 0 polygons
2026-04-16 20:30:48 +0200: Memory Usage (438924K) : pwell_block has 0 polygons
2026-04-16 20:30:48 +0200: Memory Usage (439188K) : ic_drw has 0 polygons
2026-04-16 20:30:48 +0200: Memory Usage (439188K) : via3_drw has 112 polygons
2026-04-16 20:30:48 +0200: Memory Usage (439188K) : metal4_drw has 23 polygons
2026-04-16 20:30:48 +0200: Memory Usage (439188K) : metal4_filler has 0 polygons
2026-04-16 20:30:48 +0200: Memory Usage (439452K) : metal4_slit has 0 polygons
2026-04-16 20:30:48 +0200: Memory Usage (439452K) : metal4 has 23 polygons
2026-04-16 20:30:48 +0200: Memory Usage (439452K) : metal4_pin has 0 polygons
2026-04-16 20:30:48 +0200: Memory Usage (439452K) : metal4_mask has 0 polygons
2026-04-16 20:30:48 +0200: Memory Usage (439716K) : metal4_nofill has 0 polygons
2026-04-16 20:30:48 +0200: Memory Usage (439716K) : metal4_text has 0 polygons
2026-04-16 20:30:48 +0200: Memory Usage (439716K) : metal4_OPC has 0 polygons
2026-04-16 20:30:48 +0200: Memory Usage (439716K) : metal4_noqrc has 0 polygons
2026-04-16 20:30:48 +0200: Memory Usage (439980K) : metal4_res has 0 polygons
2026-04-16 20:30:48 +0200: Memory Usage (439980K) : metal4_iprobe has 0 polygons
2026-04-16 20:30:48 +0200: Memory Usage (439980K) : metal4_diffprb has 0 polygons
2026-04-16 20:30:48 +0200: Memory Usage (439980K) : heattrans_drw has 0 polygons
2026-04-16 20:30:48 +0200: Memory Usage (440244K) : heatres_drw has 0 polygons
2026-04-16 20:30:48 +0200: Memory Usage (440244K) : fbe_drw has 0 polygons
2026-04-16 20:30:48 +0200: Memory Usage (440244K) : empoly_drw has 0 polygons
2026-04-16 20:30:48 +0200: Memory Usage (440244K) : digisub_drw has 0 polygons
2026-04-16 20:30:48 +0200: Memory Usage (440508K) : text_drw has 0 polygons
2026-04-16 20:30:48 +0200: Memory Usage (440508K) : via4_drw has 110 polygons
2026-04-16 20:30:48 +0200: Memory Usage (440508K) : metal5_drw has 22 polygons
2026-04-16 20:30:48 +0200: Memory Usage (440508K) : metal5_filler has 0 polygons
2026-04-16 20:30:48 +0200: Memory Usage (440772K) : metal5_slit has 0 polygons
2026-04-16 20:30:48 +0200: Memory Usage (440772K) : metal5 has 22 polygons
2026-04-16 20:30:48 +0200: Memory Usage (440772K) : metal5_pin has 0 polygons
2026-04-16 20:30:48 +0200: Memory Usage (441036K) : metal5_mask has 0 polygons
2026-04-16 20:30:48 +0200: Memory Usage (441036K) : metal5_nofill has 0 polygons
2026-04-16 20:30:48 +0200: Memory Usage (441036K) : metal5_text has 0 polygons
2026-04-16 20:30:48 +0200: Memory Usage (441036K) : metal5_OPC has 0 polygons
2026-04-16 20:30:48 +0200: Memory Usage (441300K) : metal5_noqrc has 0 polygons
2026-04-16 20:30:48 +0200: Memory Usage (441300K) : metal5_res has 0 polygons
2026-04-16 20:30:48 +0200: Memory Usage (441300K) : metal5_iprobe has 0 polygons
2026-04-16 20:30:48 +0200: Memory Usage (441300K) : metal5_diffprb has 0 polygons
2026-04-16 20:30:48 +0200: Memory Usage (441564K) : radhard_drw has 0 polygons
2026-04-16 20:30:48 +0200: Memory Usage (441564K) : memcap_drw has 0 polygons
2026-04-16 20:30:48 +0200: Memory Usage (441564K) : varicap_drw has 0 polygons
2026-04-16 20:30:48 +0200: Memory Usage (441564K) : intbondvia_drw has 0 polygons
2026-04-16 20:30:48 +0200: Memory Usage (441828K) : intbondmet_drw has 0 polygons
2026-04-16 20:30:48 +0200: Memory Usage (441828K) : devbondvia_drw has 0 polygons
2026-04-16 20:30:48 +0200: Memory Usage (441828K) : devbondmet_drw has 0 polygons
2026-04-16 20:30:48 +0200: Memory Usage (441828K) : devtrench_drw has 0 polygons
2026-04-16 20:30:48 +0200: Memory Usage (442092K) : redist_drw has 0 polygons
2026-04-16 20:30:48 +0200: Memory Usage (442092K) : graphbot_drw has 0 polygons
2026-04-16 20:30:48 +0200: Memory Usage (442092K) : graphtop_drw has 0 polygons
2026-04-16 20:30:48 +0200: Memory Usage (442092K) : antvia1_drw has 0 polygons
2026-04-16 20:30:48 +0200: Memory Usage (442356K) : antmetal2_drw has 0 polygons
2026-04-16 20:30:48 +0200: Memory Usage (442356K) : graphcont_drw has 0 polygons
2026-04-16 20:30:48 +0200: Memory Usage (442356K) : siwg_drw has 0 polygons
2026-04-16 20:30:48 +0200: Memory Usage (442356K) : siwg_filler has 0 polygons
2026-04-16 20:30:48 +0200: Memory Usage (442620K) : siwg_nofill has 0 polygons
2026-04-16 20:30:48 +0200: Memory Usage (442620K) : sigrating_drw has 0 polygons
2026-04-16 20:30:48 +0200: Memory Usage (442620K) : singrating_drw has 0 polygons
2026-04-16 20:30:48 +0200: Memory Usage (442620K) : graphpas_drw has 0 polygons
2026-04-16 20:30:48 +0200: Memory Usage (442884K) : emwind3_drw has 0 polygons
2026-04-16 20:30:48 +0200: Memory Usage (442884K) : emwihv3_drw has 0 polygons
2026-04-16 20:30:48 +0200: Memory Usage (442884K) : redbulay_drw has 0 polygons
2026-04-16 20:30:48 +0200: Memory Usage (442884K) : smos_drw has 0 polygons
2026-04-16 20:30:48 +0200: Memory Usage (443148K) : graphpad_drw has 0 polygons
2026-04-16 20:30:48 +0200: Memory Usage (443148K) : polimide_drw has 0 polygons
2026-04-16 20:30:48 +0200: Memory Usage (443148K) : polimide_pin has 0 polygons
2026-04-16 20:30:48 +0200: Memory Usage (443148K) : recog_drw has 0 polygons
2026-04-16 20:30:48 +0200: Memory Usage (443412K) : recog_pin has 0 polygons
2026-04-16 20:30:48 +0200: Memory Usage (443412K) : recog_esd has 0 polygons
2026-04-16 20:30:48 +0200: Memory Usage (443412K) : recog_diode has 0 polygons
2026-04-16 20:30:48 +0200: Memory Usage (443412K) : recog_tsv has 0 polygons
2026-04-16 20:30:48 +0200: Memory Usage (443676K) : recog_iprobe has 0 polygons
2026-04-16 20:30:48 +0200: Memory Usage (443676K) : recog_diffprb has 0 polygons
2026-04-16 20:30:48 +0200: Memory Usage (443676K) : recog_pillar has 0 polygons
2026-04-16 20:30:48 +0200: Memory Usage (443676K) : recog_sbump has 0 polygons
2026-04-16 20:30:48 +0200: Memory Usage (443940K) : recog_otp has 0 polygons
2026-04-16 20:30:48 +0200: Memory Usage (443940K) : recog_pdiode has 0 polygons
2026-04-16 20:30:48 +0200: Memory Usage (443940K) : recog_mom has 0 polygons
2026-04-16 20:30:48 +0200: Memory Usage (443940K) : recog_pcm has 0 polygons
2026-04-16 20:30:48 +0200: Memory Usage (444204K) : colopen_drw has 0 polygons
2026-04-16 20:30:48 +0200: Memory Usage (444204K) : graphmetal1_drw has 0 polygons
2026-04-16 20:30:48 +0200: Memory Usage (444204K) : graphmetal1_filler has 0 polygons
2026-04-16 20:30:48 +0200: Memory Usage (444204K) : graphmetal1_nofill has 0 polygons
2026-04-16 20:30:48 +0200: Memory Usage (444468K) : graphmetal1_slit has 0 polygons
2026-04-16 20:30:48 +0200: Memory Usage (444468K) : graphmetal1_OPC has 0 polygons
2026-04-16 20:30:48 +0200: Memory Usage (444468K) : graphmet1l_drw has 0 polygons
2026-04-16 20:30:48 +0200: Memory Usage (444468K) : graphmet1l_filler has 0 polygons
2026-04-16 20:30:48 +0200: Memory Usage (444732K) : graphmet1l_nofill has 0 polygons
2026-04-16 20:30:48 +0200: Memory Usage (444732K) : graphmet1l_slit has 0 polygons
2026-04-16 20:30:48 +0200: Memory Usage (444732K) : graphmet1l_OPC has 0 polygons
2026-04-16 20:30:48 +0200: Memory Usage (444732K) : extblock_drw has 0 polygons
2026-04-16 20:30:48 +0200: Memory Usage (444996K) : nldd_drw has 0 polygons
2026-04-16 20:30:48 +0200: Memory Usage (444996K) : pldd_drw has 0 polygons
2026-04-16 20:30:48 +0200: Memory Usage (444996K) : next_drw has 0 polygons
2026-04-16 20:30:48 +0200: Memory Usage (444996K) : pext_drw has 0 polygons
2026-04-16 20:30:48 +0200: Memory Usage (445260K) : nexthv_drw has 0 polygons
2026-04-16 20:30:48 +0200: Memory Usage (445260K) : pexthv_drw has 0 polygons
2026-04-16 20:30:48 +0200: Memory Usage (445260K) : graphgate_drw has 0 polygons
2026-04-16 20:30:48 +0200: Memory Usage (445260K) : sinwg_drw has 0 polygons
2026-04-16 20:30:48 +0200: Memory Usage (445524K) : sinwg_filler has 0 polygons
2026-04-16 20:30:48 +0200: Memory Usage (445524K) : sinwg_nofill has 0 polygons
2026-04-16 20:30:48 +0200: Memory Usage (445524K) : mempad_drw has 0 polygons
2026-04-16 20:30:48 +0200: Memory Usage (445524K) : topvia1_drw has 44 polygons
2026-04-16 20:30:48 +0200: Memory Usage (445788K) : topmetal1_drw has 2 polygons
2026-04-16 20:30:48 +0200: Memory Usage (445788K) : topmetal1_filler has 0 polygons
2026-04-16 20:30:48 +0200: Memory Usage (445788K) : topmetal1_slit has 0 polygons
2026-04-16 20:30:48 +0200: Memory Usage (446052K) : topmetal1 has 2 polygons
2026-04-16 20:30:48 +0200: Memory Usage (446052K) : topmetal1_pin has 2 polygons
2026-04-16 20:30:48 +0200: Memory Usage (446052K) : topmetal1_mask has 0 polygons
2026-04-16 20:30:48 +0200: Memory Usage (446052K) : topmetal1_nofill has 0 polygons
2026-04-16 20:30:48 +0200: Memory Usage (446316K) : topmetal1_text has 2 polygons
2026-04-16 20:30:48 +0200: Memory Usage (446316K) : topmetal1_noqrc has 0 polygons
2026-04-16 20:30:48 +0200: Memory Usage (446316K) : topmetal1_res has 0 polygons
2026-04-16 20:30:48 +0200: Memory Usage (446316K) : topmetal1_iprobe has 0 polygons
2026-04-16 20:30:48 +0200: Memory Usage (446580K) : topmetal1_diffprb has 0 polygons
2026-04-16 20:30:48 +0200: Memory Usage (446580K) : inldpwl_drw has 0 polygons
2026-04-16 20:30:48 +0200: Memory Usage (446580K) : polyres_drw has 0 polygons
2026-04-16 20:30:48 +0200: Memory Usage (446580K) : polyres_pin has 0 polygons
2026-04-16 20:30:48 +0200: Memory Usage (446844K) : vmim_drw has 0 polygons
2026-04-16 20:30:48 +0200: Memory Usage (446844K) : nbulaycut_drw has 0 polygons
2026-04-16 20:30:48 +0200: Memory Usage (446844K) : antmetal1_drw has 0 polygons
2026-04-16 20:30:48 +0200: Memory Usage (446844K) : topvia2_drw has 2 polygons
2026-04-16 20:30:48 +0200: Memory Usage (446844K) : topmetal2_drw has 2 polygons
2026-04-16 20:30:48 +0200: Memory Usage (446844K) : topmetal2_filler has 0 polygons
2026-04-16 20:30:48 +0200: Memory Usage (446844K) : topmetal2_slit has 0 polygons
2026-04-16 20:30:48 +0200: Memory Usage (446844K) : topmetal2 has 2 polygons
2026-04-16 20:30:48 +0200: Memory Usage (446844K) : topmetal2_pin has 2 polygons
2026-04-16 20:30:48 +0200: Memory Usage (446844K) : topmetal2_mask has 0 polygons
2026-04-16 20:30:48 +0200: Memory Usage (446844K) : topmetal2_nofill has 0 polygons
2026-04-16 20:30:48 +0200: Memory Usage (446844K) : topmetal2_text has 2 polygons
2026-04-16 20:30:48 +0200: Memory Usage (446844K) : topmetal2_noqrc has 0 polygons
2026-04-16 20:30:48 +0200: Memory Usage (446844K) : topmetal2_res has 0 polygons
2026-04-16 20:30:48 +0200: Memory Usage (446844K) : topmetal2_iprobe has 0 polygons
2026-04-16 20:30:48 +0200: Memory Usage (446844K) : topmetal2_diffprb has 0 polygons
2026-04-16 20:30:48 +0200: Memory Usage (446844K) : snsring_drw has 0 polygons
2026-04-16 20:30:48 +0200: Memory Usage (446844K) : sensor_drw has 0 polygons
2026-04-16 20:30:48 +0200: Memory Usage (446844K) : snsarms_drw has 0 polygons
2026-04-16 20:30:48 +0200: Memory Usage (446844K) : snscmosvia_drw has 0 polygons
2026-04-16 20:30:48 +0200: Memory Usage (446844K) : colwind_drw has 0 polygons
2026-04-16 20:30:48 +0200: Memory Usage (446844K) : flm_drw has 0 polygons
2026-04-16 20:30:48 +0200: Memory Usage (446844K) : hafniumox_drw has 0 polygons
2026-04-16 20:30:48 +0200: Memory Usage (446844K) : memvia_drw has 0 polygons
2026-04-16 20:30:48 +0200: Memory Usage (446844K) : thinfilmres_drw has 0 polygons
2026-04-16 20:30:48 +0200: Memory Usage (446844K) : rfmem_drw has 0 polygons
2026-04-16 20:30:48 +0200: Memory Usage (446844K) : norcx_drw has 0 polygons
2026-04-16 20:30:48 +0200: Memory Usage (446844K) : norcx_m2m3 has 0 polygons
2026-04-16 20:30:48 +0200: Memory Usage (446844K) : norcx_m2m4 has 0 polygons
2026-04-16 20:30:48 +0200: Memory Usage (446844K) : norcx_m2m5 has 0 polygons
2026-04-16 20:30:48 +0200: Memory Usage (446844K) : norcx_m2tm1 has 0 polygons
2026-04-16 20:30:48 +0200: Memory Usage (446844K) : norcx_m2tm2 has 0 polygons
2026-04-16 20:30:48 +0200: Memory Usage (446844K) : norcx_m3m4 has 0 polygons
2026-04-16 20:30:48 +0200: Memory Usage (446844K) : norcx_m3m5 has 0 polygons
2026-04-16 20:30:48 +0200: Memory Usage (446844K) : norcx_m3tm1 has 0 polygons
2026-04-16 20:30:48 +0200: Memory Usage (446844K) : norcx_m3tm2 has 0 polygons
2026-04-16 20:30:48 +0200: Memory Usage (446844K) : norcx_m4m5 has 0 polygons
2026-04-16 20:30:48 +0200: Memory Usage (446844K) : norcx_m4tm1 has 0 polygons
2026-04-16 20:30:48 +0200: Memory Usage (446844K) : norcx_m4tm2 has 0 polygons
2026-04-16 20:30:48 +0200: Memory Usage (446844K) : norcx_m5tm1 has 0 polygons
2026-04-16 20:30:48 +0200: Memory Usage (446844K) : norcx_m5tm2 has 0 polygons
2026-04-16 20:30:48 +0200: Memory Usage (446844K) : norcx_tm1tm2 has 0 polygons
2026-04-16 20:30:48 +0200: Memory Usage (446844K) : norcx_m1sub has 0 polygons
2026-04-16 20:30:48 +0200: Memory Usage (446844K) : norcx_m2sub has 0 polygons
2026-04-16 20:30:48 +0200: Memory Usage (446844K) : norcx_m3sub has 0 polygons
2026-04-16 20:30:48 +0200: Memory Usage (446844K) : norcx_m4sub has 0 polygons
2026-04-16 20:30:48 +0200: Memory Usage (446844K) : norcx_m5sub has 0 polygons
2026-04-16 20:30:48 +0200: Memory Usage (446844K) : norcx_tm1sub has 0 polygons
2026-04-16 20:30:48 +0200: Memory Usage (446844K) : norcx_tm2sub has 0 polygons
2026-04-16 20:30:48 +0200: Memory Usage (446844K) : snsbotvia_drw has 0 polygons
2026-04-16 20:30:48 +0200: Memory Usage (446844K) : snstopvia_drw has 0 polygons
2026-04-16 20:30:48 +0200: Memory Usage (446844K) : deepvia_drw has 0 polygons
2026-04-16 20:30:48 +0200: Memory Usage (446844K) : fgetch_drw has 0 polygons
2026-04-16 20:30:48 +0200: Memory Usage (446844K) : ctrgat_drw has 0 polygons
2026-04-16 20:30:48 +0200: Memory Usage (446844K) : fgimp_drw has 0 polygons
2026-04-16 20:30:48 +0200: Memory Usage (446844K) : emwihv_drw has 0 polygons
2026-04-16 20:30:48 +0200: Memory Usage (446844K) : lbe_drw has 0 polygons
2026-04-16 20:30:48 +0200: Memory Usage (446844K) : alcustop_drw has 0 polygons
2026-04-16 20:30:48 +0200: Memory Usage (446844K) : nometfiller_drw has 0 polygons
2026-04-16 20:30:48 +0200: Memory Usage (446844K) : prboundary_drw has 0 polygons
2026-04-16 20:30:48 +0200: Memory Usage (446844K) : exchange0_drw has 0 polygons
2026-04-16 20:30:48 +0200: Memory Usage (446844K) : exchange0_pin has 0 polygons
2026-04-16 20:30:48 +0200: Memory Usage (446844K) : exchange0_text has 0 polygons
2026-04-16 20:30:48 +0200: Memory Usage (446844K) : exchange1_drw has 0 polygons
2026-04-16 20:30:48 +0200: Memory Usage (446844K) : exchange1_pin has 0 polygons
2026-04-16 20:30:48 +0200: Memory Usage (446844K) : exchange1_text has 0 polygons
2026-04-16 20:30:48 +0200: Memory Usage (446844K) : exchange2_drw has 0 polygons
2026-04-16 20:30:48 +0200: Memory Usage (446844K) : exchange2_pin has 0 polygons
2026-04-16 20:30:48 +0200: Memory Usage (446844K) : exchange2_text has 0 polygons
2026-04-16 20:30:48 +0200: Memory Usage (446844K) : exchange3_drw has 0 polygons
2026-04-16 20:30:48 +0200: Memory Usage (446844K) : exchange3_pin has 0 polygons
2026-04-16 20:30:48 +0200: Memory Usage (446844K) : exchange3_text has 0 polygons
2026-04-16 20:30:48 +0200: Memory Usage (446844K) : exchange4_drw has 0 polygons
2026-04-16 20:30:48 +0200: Memory Usage (446844K) : exchange4_pin has 0 polygons
2026-04-16 20:30:48 +0200: Memory Usage (446844K) : exchange4_text has 0 polygons
2026-04-16 20:30:48 +0200: Memory Usage (446844K) : isonwell_drw has 0 polygons
2026-04-16 20:30:48 +0200: Memory Usage (446844K) : Total no. of polygons in the design is 32511
2026-04-16 20:30:48 +0200: Memory Usage (446844K) : Starting base layers derivations
2026-04-16 20:30:48 +0200: Memory Usage (446844K) : Starting general LVS derivations
2026-04-16 20:30:49 +0200: Memory Usage (450272K) : Starting MOSFET DERIVATIONS
2026-04-16 20:30:49 +0200: Memory Usage (450340K) : Starting NMOS DERIVATIONS
2026-04-16 20:30:49 +0200: Memory Usage (450340K) : Starting PMOS DERIVATIONS
2026-04-16 20:30:49 +0200: Memory Usage (450340K) : Starting RF-MOSFET DERIVATIONS
2026-04-16 20:30:49 +0200: Memory Usage (450340K) : Starting RF-NMOS DERIVATIONS
2026-04-16 20:30:49 +0200: Memory Usage (450340K) : Starting RF-PMOS DERIVATIONS
2026-04-16 20:30:49 +0200: Memory Usage (450340K) : Starting BJT DERIVATIONS
2026-04-16 20:30:49 +0200: Memory Usage (450340K) : Starting NPN-BJT DERIVATIONS
2026-04-16 20:30:49 +0200: Memory Usage (450340K) : Starting PNP-BJT DERIVATIONS
2026-04-16 20:30:49 +0200: Memory Usage (450340K) : Starting DIODE DERIVATIONS
2026-04-16 20:30:49 +0200: Memory Usage (450340K) : Starting RESISTOR DERIVATIONS
2026-04-16 20:30:49 +0200: Memory Usage (450340K) : Starting CAP DERIVATIONS
2026-04-16 20:30:49 +0200: Memory Usage (450340K) : Starting ESD DERIVATIONS
2026-04-16 20:30:50 +0200: Memory Usage (450340K) : Starting Inductor DERIVATIONS
2026-04-16 20:30:50 +0200: Memory Usage (450340K) : Starting Taps DERIVATIONS
2026-04-16 20:30:50 +0200: Memory Usage (450340K) : Starting SG13G2 LVS connectivity setup
2026-04-16 20:30:50 +0200: Memory Usage (450340K) : Starting SG13G2 LVS connectivity setup (Inter-layer)
2026-04-16 20:30:50 +0200: Memory Usage (450340K) : Starting SG13G2 LVS connectivity setup (Global)
2026-04-16 20:30:50 +0200: Memory Usage (450340K) : Starting LVS MOSFET CONNECTIONS
2026-04-16 20:30:50 +0200: Memory Usage (450340K) : Starting LVS RF-MOSFET CONNECTIONS
2026-04-16 20:30:50 +0200: Memory Usage (450340K) : Starting LVS BJT CONNECTIONS
2026-04-16 20:30:50 +0200: Memory Usage (450340K) : Starting LVS DIODE CONNECTIONS
2026-04-16 20:30:50 +0200: Memory Usage (450340K) : Starting RESISTOR CONNECTIONS
2026-04-16 20:30:50 +0200: Memory Usage (450340K) : Starting LVS CAP CONNECTIONS
2026-04-16 20:30:50 +0200: Memory Usage (450340K) : Starting ESD CONNECTIONS
2026-04-16 20:30:50 +0200: Memory Usage (450340K) : Starting Inductor CONNECTIONS
2026-04-16 20:30:50 +0200: Memory Usage (450340K) : Starting LVS Taps CONNECTIONS
2026-04-16 20:30:50 +0200: Memory Usage (450340K) : Starting SG13G2 LVS DEVICES EXTRACTION
2026-04-16 20:30:50 +0200: Memory Usage (450340K) : Starting MOSFET EXTRACTION
2026-04-16 20:30:50 +0200: Memory Usage (450340K) : Starting NMOS EXTRACTION
2026-04-16 20:30:50 +0200: Memory Usage (450340K) : Extraction of NMOS-LV transistor
2026-04-16 20:30:50 +0200: Memory Usage (450340K) : Extraction of NMOS-HV transistor
2026-04-16 20:30:50 +0200: Memory Usage (450340K) : Starting PMOS EXTRACTION
2026-04-16 20:30:50 +0200: Memory Usage (450340K) : Extraction of PMOS-LV transistor
2026-04-16 20:30:50 +0200: Memory Usage (450340K) : Extraction of PMOS-HV transistor
2026-04-16 20:30:50 +0200: Memory Usage (450340K) : Starting RF-MOSFET EXTRACTION
2026-04-16 20:30:50 +0200: Memory Usage (450340K) : Extraction of RF-NMOS-LV transistor
2026-04-16 20:30:50 +0200: Memory Usage (450340K) : Extraction of RF-NMOS-HV transistor
2026-04-16 20:30:50 +0200: Memory Usage (450340K) : Extraction of RF-PMOS-LV transistor
2026-04-16 20:30:50 +0200: Memory Usage (450340K) : Extraction of RF-PMOS-HV transistor
2026-04-16 20:30:50 +0200: Memory Usage (450340K) : Starting BJT EXTRACTION
2026-04-16 20:30:50 +0200: Memory Usage (450340K) : Starting NPN-BJT EXTRACTION
2026-04-16 20:30:50 +0200: Memory Usage (450340K) : Extraction of npn13G2 BJT transistor
2026-04-16 20:30:50 +0200: Memory Usage (450340K) : Extraction of npn13G2L BJT transistor
2026-04-16 20:30:50 +0200: Memory Usage (450340K) : Extraction of npn13G2V BJT transistor
2026-04-16 20:30:50 +0200: Memory Usage (450340K) : Starting PNP-BJT EXTRACTION
2026-04-16 20:30:50 +0200: Memory Usage (450340K) : Extracting pnpMPA BJT
2026-04-16 20:30:50 +0200: Memory Usage (450340K) : Starting DIODE EXTRACTION
2026-04-16 20:30:50 +0200: Memory Usage (450340K) : Extracting dantenna diode
2026-04-16 20:30:50 +0200: Memory Usage (450340K) : Extracting dpantenna diode
2026-04-16 20:30:50 +0200: Memory Usage (450340K) : Extracting schottky_nbl1 diode
2026-04-16 20:30:50 +0200: Memory Usage (450340K) : Extracting isolbox diode
2026-04-16 20:30:50 +0200: Memory Usage (450340K) : Starting RESISTOR EXTRACTION
2026-04-16 20:30:50 +0200: Memory Usage (450340K) : Extracting rsil resistor
2026-04-16 20:30:50 +0200: Memory Usage (450340K) : Extracting rppd resistor
2026-04-16 20:30:50 +0200: Memory Usage (450340K) : Extracting rhigh resistor
2026-04-16 20:30:50 +0200: Memory Usage (450340K) : Extracting res_metal1 resistor
2026-04-16 20:30:50 +0200: Memory Usage (450340K) : Extracting res_metal2 resistor
2026-04-16 20:30:50 +0200: Memory Usage (450340K) : Extracting res_metal3 resistor
2026-04-16 20:30:50 +0200: Memory Usage (450340K) : Extracting res_metal4 resistor
2026-04-16 20:30:50 +0200: Memory Usage (450340K) : Extracting res_metal5 resistor
2026-04-16 20:30:50 +0200: Memory Usage (450340K) : Extracting res_topmetal1 resistor
2026-04-16 20:30:50 +0200: Memory Usage (450340K) : Extracting res_topmetal2 resistor
2026-04-16 20:30:50 +0200: Memory Usage (450340K) : Starting CAP EXTRACTION
2026-04-16 20:30:50 +0200: Memory Usage (450340K) : Extracting cap_cmim device
2026-04-16 20:30:50 +0200: Memory Usage (450340K) : Extracting rfcmim device
2026-04-16 20:30:50 +0200: Memory Usage (450340K) : Extracting sg13_hv_svaricap varactor
2026-04-16 20:30:50 +0200: Memory Usage (450340K) : Starting ESD EXTRACTION
2026-04-16 20:30:50 +0200: Memory Usage (450340K) : Extracting diodevdd_2kv ESD device
2026-04-16 20:30:50 +0200: Memory Usage (450340K) : Extracting diodevdd_4kv ESD device
2026-04-16 20:30:50 +0200: Memory Usage (450340K) : Extracting diodevss_2kv ESD device
2026-04-16 20:30:50 +0200: Memory Usage (450340K) : Extracting diodevss_4kv ESD device
2026-04-16 20:30:50 +0200: Memory Usage (450340K) : Extracting idiodevdd_2kv ESD device
2026-04-16 20:30:50 +0200: Memory Usage (450340K) : Extracting idiodevdd_4kv ESD device
2026-04-16 20:30:50 +0200: Memory Usage (450340K) : Extracting idiodevss_2kv ESD device
2026-04-16 20:30:50 +0200: Memory Usage (450340K) : Extracting idiodevss_4kv ESD device
2026-04-16 20:30:50 +0200: Memory Usage (450340K) : Extracting nmoscl_2 ESD device
2026-04-16 20:30:50 +0200: Memory Usage (450340K) : Extracting nmoscl_4 ESD device
2026-04-16 20:30:50 +0200: Memory Usage (450340K) : Starting Inductor EXTRACTION
2026-04-16 20:30:50 +0200: Memory Usage (450340K) : Extracting Inductor2 device
2026-04-16 20:30:50 +0200: Memory Usage (450340K) : Extracting Inductor3 device
2026-04-16 20:30:50 +0200: Memory Usage (450340K) : Starting Taps EXTRACTION
2026-04-16 20:30:50 +0200: Memory Usage (450340K) : Extracting ntap1 device
2026-04-16 20:30:50 +0200: Memory Usage (450340K) : Extracting ptap1 device
2026-04-16 20:30:50 +0200: Memory Usage (450340K) : Starting SG13G2 LVS RF MOS Model Mapping
2026-04-16 20:30:50 +0200: Memory Usage (450340K) : [layout_netlist] Apply RF MOS model mapping and rfmode parameter.
2026-04-16 20:30:50 +0200: Memory Usage (450340K) : Starting SG13G2 LVS Options Preparations
2026-04-16 20:30:50 +0200: Memory Usage (450340K) : SG13G2 LVS flow: extraction -> alignment -> option preparation -> comparison.
2026-04-16 20:30:50 +0200: Memory Usage (450340K) : Starting SG13G2 LVS Alignment
2026-04-16 20:30:50 +0200: Memory Usage (450340K) : Starting SG13G2 LVS Simplification
2026-04-16 20:30:50 +0200: Memory Usage (450340K) : [layout_netlist] simplify: ENABLED
2026-04-16 20:30:50 +0200: Memory Usage (450340K) : [layout_netlist] make_top_level_pins: SKIPPED
2026-04-16 20:30:50 +0200: Memory Usage (450340K) : [layout_netlist] combine_devices: SKIPPED
2026-04-16 20:30:50 +0200: Memory Usage (450340K) : [layout_netlist] purge: SKIPPED
2026-04-16 20:30:50 +0200: Memory Usage (450340K) : [layout_netlist] purge_nets: SKIPPED
2026-04-16 20:30:50 +0200: Memory Usage (450340K) : [schematic_netlist] simplify: ENABLED
2026-04-16 20:30:50 +0200: Memory Usage (450340K) : [schematic_netlist] make_top_level_pins: SKIPPED
2026-04-16 20:30:50 +0200: Memory Usage (450340K) : [schematic_netlist] combine_devices: SKIPPED
2026-04-16 20:30:50 +0200: Memory Usage (450340K) : [schematic_netlist] purge: SKIPPED
2026-04-16 20:30:50 +0200: Memory Usage (450340K) : [schematic_netlist] purge_nets: SKIPPED
2026-04-16 20:30:50 +0200: Memory Usage (450340K) : Starting SG13G2 LVS Comparison
2026-04-16 20:30:50 +0200: Memory Usage (450340K) : ==========================================
2026-04-16 20:30:50 +0200: Memory Usage (450340K) : INFO : Congratulations! Netlists match.
2026-04-16 20:30:50 +0200: Memory Usage (450340K) : ==========================================
2026-04-16 20:30:50 +0200: Memory Usage (450340K) : LVS Total Run time 2.814532 seconds
