# Logfile created on 2026-04-18 22:24:17 +0200 by logger.rb/v1.4.3
2026-04-18 22:24:17 +0200: Memory Usage (430592K) : Starting running SG13G2 Klayout LVS runset on /home/designer/shared/LC_VCO_FPLL/gds/blocks/4nH_INDUCTOR.gds
2026-04-18 22:24:17 +0200: Memory Usage (430592K) : Ruby Version for klayout: 3.0.2
2026-04-18 22:24:17 +0200: Memory Usage (430592K) : Loading database to memory is complete.
2026-04-18 22:24:17 +0200: Memory Usage (430592K) : SG13G2 Klayout LVS runset output at: /home/designer/shared/LC_VCO_FPLL/lvs/lvs_run_4nH_INDUCTOR/4nH_INDUCTOR.lvsdb
2026-04-18 22:24:17 +0200: Memory Usage (430592K) : Evaluate switches.
2026-04-18 22:24:17 +0200: Memory Usage (430592K) : Extracted netlist with net names: true
2026-04-18 22:24:17 +0200: Memory Usage (430592K) : Extracted netlist with comments in details: false
2026-04-18 22:24:17 +0200: Memory Usage (430592K) : Selected NET_ONLY option: true
2026-04-18 22:24:17 +0200: Memory Usage (430592K) : Selected LAYOUT_NETLIST option: (none)
2026-04-18 22:24:17 +0200: Memory Usage (430592K) : Selected IGNORE_TOP_PORTS_MISMATCH option: true
2026-04-18 22:24:17 +0200: Memory Usage (430592K) : Selected IMPLICIT_NETS option: (none)
2026-04-18 22:24:17 +0200: Memory Usage (430592K) : Selected TOP_LVL_PINS option: false
2026-04-18 22:24:17 +0200: Memory Usage (430592K) : Selected COMBINE DEVICES option: false
2026-04-18 22:24:17 +0200: Memory Usage (430592K) : Selected PURGE option: false
2026-04-18 22:24:17 +0200: Memory Usage (430592K) : Selected PURGE_NETS option: false
2026-04-18 22:24:17 +0200: Memory Usage (430592K) : Selected SIMPLIFY option: true
2026-04-18 22:24:17 +0200: Memory Usage (430592K) : Selected SERIES_RES option: true
2026-04-18 22:24:17 +0200: Memory Usage (430592K) : Selected PARALLEL_RES option: true
2026-04-18 22:24:17 +0200: Memory Usage (430592K) : deep  mode is enabled.
2026-04-18 22:24:17 +0200: Memory Usage (430592K) : LVS extracted netlist at: /home/designer/shared/LC_VCO_FPLL/lvs/lvs_run_4nH_INDUCTOR/4nH_INDUCTOR_extracted.cir
2026-04-18 22:24:17 +0200: Memory Usage (430592K) : Applying SRAM integration support.
2026-04-18 22:24:17 +0200: Memory Usage (430592K) : Starting SG13G2 LVS runset
2026-04-18 22:24:17 +0200: Memory Usage (430592K) : Read in polygons from layers.
2026-04-18 22:24:17 +0200: Memory Usage (430592K) : activ_drw has 0 polygons
2026-04-18 22:24:17 +0200: Memory Usage (430592K) : activ_filler has 0 polygons
2026-04-18 22:24:17 +0200: Memory Usage (430592K) : activ has 0 polygons
2026-04-18 22:24:17 +0200: Memory Usage (430592K) : activ_pin has 0 polygons
2026-04-18 22:24:17 +0200: Memory Usage (430592K) : activ_mask has 0 polygons
2026-04-18 22:24:17 +0200: Memory Usage (430592K) : activ_nofill has 1 polygons
2026-04-18 22:24:17 +0200: Memory Usage (430592K) : activ_OPC has 0 polygons
2026-04-18 22:24:17 +0200: Memory Usage (430592K) : activ_iOPC has 0 polygons
2026-04-18 22:24:17 +0200: Memory Usage (430592K) : activ_noqrc has 0 polygons
2026-04-18 22:24:17 +0200: Memory Usage (430592K) : biwind_drw has 0 polygons
2026-04-18 22:24:17 +0200: Memory Usage (430592K) : biwind_OPC has 0 polygons
2026-04-18 22:24:17 +0200: Memory Usage (430592K) : gatpoly_drw has 0 polygons
2026-04-18 22:24:17 +0200: Memory Usage (430592K) : gatpoly_filler has 0 polygons
2026-04-18 22:24:17 +0200: Memory Usage (430592K) : gatpoly has 0 polygons
2026-04-18 22:24:17 +0200: Memory Usage (430592K) : gatpoly_pin has 0 polygons
2026-04-18 22:24:17 +0200: Memory Usage (432772K) : gatpoly_nofill has 1 polygons
2026-04-18 22:24:17 +0200: Memory Usage (432772K) : gatpoly_OPC has 0 polygons
2026-04-18 22:24:17 +0200: Memory Usage (432772K) : gatpoly_iOPC has 0 polygons
2026-04-18 22:24:17 +0200: Memory Usage (432772K) : gatpoly_noqrc has 0 polygons
2026-04-18 22:24:17 +0200: Memory Usage (432772K) : cont_drw has 0 polygons
2026-04-18 22:24:17 +0200: Memory Usage (433036K) : cont_OPC has 0 polygons
2026-04-18 22:24:17 +0200: Memory Usage (433036K) : nsd_drw has 0 polygons
2026-04-18 22:24:17 +0200: Memory Usage (433036K) : nsd_block has 0 polygons
2026-04-18 22:24:17 +0200: Memory Usage (433036K) : metal1_drw has 0 polygons
2026-04-18 22:24:17 +0200: Memory Usage (433036K) : metal1_filler has 0 polygons
2026-04-18 22:24:17 +0200: Memory Usage (433036K) : metal1_slit has 0 polygons
2026-04-18 22:24:17 +0200: Memory Usage (433300K) : metal1 has 0 polygons
2026-04-18 22:24:17 +0200: Memory Usage (433300K) : metal1_pin has 0 polygons
2026-04-18 22:24:17 +0200: Memory Usage (433300K) : metal1_mask has 0 polygons
2026-04-18 22:24:17 +0200: Memory Usage (433300K) : metal1_nofill has 1 polygons
2026-04-18 22:24:17 +0200: Memory Usage (433300K) : metal1_text has 0 polygons
2026-04-18 22:24:17 +0200: Memory Usage (433680K) : metal1_OPC has 0 polygons
2026-04-18 22:24:17 +0200: Memory Usage (433680K) : metal1_noqrc has 0 polygons
2026-04-18 22:24:17 +0200: Memory Usage (433680K) : metal1_res has 0 polygons
2026-04-18 22:24:17 +0200: Memory Usage (433680K) : metal1_iprobe has 0 polygons
2026-04-18 22:24:17 +0200: Memory Usage (433944K) : metal1_diffprb has 0 polygons
2026-04-18 22:24:17 +0200: Memory Usage (433944K) : passiv_drw has 0 polygons
2026-04-18 22:24:17 +0200: Memory Usage (433944K) : passiv_pin has 0 polygons
2026-04-18 22:24:17 +0200: Memory Usage (433944K) : passiv_sbump has 0 polygons
2026-04-18 22:24:17 +0200: Memory Usage (434208K) : passiv_pillar has 0 polygons
2026-04-18 22:24:17 +0200: Memory Usage (434208K) : passiv_pdl has 0 polygons
2026-04-18 22:24:17 +0200: Memory Usage (434208K) : metal2_drw has 0 polygons
2026-04-18 22:24:17 +0200: Memory Usage (434208K) : metal2_filler has 0 polygons
2026-04-18 22:24:17 +0200: Memory Usage (434472K) : metal2_slit has 0 polygons
2026-04-18 22:24:17 +0200: Memory Usage (434472K) : metal2 has 0 polygons
2026-04-18 22:24:17 +0200: Memory Usage (434472K) : metal2_pin has 0 polygons
2026-04-18 22:24:17 +0200: Memory Usage (434736K) : metal2_mask has 0 polygons
2026-04-18 22:24:17 +0200: Memory Usage (434736K) : metal2_nofill has 1 polygons
2026-04-18 22:24:17 +0200: Memory Usage (434736K) : metal2_text has 0 polygons
2026-04-18 22:24:17 +0200: Memory Usage (434736K) : metal2_OPC has 0 polygons
2026-04-18 22:24:17 +0200: Memory Usage (434736K) : metal2_noqrc has 0 polygons
2026-04-18 22:24:17 +0200: Memory Usage (435000K) : metal2_res has 0 polygons
2026-04-18 22:24:17 +0200: Memory Usage (435000K) : metal2_iprobe has 0 polygons
2026-04-18 22:24:17 +0200: Memory Usage (435000K) : metal2_diffprb has 0 polygons
2026-04-18 22:24:17 +0200: Memory Usage (435000K) : baspoly_drw has 0 polygons
2026-04-18 22:24:17 +0200: Memory Usage (435264K) : baspoly_pin has 0 polygons
2026-04-18 22:24:17 +0200: Memory Usage (435264K) : psd_drw has 0 polygons
2026-04-18 22:24:17 +0200: Memory Usage (435264K) : nldb_drw has 0 polygons
2026-04-18 22:24:17 +0200: Memory Usage (435264K) : digibnd_drw has 0 polygons
2026-04-18 22:24:17 +0200: Memory Usage (435528K) : via1_drw has 0 polygons
2026-04-18 22:24:17 +0200: Memory Usage (435528K) : backmetal1_drw has 0 polygons
2026-04-18 22:24:17 +0200: Memory Usage (435528K) : backmetal1_pin has 0 polygons
2026-04-18 22:24:17 +0200: Memory Usage (435528K) : backmetal1_mask has 0 polygons
2026-04-18 22:24:17 +0200: Memory Usage (435792K) : backmetal1_filler has 0 polygons
2026-04-18 22:24:17 +0200: Memory Usage (435792K) : backmetal1_nofill has 0 polygons
2026-04-18 22:24:17 +0200: Memory Usage (435792K) : backmetal1_slit has 0 polygons
2026-04-18 22:24:17 +0200: Memory Usage (435792K) : backmetal1_text has 0 polygons
2026-04-18 22:24:17 +0200: Memory Usage (436056K) : backmetal1_OPC has 0 polygons
2026-04-18 22:24:17 +0200: Memory Usage (436056K) : backmetal1_noqrc has 0 polygons
2026-04-18 22:24:17 +0200: Memory Usage (436056K) : backmetal1_res has 0 polygons
2026-04-18 22:24:17 +0200: Memory Usage (436056K) : backmetal1_iprobe has 0 polygons
2026-04-18 22:24:17 +0200: Memory Usage (436056K) : backmetal1_diffprb has 0 polygons
2026-04-18 22:24:17 +0200: Memory Usage (436320K) : backpassiv_drw has 0 polygons
2026-04-18 22:24:17 +0200: Memory Usage (436320K) : res_drw has 0 polygons
2026-04-18 22:24:17 +0200: Memory Usage (436320K) : sram_drw has 0 polygons
2026-04-18 22:24:17 +0200: Memory Usage (436320K) : trans_drw has 0 polygons
2026-04-18 22:24:17 +0200: Memory Usage (436584K) : ind_drw has 1 polygons
2026-04-18 22:24:17 +0200: Memory Usage (436584K) : ind_pin has 2 polygons
2026-04-18 22:24:17 +0200: Memory Usage (436584K) : ind_text has 2 polygons
2026-04-18 22:24:17 +0200: Memory Usage (436584K) : salblock_drw has 0 polygons
2026-04-18 22:24:17 +0200: Memory Usage (437024K) : via2_drw has 0 polygons
2026-04-18 22:24:17 +0200: Memory Usage (437024K) : metal3_drw has 2 polygons
2026-04-18 22:24:17 +0200: Memory Usage (437024K) : metal3_filler has 0 polygons
2026-04-18 22:24:17 +0200: Memory Usage (437024K) : metal3_slit has 0 polygons
2026-04-18 22:24:17 +0200: Memory Usage (437288K) : metal3 has 2 polygons
2026-04-18 22:24:17 +0200: Memory Usage (437288K) : metal3_pin has 0 polygons
2026-04-18 22:24:17 +0200: Memory Usage (437288K) : metal3_mask has 0 polygons
2026-04-18 22:24:17 +0200: Memory Usage (437604K) : metal3_nofill has 1 polygons
2026-04-18 22:24:17 +0200: Memory Usage (437604K) : metal3_text has 0 polygons
2026-04-18 22:24:17 +0200: Memory Usage (437604K) : metal3_OPC has 0 polygons
2026-04-18 22:24:17 +0200: Memory Usage (437604K) : metal3_noqrc has 0 polygons
2026-04-18 22:24:17 +0200: Memory Usage (437868K) : metal3_res has 0 polygons
2026-04-18 22:24:17 +0200: Memory Usage (437868K) : metal3_iprobe has 0 polygons
2026-04-18 22:24:17 +0200: Memory Usage (437868K) : metal3_diffprb has 0 polygons
2026-04-18 22:24:17 +0200: Memory Usage (437868K) : nwell_drw has 0 polygons
2026-04-18 22:24:17 +0200: Memory Usage (437868K) : nwell_pin has 0 polygons
2026-04-18 22:24:17 +0200: Memory Usage (438132K) : nwell_text has 0 polygons
2026-04-18 22:24:17 +0200: Memory Usage (438132K) : nbulay_drw has 0 polygons
2026-04-18 22:24:17 +0200: Memory Usage (438132K) : nbulay_pin has 0 polygons
2026-04-18 22:24:17 +0200: Memory Usage (438132K) : nbulay_block has 0 polygons
2026-04-18 22:24:17 +0200: Memory Usage (438132K) : emwind_drw has 0 polygons
2026-04-18 22:24:17 +0200: Memory Usage (438396K) : emwind_OPC has 0 polygons
2026-04-18 22:24:17 +0200: Memory Usage (438396K) : deepco_drw has 0 polygons
2026-04-18 22:24:17 +0200: Memory Usage (438396K) : mim_drw has 0 polygons
2026-04-18 22:24:17 +0200: Memory Usage (438396K) : edgeseal_drw has 0 polygons
2026-04-18 22:24:17 +0200: Memory Usage (438660K) : substrate_drw has 0 polygons
2026-04-18 22:24:17 +0200: Memory Usage (438660K) : substrate_text has 0 polygons
2026-04-18 22:24:17 +0200: Memory Usage (438660K) : dfpad_drw has 0 polygons
2026-04-18 22:24:17 +0200: Memory Usage (438660K) : dfpad_pillar has 0 polygons
2026-04-18 22:24:17 +0200: Memory Usage (438924K) : dfpad_sbump has 0 polygons
2026-04-18 22:24:17 +0200: Memory Usage (438924K) : thickgateox_drw has 0 polygons
2026-04-18 22:24:17 +0200: Memory Usage (438924K) : pldb_drw has 0 polygons
2026-04-18 22:24:17 +0200: Memory Usage (438924K) : pwell_drw has 0 polygons
2026-04-18 22:24:17 +0200: Memory Usage (439188K) : pwell_pin has 0 polygons
2026-04-18 22:24:17 +0200: Memory Usage (439188K) : pwell_block has 1 polygons
2026-04-18 22:24:17 +0200: Memory Usage (439188K) : ic_drw has 0 polygons
2026-04-18 22:24:17 +0200: Memory Usage (439188K) : via3_drw has 1736 polygons
2026-04-18 22:24:17 +0200: Memory Usage (439512K) : metal4_drw has 2 polygons
2026-04-18 22:24:17 +0200: Memory Usage (439512K) : metal4_filler has 0 polygons
2026-04-18 22:24:17 +0200: Memory Usage (439512K) : metal4_slit has 0 polygons
2026-04-18 22:24:17 +0200: Memory Usage (439512K) : metal4 has 2 polygons
2026-04-18 22:24:17 +0200: Memory Usage (439776K) : metal4_pin has 0 polygons
2026-04-18 22:24:17 +0200: Memory Usage (439776K) : metal4_mask has 0 polygons
2026-04-18 22:24:17 +0200: Memory Usage (439776K) : metal4_nofill has 1 polygons
2026-04-18 22:24:17 +0200: Memory Usage (439776K) : metal4_text has 0 polygons
2026-04-18 22:24:17 +0200: Memory Usage (440040K) : metal4_OPC has 0 polygons
2026-04-18 22:24:17 +0200: Memory Usage (440040K) : metal4_noqrc has 0 polygons
2026-04-18 22:24:17 +0200: Memory Usage (440040K) : metal4_res has 0 polygons
2026-04-18 22:24:17 +0200: Memory Usage (440040K) : metal4_iprobe has 0 polygons
2026-04-18 22:24:17 +0200: Memory Usage (440304K) : metal4_diffprb has 0 polygons
2026-04-18 22:24:17 +0200: Memory Usage (440304K) : heattrans_drw has 0 polygons
2026-04-18 22:24:17 +0200: Memory Usage (440304K) : heatres_drw has 0 polygons
2026-04-18 22:24:17 +0200: Memory Usage (440304K) : fbe_drw has 0 polygons
2026-04-18 22:24:17 +0200: Memory Usage (440568K) : empoly_drw has 0 polygons
2026-04-18 22:24:17 +0200: Memory Usage (440568K) : digisub_drw has 0 polygons
2026-04-18 22:24:17 +0200: Memory Usage (440568K) : text_drw has 0 polygons
2026-04-18 22:24:17 +0200: Memory Usage (440568K) : via4_drw has 1736 polygons
2026-04-18 22:24:17 +0200: Memory Usage (440832K) : metal5_drw has 2 polygons
2026-04-18 22:24:17 +0200: Memory Usage (440832K) : metal5_filler has 0 polygons
2026-04-18 22:24:17 +0200: Memory Usage (440832K) : metal5_slit has 0 polygons
2026-04-18 22:24:17 +0200: Memory Usage (440832K) : metal5 has 2 polygons
2026-04-18 22:24:17 +0200: Memory Usage (441096K) : metal5_pin has 0 polygons
2026-04-18 22:24:17 +0200: Memory Usage (441096K) : metal5_mask has 0 polygons
2026-04-18 22:24:17 +0200: Memory Usage (441096K) : metal5_nofill has 1 polygons
2026-04-18 22:24:17 +0200: Memory Usage (441096K) : metal5_text has 0 polygons
2026-04-18 22:24:17 +0200: Memory Usage (441360K) : metal5_OPC has 0 polygons
2026-04-18 22:24:17 +0200: Memory Usage (441360K) : metal5_noqrc has 0 polygons
2026-04-18 22:24:17 +0200: Memory Usage (441360K) : metal5_res has 0 polygons
2026-04-18 22:24:17 +0200: Memory Usage (441360K) : metal5_iprobe has 0 polygons
2026-04-18 22:24:17 +0200: Memory Usage (441624K) : metal5_diffprb has 0 polygons
2026-04-18 22:24:17 +0200: Memory Usage (441624K) : radhard_drw has 0 polygons
2026-04-18 22:24:17 +0200: Memory Usage (441624K) : memcap_drw has 0 polygons
2026-04-18 22:24:17 +0200: Memory Usage (441624K) : varicap_drw has 0 polygons
2026-04-18 22:24:17 +0200: Memory Usage (441888K) : intbondvia_drw has 0 polygons
2026-04-18 22:24:17 +0200: Memory Usage (441888K) : intbondmet_drw has 0 polygons
2026-04-18 22:24:17 +0200: Memory Usage (441888K) : devbondvia_drw has 0 polygons
2026-04-18 22:24:17 +0200: Memory Usage (441888K) : devbondmet_drw has 0 polygons
2026-04-18 22:24:17 +0200: Memory Usage (442152K) : devtrench_drw has 0 polygons
2026-04-18 22:24:17 +0200: Memory Usage (442152K) : redist_drw has 0 polygons
2026-04-18 22:24:17 +0200: Memory Usage (442152K) : graphbot_drw has 0 polygons
2026-04-18 22:24:17 +0200: Memory Usage (442152K) : graphtop_drw has 0 polygons
2026-04-18 22:24:17 +0200: Memory Usage (442416K) : antvia1_drw has 0 polygons
2026-04-18 22:24:17 +0200: Memory Usage (442416K) : antmetal2_drw has 0 polygons
2026-04-18 22:24:17 +0200: Memory Usage (442416K) : graphcont_drw has 0 polygons
2026-04-18 22:24:17 +0200: Memory Usage (442416K) : siwg_drw has 0 polygons
2026-04-18 22:24:17 +0200: Memory Usage (442416K) : siwg_filler has 0 polygons
2026-04-18 22:24:17 +0200: Memory Usage (442680K) : siwg_nofill has 0 polygons
2026-04-18 22:24:17 +0200: Memory Usage (442680K) : sigrating_drw has 0 polygons
2026-04-18 22:24:17 +0200: Memory Usage (442680K) : singrating_drw has 0 polygons
2026-04-18 22:24:17 +0200: Memory Usage (442680K) : graphpas_drw has 0 polygons
2026-04-18 22:24:17 +0200: Memory Usage (442944K) : emwind3_drw has 0 polygons
2026-04-18 22:24:17 +0200: Memory Usage (442944K) : emwihv3_drw has 0 polygons
2026-04-18 22:24:17 +0200: Memory Usage (442944K) : redbulay_drw has 0 polygons
2026-04-18 22:24:17 +0200: Memory Usage (442944K) : smos_drw has 0 polygons
2026-04-18 22:24:17 +0200: Memory Usage (443208K) : graphpad_drw has 0 polygons
2026-04-18 22:24:17 +0200: Memory Usage (443208K) : polimide_drw has 0 polygons
2026-04-18 22:24:17 +0200: Memory Usage (443208K) : polimide_pin has 0 polygons
2026-04-18 22:24:17 +0200: Memory Usage (443208K) : recog_drw has 0 polygons
2026-04-18 22:24:17 +0200: Memory Usage (443472K) : recog_pin has 0 polygons
2026-04-18 22:24:17 +0200: Memory Usage (443472K) : recog_esd has 0 polygons
2026-04-18 22:24:17 +0200: Memory Usage (443472K) : recog_diode has 0 polygons
2026-04-18 22:24:17 +0200: Memory Usage (443472K) : recog_tsv has 0 polygons
2026-04-18 22:24:17 +0200: Memory Usage (443736K) : recog_iprobe has 0 polygons
2026-04-18 22:24:17 +0200: Memory Usage (443736K) : recog_diffprb has 0 polygons
2026-04-18 22:24:17 +0200: Memory Usage (443736K) : recog_pillar has 0 polygons
2026-04-18 22:24:17 +0200: Memory Usage (443736K) : recog_sbump has 0 polygons
2026-04-18 22:24:17 +0200: Memory Usage (444000K) : recog_otp has 0 polygons
2026-04-18 22:24:17 +0200: Memory Usage (444000K) : recog_pdiode has 0 polygons
2026-04-18 22:24:17 +0200: Memory Usage (444000K) : recog_mom has 0 polygons
2026-04-18 22:24:17 +0200: Memory Usage (444000K) : recog_pcm has 0 polygons
2026-04-18 22:24:17 +0200: Memory Usage (444264K) : colopen_drw has 0 polygons
2026-04-18 22:24:17 +0200: Memory Usage (444264K) : graphmetal1_drw has 0 polygons
2026-04-18 22:24:17 +0200: Memory Usage (444264K) : graphmetal1_filler has 0 polygons
2026-04-18 22:24:17 +0200: Memory Usage (444264K) : graphmetal1_nofill has 0 polygons
2026-04-18 22:24:17 +0200: Memory Usage (444528K) : graphmetal1_slit has 0 polygons
2026-04-18 22:24:17 +0200: Memory Usage (444528K) : graphmetal1_OPC has 0 polygons
2026-04-18 22:24:17 +0200: Memory Usage (444528K) : graphmet1l_drw has 0 polygons
2026-04-18 22:24:17 +0200: Memory Usage (444528K) : graphmet1l_filler has 0 polygons
2026-04-18 22:24:17 +0200: Memory Usage (444792K) : graphmet1l_nofill has 0 polygons
2026-04-18 22:24:17 +0200: Memory Usage (444792K) : graphmet1l_slit has 0 polygons
2026-04-18 22:24:17 +0200: Memory Usage (444792K) : graphmet1l_OPC has 0 polygons
2026-04-18 22:24:17 +0200: Memory Usage (444792K) : extblock_drw has 0 polygons
2026-04-18 22:24:17 +0200: Memory Usage (445056K) : nldd_drw has 0 polygons
2026-04-18 22:24:17 +0200: Memory Usage (445056K) : pldd_drw has 0 polygons
2026-04-18 22:24:17 +0200: Memory Usage (445056K) : next_drw has 0 polygons
2026-04-18 22:24:17 +0200: Memory Usage (445056K) : pext_drw has 0 polygons
2026-04-18 22:24:17 +0200: Memory Usage (445320K) : nexthv_drw has 0 polygons
2026-04-18 22:24:17 +0200: Memory Usage (445320K) : pexthv_drw has 0 polygons
2026-04-18 22:24:17 +0200: Memory Usage (445320K) : graphgate_drw has 0 polygons
2026-04-18 22:24:17 +0200: Memory Usage (445320K) : sinwg_drw has 0 polygons
2026-04-18 22:24:17 +0200: Memory Usage (445584K) : sinwg_filler has 0 polygons
2026-04-18 22:24:17 +0200: Memory Usage (445584K) : sinwg_nofill has 0 polygons
2026-04-18 22:24:17 +0200: Memory Usage (445584K) : mempad_drw has 0 polygons
2026-04-18 22:24:17 +0200: Memory Usage (445584K) : topvia1_drw has 420 polygons
2026-04-18 22:24:17 +0200: Memory Usage (445848K) : topmetal1_drw has 8 polygons
2026-04-18 22:24:17 +0200: Memory Usage (445848K) : topmetal1_filler has 0 polygons
2026-04-18 22:24:17 +0200: Memory Usage (445848K) : topmetal1_slit has 0 polygons
2026-04-18 22:24:17 +0200: Memory Usage (445848K) : topmetal1 has 8 polygons
2026-04-18 22:24:17 +0200: Memory Usage (446112K) : topmetal1_pin has 0 polygons
2026-04-18 22:24:17 +0200: Memory Usage (446112K) : topmetal1_mask has 0 polygons
2026-04-18 22:24:17 +0200: Memory Usage (446112K) : topmetal1_nofill has 1 polygons
2026-04-18 22:24:17 +0200: Memory Usage (446112K) : topmetal1_text has 0 polygons
2026-04-18 22:24:17 +0200: Memory Usage (446376K) : topmetal1_noqrc has 0 polygons
2026-04-18 22:24:17 +0200: Memory Usage (446376K) : topmetal1_res has 0 polygons
2026-04-18 22:24:17 +0200: Memory Usage (446376K) : topmetal1_iprobe has 0 polygons
2026-04-18 22:24:17 +0200: Memory Usage (446376K) : topmetal1_diffprb has 0 polygons
2026-04-18 22:24:17 +0200: Memory Usage (446640K) : inldpwl_drw has 0 polygons
2026-04-18 22:24:17 +0200: Memory Usage (446640K) : polyres_drw has 0 polygons
2026-04-18 22:24:17 +0200: Memory Usage (446640K) : polyres_pin has 0 polygons
2026-04-18 22:24:17 +0200: Memory Usage (446640K) : vmim_drw has 0 polygons
2026-04-18 22:24:17 +0200: Memory Usage (446904K) : nbulaycut_drw has 0 polygons
2026-04-18 22:24:17 +0200: Memory Usage (446904K) : antmetal1_drw has 0 polygons
2026-04-18 22:24:17 +0200: Memory Usage (446904K) : topvia2_drw has 990 polygons
2026-04-18 22:24:17 +0200: Memory Usage (446904K) : topmetal2_drw has 23 polygons
2026-04-18 22:24:17 +0200: Memory Usage (447168K) : topmetal2_filler has 0 polygons
2026-04-18 22:24:17 +0200: Memory Usage (447168K) : topmetal2_slit has 0 polygons
2026-04-18 22:24:17 +0200: Memory Usage (447168K) : topmetal2 has 23 polygons
2026-04-18 22:24:17 +0200: Memory Usage (447432K) : topmetal2_pin has 2 polygons
2026-04-18 22:24:17 +0200: Memory Usage (447432K) : topmetal2_mask has 0 polygons
2026-04-18 22:24:17 +0200: Memory Usage (447432K) : topmetal2_nofill has 1 polygons
2026-04-18 22:24:17 +0200: Memory Usage (447432K) : topmetal2_text has 2 polygons
2026-04-18 22:24:17 +0200: Memory Usage (447432K) : topmetal2_noqrc has 0 polygons
2026-04-18 22:24:17 +0200: Memory Usage (447432K) : topmetal2_res has 0 polygons
2026-04-18 22:24:17 +0200: Memory Usage (447432K) : topmetal2_iprobe has 0 polygons
2026-04-18 22:24:17 +0200: Memory Usage (447432K) : topmetal2_diffprb has 0 polygons
2026-04-18 22:24:17 +0200: Memory Usage (447432K) : snsring_drw has 0 polygons
2026-04-18 22:24:17 +0200: Memory Usage (447432K) : sensor_drw has 0 polygons
2026-04-18 22:24:17 +0200: Memory Usage (447432K) : snsarms_drw has 0 polygons
2026-04-18 22:24:17 +0200: Memory Usage (447432K) : snscmosvia_drw has 0 polygons
2026-04-18 22:24:17 +0200: Memory Usage (447432K) : colwind_drw has 0 polygons
2026-04-18 22:24:17 +0200: Memory Usage (447432K) : flm_drw has 0 polygons
2026-04-18 22:24:17 +0200: Memory Usage (447432K) : hafniumox_drw has 0 polygons
2026-04-18 22:24:17 +0200: Memory Usage (447432K) : memvia_drw has 0 polygons
2026-04-18 22:24:17 +0200: Memory Usage (447432K) : thinfilmres_drw has 0 polygons
2026-04-18 22:24:17 +0200: Memory Usage (447432K) : rfmem_drw has 0 polygons
2026-04-18 22:24:17 +0200: Memory Usage (447432K) : norcx_drw has 1 polygons
2026-04-18 22:24:17 +0200: Memory Usage (447432K) : norcx_m2m3 has 0 polygons
2026-04-18 22:24:17 +0200: Memory Usage (447432K) : norcx_m2m4 has 0 polygons
2026-04-18 22:24:17 +0200: Memory Usage (447432K) : norcx_m2m5 has 0 polygons
2026-04-18 22:24:17 +0200: Memory Usage (447432K) : norcx_m2tm1 has 0 polygons
2026-04-18 22:24:17 +0200: Memory Usage (447432K) : norcx_m2tm2 has 0 polygons
2026-04-18 22:24:17 +0200: Memory Usage (447432K) : norcx_m3m4 has 0 polygons
2026-04-18 22:24:17 +0200: Memory Usage (447432K) : norcx_m3m5 has 0 polygons
2026-04-18 22:24:17 +0200: Memory Usage (447432K) : norcx_m3tm1 has 0 polygons
2026-04-18 22:24:17 +0200: Memory Usage (447432K) : norcx_m3tm2 has 0 polygons
2026-04-18 22:24:17 +0200: Memory Usage (447432K) : norcx_m4m5 has 0 polygons
2026-04-18 22:24:17 +0200: Memory Usage (447432K) : norcx_m4tm1 has 0 polygons
2026-04-18 22:24:17 +0200: Memory Usage (447432K) : norcx_m4tm2 has 0 polygons
2026-04-18 22:24:17 +0200: Memory Usage (447432K) : norcx_m5tm1 has 0 polygons
2026-04-18 22:24:17 +0200: Memory Usage (447432K) : norcx_m5tm2 has 0 polygons
2026-04-18 22:24:17 +0200: Memory Usage (447432K) : norcx_tm1tm2 has 0 polygons
2026-04-18 22:24:17 +0200: Memory Usage (447432K) : norcx_m1sub has 0 polygons
2026-04-18 22:24:17 +0200: Memory Usage (447432K) : norcx_m2sub has 0 polygons
2026-04-18 22:24:17 +0200: Memory Usage (447432K) : norcx_m3sub has 0 polygons
2026-04-18 22:24:17 +0200: Memory Usage (447432K) : norcx_m4sub has 0 polygons
2026-04-18 22:24:17 +0200: Memory Usage (447432K) : norcx_m5sub has 0 polygons
2026-04-18 22:24:17 +0200: Memory Usage (447432K) : norcx_tm1sub has 0 polygons
2026-04-18 22:24:17 +0200: Memory Usage (447432K) : norcx_tm2sub has 0 polygons
2026-04-18 22:24:17 +0200: Memory Usage (447432K) : snsbotvia_drw has 0 polygons
2026-04-18 22:24:17 +0200: Memory Usage (447432K) : snstopvia_drw has 0 polygons
2026-04-18 22:24:17 +0200: Memory Usage (447432K) : deepvia_drw has 0 polygons
2026-04-18 22:24:17 +0200: Memory Usage (447432K) : fgetch_drw has 0 polygons
2026-04-18 22:24:17 +0200: Memory Usage (447432K) : ctrgat_drw has 0 polygons
2026-04-18 22:24:17 +0200: Memory Usage (447432K) : fgimp_drw has 0 polygons
2026-04-18 22:24:17 +0200: Memory Usage (447432K) : emwihv_drw has 0 polygons
2026-04-18 22:24:17 +0200: Memory Usage (447432K) : lbe_drw has 0 polygons
2026-04-18 22:24:17 +0200: Memory Usage (447432K) : alcustop_drw has 0 polygons
2026-04-18 22:24:17 +0200: Memory Usage (447432K) : nometfiller_drw has 0 polygons
2026-04-18 22:24:17 +0200: Memory Usage (447432K) : prboundary_drw has 0 polygons
2026-04-18 22:24:17 +0200: Memory Usage (447432K) : exchange0_drw has 0 polygons
2026-04-18 22:24:17 +0200: Memory Usage (447432K) : exchange0_pin has 0 polygons
2026-04-18 22:24:17 +0200: Memory Usage (447432K) : exchange0_text has 0 polygons
2026-04-18 22:24:17 +0200: Memory Usage (447432K) : exchange1_drw has 0 polygons
2026-04-18 22:24:17 +0200: Memory Usage (447432K) : exchange1_pin has 0 polygons
2026-04-18 22:24:17 +0200: Memory Usage (447432K) : exchange1_text has 0 polygons
2026-04-18 22:24:17 +0200: Memory Usage (447432K) : exchange2_drw has 0 polygons
2026-04-18 22:24:17 +0200: Memory Usage (447432K) : exchange2_pin has 0 polygons
2026-04-18 22:24:17 +0200: Memory Usage (447432K) : exchange2_text has 0 polygons
2026-04-18 22:24:17 +0200: Memory Usage (447432K) : exchange3_drw has 0 polygons
2026-04-18 22:24:17 +0200: Memory Usage (447432K) : exchange3_pin has 0 polygons
2026-04-18 22:24:17 +0200: Memory Usage (447432K) : exchange3_text has 0 polygons
2026-04-18 22:24:17 +0200: Memory Usage (447432K) : exchange4_drw has 0 polygons
2026-04-18 22:24:17 +0200: Memory Usage (447432K) : exchange4_pin has 0 polygons
2026-04-18 22:24:17 +0200: Memory Usage (447432K) : exchange4_text has 0 polygons
2026-04-18 22:24:17 +0200: Memory Usage (447432K) : isonwell_drw has 0 polygons
2026-04-18 22:24:17 +0200: Memory Usage (447432K) : Total no. of polygons in the design is 4939
2026-04-18 22:24:17 +0200: Memory Usage (447432K) : Starting base layers derivations
2026-04-18 22:24:17 +0200: Memory Usage (447432K) : Starting general LVS derivations
2026-04-18 22:24:17 +0200: Memory Usage (449592K) : Starting MOSFET DERIVATIONS
2026-04-18 22:24:17 +0200: Memory Usage (449592K) : Starting NMOS DERIVATIONS
2026-04-18 22:24:17 +0200: Memory Usage (449592K) : Starting PMOS DERIVATIONS
2026-04-18 22:24:17 +0200: Memory Usage (449592K) : Starting RF-MOSFET DERIVATIONS
2026-04-18 22:24:17 +0200: Memory Usage (449592K) : Starting RF-NMOS DERIVATIONS
2026-04-18 22:24:17 +0200: Memory Usage (449592K) : Starting RF-PMOS DERIVATIONS
2026-04-18 22:24:17 +0200: Memory Usage (449592K) : Starting BJT DERIVATIONS
2026-04-18 22:24:17 +0200: Memory Usage (449592K) : Starting NPN-BJT DERIVATIONS
2026-04-18 22:24:18 +0200: Memory Usage (451072K) : Starting PNP-BJT DERIVATIONS
2026-04-18 22:24:18 +0200: Memory Usage (452392K) : Starting DIODE DERIVATIONS
2026-04-18 22:24:18 +0200: Memory Usage (456352K) : Starting RESISTOR DERIVATIONS
2026-04-18 22:24:18 +0200: Memory Usage (452260K) : Starting CAP DERIVATIONS
2026-04-18 22:24:18 +0200: Memory Usage (452260K) : Starting ESD DERIVATIONS
2026-04-18 22:24:18 +0200: Memory Usage (452260K) : Starting Inductor DERIVATIONS
2026-04-18 22:24:18 +0200: Memory Usage (453760K) : Starting Taps DERIVATIONS
2026-04-18 22:24:18 +0200: Memory Usage (455080K) : Starting SG13G2 LVS connectivity setup
2026-04-18 22:24:18 +0200: Memory Usage (455080K) : Starting SG13G2 LVS connectivity setup (Inter-layer)
2026-04-18 22:24:18 +0200: Memory Usage (455080K) : Starting SG13G2 LVS connectivity setup (Global)
2026-04-18 22:24:18 +0200: Memory Usage (455080K) : Starting LVS MOSFET CONNECTIONS
2026-04-18 22:24:18 +0200: Memory Usage (455080K) : Starting LVS RF-MOSFET CONNECTIONS
2026-04-18 22:24:18 +0200: Memory Usage (455080K) : Starting LVS BJT CONNECTIONS
2026-04-18 22:24:18 +0200: Memory Usage (455080K) : Starting LVS DIODE CONNECTIONS
2026-04-18 22:24:18 +0200: Memory Usage (455080K) : Starting RESISTOR CONNECTIONS
2026-04-18 22:24:18 +0200: Memory Usage (455080K) : Starting LVS CAP CONNECTIONS
2026-04-18 22:24:18 +0200: Memory Usage (455080K) : Starting ESD CONNECTIONS
2026-04-18 22:24:18 +0200: Memory Usage (455080K) : Starting Inductor CONNECTIONS
2026-04-18 22:24:18 +0200: Memory Usage (455080K) : Starting LVS Taps CONNECTIONS
2026-04-18 22:24:18 +0200: Memory Usage (455080K) : Starting SG13G2 LVS DEVICES EXTRACTION
2026-04-18 22:24:18 +0200: Memory Usage (455080K) : Starting MOSFET EXTRACTION
2026-04-18 22:24:18 +0200: Memory Usage (455080K) : Starting NMOS EXTRACTION
2026-04-18 22:24:18 +0200: Memory Usage (455080K) : Extraction of NMOS-LV transistor
2026-04-18 22:24:18 +0200: Memory Usage (455080K) : Extraction of NMOS-HV transistor
2026-04-18 22:24:18 +0200: Memory Usage (455080K) : Starting PMOS EXTRACTION
2026-04-18 22:24:18 +0200: Memory Usage (455080K) : Extraction of PMOS-LV transistor
2026-04-18 22:24:18 +0200: Memory Usage (455456K) : Extraction of PMOS-HV transistor
2026-04-18 22:24:18 +0200: Memory Usage (455456K) : Starting RF-MOSFET EXTRACTION
2026-04-18 22:24:18 +0200: Memory Usage (455456K) : Extraction of RF-NMOS-LV transistor
2026-04-18 22:24:18 +0200: Memory Usage (455456K) : Extraction of RF-NMOS-HV transistor
2026-04-18 22:24:18 +0200: Memory Usage (455456K) : Extraction of RF-PMOS-LV transistor
2026-04-18 22:24:18 +0200: Memory Usage (455456K) : Extraction of RF-PMOS-HV transistor
2026-04-18 22:24:18 +0200: Memory Usage (455720K) : Starting BJT EXTRACTION
2026-04-18 22:24:18 +0200: Memory Usage (455720K) : Starting NPN-BJT EXTRACTION
2026-04-18 22:24:18 +0200: Memory Usage (455720K) : Extraction of npn13G2 BJT transistor
2026-04-18 22:24:18 +0200: Memory Usage (455720K) : Extraction of npn13G2L BJT transistor
2026-04-18 22:24:18 +0200: Memory Usage (455720K) : Extraction of npn13G2V BJT transistor
2026-04-18 22:24:18 +0200: Memory Usage (455720K) : Starting PNP-BJT EXTRACTION
2026-04-18 22:24:18 +0200: Memory Usage (455720K) : Extracting pnpMPA BJT
2026-04-18 22:24:18 +0200: Memory Usage (455984K) : Starting DIODE EXTRACTION
2026-04-18 22:24:18 +0200: Memory Usage (455984K) : Extracting dantenna diode
2026-04-18 22:24:18 +0200: Memory Usage (455984K) : Extracting dpantenna diode
2026-04-18 22:24:18 +0200: Memory Usage (455984K) : Extracting schottky_nbl1 diode
2026-04-18 22:24:18 +0200: Memory Usage (456248K) : Extracting isolbox diode
2026-04-18 22:24:18 +0200: Memory Usage (456248K) : Starting RESISTOR EXTRACTION
2026-04-18 22:24:18 +0200: Memory Usage (456248K) : Extracting rsil resistor
2026-04-18 22:24:18 +0200: Memory Usage (456512K) : Extracting rppd resistor
2026-04-18 22:24:18 +0200: Memory Usage (456512K) : Extracting rhigh resistor
2026-04-18 22:24:18 +0200: Memory Usage (456512K) : Extracting res_metal1 resistor
2026-04-18 22:24:18 +0200: Memory Usage (456776K) : Extracting res_metal2 resistor
2026-04-18 22:24:18 +0200: Memory Usage (456776K) : Extracting res_metal3 resistor
2026-04-18 22:24:18 +0200: Memory Usage (456776K) : Extracting res_metal4 resistor
2026-04-18 22:24:18 +0200: Memory Usage (456776K) : Extracting res_metal5 resistor
2026-04-18 22:24:18 +0200: Memory Usage (457060K) : Extracting res_topmetal1 resistor
2026-04-18 22:24:18 +0200: Memory Usage (457060K) : Extracting res_topmetal2 resistor
2026-04-18 22:24:18 +0200: Memory Usage (457060K) : Starting CAP EXTRACTION
2026-04-18 22:24:18 +0200: Memory Usage (457060K) : Extracting cap_cmim device
2026-04-18 22:24:18 +0200: Memory Usage (457060K) : Extracting rfcmim device
2026-04-18 22:24:18 +0200: Memory Usage (457320K) : Extracting sg13_hv_svaricap varactor
2026-04-18 22:24:18 +0200: Memory Usage (457320K) : Starting ESD EXTRACTION
2026-04-18 22:24:18 +0200: Memory Usage (457320K) : Extracting diodevdd_2kv ESD device
2026-04-18 22:24:18 +0200: Memory Usage (457584K) : Extracting diodevdd_4kv ESD device
2026-04-18 22:24:18 +0200: Memory Usage (457584K) : Extracting diodevss_2kv ESD device
2026-04-18 22:24:18 +0200: Memory Usage (457848K) : Extracting diodevss_4kv ESD device
2026-04-18 22:24:18 +0200: Memory Usage (453300K) : Extracting idiodevdd_2kv ESD device
2026-04-18 22:24:18 +0200: Memory Usage (453300K) : Extracting idiodevdd_4kv ESD device
2026-04-18 22:24:18 +0200: Memory Usage (453300K) : Extracting idiodevss_2kv ESD device
2026-04-18 22:24:18 +0200: Memory Usage (453300K) : Extracting idiodevss_4kv ESD device
2026-04-18 22:24:18 +0200: Memory Usage (453300K) : Extracting nmoscl_2 ESD device
2026-04-18 22:24:18 +0200: Memory Usage (453300K) : Extracting nmoscl_4 ESD device
2026-04-18 22:24:18 +0200: Memory Usage (453300K) : Starting Inductor EXTRACTION
2026-04-18 22:24:18 +0200: Memory Usage (453300K) : Extracting Inductor2 device
2026-04-18 22:24:18 +0200: Memory Usage (453300K) : Extracting Inductor3 device
2026-04-18 22:24:18 +0200: Memory Usage (453300K) : Starting Taps EXTRACTION
2026-04-18 22:24:18 +0200: Memory Usage (453300K) : Extracting ntap1 device
2026-04-18 22:24:18 +0200: Memory Usage (453300K) : Extracting ptap1 device
2026-04-18 22:24:18 +0200: Memory Usage (453300K) : Starting SG13G2 LVS RF MOS Model Mapping
2026-04-18 22:24:18 +0200: Memory Usage (453300K) : [layout_netlist] Apply RF MOS model mapping and rfmode parameter.
2026-04-18 22:24:18 +0200: Memory Usage (453300K) : Starting SG13G2 LVS Options Preparations
2026-04-18 22:24:18 +0200: Memory Usage (453300K) : NET_ONLY enabled: apply extraction netlist options and skip comparison.
2026-04-18 22:24:18 +0200: Memory Usage (453300K) : SG13G2 LVS flow: extraction -> option preparation -> write netlist -> exit.
2026-04-18 22:24:18 +0200: Memory Usage (453300K) : Starting SG13G2 LVS Simplification
2026-04-18 22:24:18 +0200: Memory Usage (453300K) : [layout_netlist] simplify: ENABLED
2026-04-18 22:24:18 +0200: Memory Usage (453300K) : [layout_netlist] make_top_level_pins: SKIPPED
2026-04-18 22:24:18 +0200: Memory Usage (453300K) : [layout_netlist] combine_devices: SKIPPED
2026-04-18 22:24:18 +0200: Memory Usage (453300K) : [layout_netlist] purge: SKIPPED
2026-04-18 22:24:18 +0200: Memory Usage (453300K) : [layout_netlist] purge_nets: SKIPPED
2026-04-18 22:24:18 +0200: Memory Usage (453300K) : LVS Total Run time 1.618957 seconds
2026-04-27 09:13:02 +0200: Memory Usage (428824K) : Starting running SG13G2 Klayout LVS runset on /home/designer/shared/LC_VCO_FPLL/gds/blocks/4nH_INDUCTOR.gds
2026-04-27 09:13:02 +0200: Memory Usage (428824K) : Ruby Version for klayout: 3.0.2
2026-04-27 09:13:03 +0200: Memory Usage (432768K) : Loading database to memory is complete.
2026-04-27 09:13:03 +0200: Memory Usage (432768K) : SG13G2 Klayout LVS runset output at: /home/designer/shared/LC_VCO_FPLL/lvs/lvs_run_4nH_INDUCTOR/4nH_INDUCTOR.lvsdb
2026-04-27 09:13:03 +0200: Memory Usage (432768K) : Evaluate switches.
2026-04-27 09:13:03 +0200: Memory Usage (432768K) : Extracted netlist with net names: true
2026-04-27 09:13:03 +0200: Memory Usage (432768K) : Extracted netlist with comments in details: false
2026-04-27 09:13:03 +0200: Memory Usage (432768K) : Selected NET_ONLY option: true
2026-04-27 09:13:03 +0200: Memory Usage (432768K) : Selected LAYOUT_NETLIST option: (none)
2026-04-27 09:13:03 +0200: Memory Usage (432768K) : Selected IGNORE_TOP_PORTS_MISMATCH option: true
2026-04-27 09:13:03 +0200: Memory Usage (432768K) : Selected IMPLICIT_NETS option: (none)
2026-04-27 09:13:03 +0200: Memory Usage (432768K) : Selected TOP_LVL_PINS option: false
2026-04-27 09:13:03 +0200: Memory Usage (432768K) : Selected COMBINE DEVICES option: false
2026-04-27 09:13:03 +0200: Memory Usage (432768K) : Selected PURGE option: false
2026-04-27 09:13:03 +0200: Memory Usage (432768K) : Selected PURGE_NETS option: false
2026-04-27 09:13:03 +0200: Memory Usage (432768K) : Selected SIMPLIFY option: true
2026-04-27 09:13:03 +0200: Memory Usage (432768K) : Selected SERIES_RES option: true
2026-04-27 09:13:03 +0200: Memory Usage (432768K) : Selected PARALLEL_RES option: true
2026-04-27 09:13:03 +0200: Memory Usage (432768K) : deep  mode is enabled.
2026-04-27 09:13:03 +0200: Memory Usage (432768K) : LVS extracted netlist at: /home/designer/shared/LC_VCO_FPLL/lvs/lvs_run_4nH_INDUCTOR/4nH_INDUCTOR_extracted.cir
2026-04-27 09:13:03 +0200: Memory Usage (432768K) : Applying SRAM integration support.
2026-04-27 09:13:03 +0200: Memory Usage (432768K) : Starting SG13G2 LVS runset
2026-04-27 09:13:03 +0200: Memory Usage (432768K) : Read in polygons from layers.
2026-04-27 09:13:03 +0200: Memory Usage (433700K) : activ_drw has 158 polygons
2026-04-27 09:13:03 +0200: Memory Usage (433700K) : activ_filler has 0 polygons
2026-04-27 09:13:03 +0200: Memory Usage (433700K) : activ has 158 polygons
2026-04-27 09:13:03 +0200: Memory Usage (433700K) : activ_pin has 0 polygons
2026-04-27 09:13:03 +0200: Memory Usage (433700K) : activ_mask has 0 polygons
2026-04-27 09:13:03 +0200: Memory Usage (433700K) : activ_nofill has 1 polygons
2026-04-27 09:13:03 +0200: Memory Usage (433700K) : activ_OPC has 0 polygons
2026-04-27 09:13:03 +0200: Memory Usage (433700K) : activ_iOPC has 0 polygons
2026-04-27 09:13:03 +0200: Memory Usage (434636K) : activ_noqrc has 0 polygons
2026-04-27 09:13:03 +0200: Memory Usage (434636K) : biwind_drw has 0 polygons
2026-04-27 09:13:03 +0200: Memory Usage (434636K) : biwind_OPC has 0 polygons
2026-04-27 09:13:03 +0200: Memory Usage (434636K) : gatpoly_drw has 0 polygons
2026-04-27 09:13:03 +0200: Memory Usage (434636K) : gatpoly_filler has 0 polygons
2026-04-27 09:13:03 +0200: Memory Usage (434636K) : gatpoly has 0 polygons
2026-04-27 09:13:03 +0200: Memory Usage (434900K) : gatpoly_pin has 0 polygons
2026-04-27 09:13:03 +0200: Memory Usage (434900K) : gatpoly_nofill has 1 polygons
2026-04-27 09:13:03 +0200: Memory Usage (434900K) : gatpoly_OPC has 0 polygons
2026-04-27 09:13:03 +0200: Memory Usage (434900K) : gatpoly_iOPC has 0 polygons
2026-04-27 09:13:03 +0200: Memory Usage (435164K) : gatpoly_noqrc has 0 polygons
2026-04-27 09:13:03 +0200: Memory Usage (437860K) : cont_drw has 169540 polygons
2026-04-27 09:13:03 +0200: Memory Usage (438124K) : cont_OPC has 0 polygons
2026-04-27 09:13:03 +0200: Memory Usage (438124K) : nsd_drw has 0 polygons
2026-04-27 09:13:03 +0200: Memory Usage (438124K) : nsd_block has 0 polygons
2026-04-27 09:13:03 +0200: Memory Usage (438124K) : metal1_drw has 92 polygons
2026-04-27 09:13:03 +0200: Memory Usage (438124K) : metal1_filler has 0 polygons
2026-04-27 09:13:03 +0200: Memory Usage (438124K) : metal1_slit has 0 polygons
2026-04-27 09:13:03 +0200: Memory Usage (438388K) : metal1 has 92 polygons
2026-04-27 09:13:03 +0200: Memory Usage (438388K) : metal1_pin has 0 polygons
2026-04-27 09:13:03 +0200: Memory Usage (438388K) : metal1_mask has 0 polygons
2026-04-27 09:13:03 +0200: Memory Usage (438388K) : metal1_nofill has 1 polygons
2026-04-27 09:13:03 +0200: Memory Usage (438700K) : metal1_text has 0 polygons
2026-04-27 09:13:03 +0200: Memory Usage (438700K) : metal1_OPC has 0 polygons
2026-04-27 09:13:03 +0200: Memory Usage (438700K) : metal1_noqrc has 0 polygons
2026-04-27 09:13:03 +0200: Memory Usage (438700K) : metal1_res has 0 polygons
2026-04-27 09:13:03 +0200: Memory Usage (439056K) : metal1_iprobe has 0 polygons
2026-04-27 09:13:03 +0200: Memory Usage (439056K) : metal1_diffprb has 0 polygons
2026-04-27 09:13:03 +0200: Memory Usage (439056K) : passiv_drw has 0 polygons
2026-04-27 09:13:03 +0200: Memory Usage (439056K) : passiv_pin has 0 polygons
2026-04-27 09:13:03 +0200: Memory Usage (439320K) : passiv_sbump has 0 polygons
2026-04-27 09:13:03 +0200: Memory Usage (439320K) : passiv_pillar has 0 polygons
2026-04-27 09:13:03 +0200: Memory Usage (439320K) : passiv_pdl has 0 polygons
2026-04-27 09:13:03 +0200: Memory Usage (439320K) : metal2_drw has 0 polygons
2026-04-27 09:13:03 +0200: Memory Usage (439584K) : metal2_filler has 0 polygons
2026-04-27 09:13:03 +0200: Memory Usage (439584K) : metal2_slit has 0 polygons
2026-04-27 09:13:03 +0200: Memory Usage (439584K) : metal2 has 0 polygons
2026-04-27 09:13:03 +0200: Memory Usage (439848K) : metal2_pin has 0 polygons
2026-04-27 09:13:03 +0200: Memory Usage (439848K) : metal2_mask has 0 polygons
2026-04-27 09:13:03 +0200: Memory Usage (439848K) : metal2_nofill has 1 polygons
2026-04-27 09:13:03 +0200: Memory Usage (439848K) : metal2_text has 0 polygons
2026-04-27 09:13:03 +0200: Memory Usage (439848K) : metal2_OPC has 0 polygons
2026-04-27 09:13:03 +0200: Memory Usage (440112K) : metal2_noqrc has 0 polygons
2026-04-27 09:13:03 +0200: Memory Usage (440112K) : metal2_res has 0 polygons
2026-04-27 09:13:03 +0200: Memory Usage (440112K) : metal2_iprobe has 0 polygons
2026-04-27 09:13:03 +0200: Memory Usage (440112K) : metal2_diffprb has 0 polygons
2026-04-27 09:13:03 +0200: Memory Usage (440376K) : baspoly_drw has 0 polygons
2026-04-27 09:13:03 +0200: Memory Usage (440376K) : baspoly_pin has 0 polygons
2026-04-27 09:13:03 +0200: Memory Usage (440376K) : psd_drw has 158 polygons
2026-04-27 09:13:03 +0200: Memory Usage (440376K) : nldb_drw has 0 polygons
2026-04-27 09:13:03 +0200: Memory Usage (440640K) : digibnd_drw has 0 polygons
2026-04-27 09:13:03 +0200: Memory Usage (440640K) : via1_drw has 0 polygons
2026-04-27 09:13:03 +0200: Memory Usage (440640K) : backmetal1_drw has 0 polygons
2026-04-27 09:13:03 +0200: Memory Usage (440640K) : backmetal1_pin has 0 polygons
2026-04-27 09:13:03 +0200: Memory Usage (440904K) : backmetal1_mask has 0 polygons
2026-04-27 09:13:03 +0200: Memory Usage (440904K) : backmetal1_filler has 0 polygons
2026-04-27 09:13:03 +0200: Memory Usage (440904K) : backmetal1_nofill has 0 polygons
2026-04-27 09:13:03 +0200: Memory Usage (440904K) : backmetal1_slit has 0 polygons
2026-04-27 09:13:03 +0200: Memory Usage (441168K) : backmetal1_text has 0 polygons
2026-04-27 09:13:03 +0200: Memory Usage (441168K) : backmetal1_OPC has 0 polygons
2026-04-27 09:13:03 +0200: Memory Usage (441168K) : backmetal1_noqrc has 0 polygons
2026-04-27 09:13:03 +0200: Memory Usage (441168K) : backmetal1_res has 0 polygons
2026-04-27 09:13:03 +0200: Memory Usage (441168K) : backmetal1_iprobe has 0 polygons
2026-04-27 09:13:03 +0200: Memory Usage (441432K) : backmetal1_diffprb has 0 polygons
2026-04-27 09:13:03 +0200: Memory Usage (441432K) : backpassiv_drw has 0 polygons
2026-04-27 09:13:03 +0200: Memory Usage (441432K) : res_drw has 0 polygons
2026-04-27 09:13:03 +0200: Memory Usage (441432K) : sram_drw has 0 polygons
2026-04-27 09:13:03 +0200: Memory Usage (441696K) : trans_drw has 0 polygons
2026-04-27 09:13:03 +0200: Memory Usage (441696K) : ind_drw has 1 polygons
2026-04-27 09:13:03 +0200: Memory Usage (441696K) : ind_pin has 2 polygons
2026-04-27 09:13:03 +0200: Memory Usage (441696K) : ind_text has 2 polygons
2026-04-27 09:13:03 +0200: Memory Usage (442104K) : salblock_drw has 0 polygons
2026-04-27 09:13:03 +0200: Memory Usage (442104K) : via2_drw has 0 polygons
2026-04-27 09:13:03 +0200: Memory Usage (442104K) : metal3_drw has 2 polygons
2026-04-27 09:13:03 +0200: Memory Usage (442104K) : metal3_filler has 0 polygons
2026-04-27 09:13:03 +0200: Memory Usage (442368K) : metal3_slit has 0 polygons
2026-04-27 09:13:03 +0200: Memory Usage (442368K) : metal3 has 2 polygons
2026-04-27 09:13:03 +0200: Memory Usage (442368K) : metal3_pin has 0 polygons
2026-04-27 09:13:03 +0200: Memory Usage (442632K) : metal3_mask has 0 polygons
2026-04-27 09:13:03 +0200: Memory Usage (442632K) : metal3_nofill has 1 polygons
2026-04-27 09:13:03 +0200: Memory Usage (442632K) : metal3_text has 0 polygons
2026-04-27 09:13:03 +0200: Memory Usage (442632K) : metal3_OPC has 0 polygons
2026-04-27 09:13:03 +0200: Memory Usage (442896K) : metal3_noqrc has 0 polygons
2026-04-27 09:13:03 +0200: Memory Usage (442896K) : metal3_res has 0 polygons
2026-04-27 09:13:03 +0200: Memory Usage (442896K) : metal3_iprobe has 0 polygons
2026-04-27 09:13:03 +0200: Memory Usage (442896K) : metal3_diffprb has 0 polygons
2026-04-27 09:13:03 +0200: Memory Usage (442896K) : nwell_drw has 0 polygons
2026-04-27 09:13:03 +0200: Memory Usage (443160K) : nwell_pin has 0 polygons
2026-04-27 09:13:03 +0200: Memory Usage (443160K) : nwell_text has 0 polygons
2026-04-27 09:13:03 +0200: Memory Usage (443160K) : nbulay_drw has 0 polygons
2026-04-27 09:13:03 +0200: Memory Usage (443160K) : nbulay_pin has 0 polygons
2026-04-27 09:13:03 +0200: Memory Usage (443160K) : nbulay_block has 0 polygons
2026-04-27 09:13:03 +0200: Memory Usage (443424K) : emwind_drw has 0 polygons
2026-04-27 09:13:03 +0200: Memory Usage (443424K) : emwind_OPC has 0 polygons
2026-04-27 09:13:03 +0200: Memory Usage (443424K) : deepco_drw has 0 polygons
2026-04-27 09:13:03 +0200: Memory Usage (443424K) : mim_drw has 0 polygons
2026-04-27 09:13:03 +0200: Memory Usage (443688K) : edgeseal_drw has 0 polygons
2026-04-27 09:13:03 +0200: Memory Usage (443688K) : substrate_drw has 154 polygons
2026-04-27 09:13:03 +0200: Memory Usage (443688K) : substrate_text has 0 polygons
2026-04-27 09:13:03 +0200: Memory Usage (443688K) : dfpad_drw has 0 polygons
2026-04-27 09:13:03 +0200: Memory Usage (443952K) : dfpad_pillar has 0 polygons
2026-04-27 09:13:03 +0200: Memory Usage (443952K) : dfpad_sbump has 0 polygons
2026-04-27 09:13:03 +0200: Memory Usage (443952K) : thickgateox_drw has 0 polygons
2026-04-27 09:13:03 +0200: Memory Usage (443952K) : pldb_drw has 0 polygons
2026-04-27 09:13:03 +0200: Memory Usage (443952K) : pwell_drw has 0 polygons
2026-04-27 09:13:03 +0200: Memory Usage (443952K) : pwell_pin has 0 polygons
2026-04-27 09:13:03 +0200: Memory Usage (443952K) : pwell_block has 1 polygons
2026-04-27 09:13:03 +0200: Memory Usage (443952K) : ic_drw has 0 polygons
2026-04-27 09:13:03 +0200: Memory Usage (443952K) : via3_drw has 1736 polygons
2026-04-27 09:13:03 +0200: Memory Usage (443952K) : metal4_drw has 2 polygons
2026-04-27 09:13:03 +0200: Memory Usage (443952K) : metal4_filler has 0 polygons
2026-04-27 09:13:03 +0200: Memory Usage (443952K) : metal4_slit has 0 polygons
2026-04-27 09:13:03 +0200: Memory Usage (443952K) : metal4 has 2 polygons
2026-04-27 09:13:03 +0200: Memory Usage (443952K) : metal4_pin has 0 polygons
2026-04-27 09:13:03 +0200: Memory Usage (443952K) : metal4_mask has 0 polygons
2026-04-27 09:13:03 +0200: Memory Usage (443952K) : metal4_nofill has 1 polygons
2026-04-27 09:13:03 +0200: Memory Usage (443952K) : metal4_text has 0 polygons
2026-04-27 09:13:03 +0200: Memory Usage (443952K) : metal4_OPC has 0 polygons
2026-04-27 09:13:03 +0200: Memory Usage (443952K) : metal4_noqrc has 0 polygons
2026-04-27 09:13:03 +0200: Memory Usage (443952K) : metal4_res has 0 polygons
2026-04-27 09:13:03 +0200: Memory Usage (443952K) : metal4_iprobe has 0 polygons
2026-04-27 09:13:03 +0200: Memory Usage (443952K) : metal4_diffprb has 0 polygons
2026-04-27 09:13:03 +0200: Memory Usage (443952K) : heattrans_drw has 0 polygons
2026-04-27 09:13:03 +0200: Memory Usage (443952K) : heatres_drw has 0 polygons
2026-04-27 09:13:03 +0200: Memory Usage (443952K) : fbe_drw has 0 polygons
2026-04-27 09:13:03 +0200: Memory Usage (443952K) : empoly_drw has 0 polygons
2026-04-27 09:13:03 +0200: Memory Usage (443952K) : digisub_drw has 0 polygons
2026-04-27 09:13:03 +0200: Memory Usage (443952K) : text_drw has 22 polygons
2026-04-27 09:13:03 +0200: Memory Usage (443952K) : via4_drw has 1736 polygons
2026-04-27 09:13:03 +0200: Memory Usage (443952K) : metal5_drw has 2 polygons
2026-04-27 09:13:03 +0200: Memory Usage (443952K) : metal5_filler has 0 polygons
2026-04-27 09:13:03 +0200: Memory Usage (443952K) : metal5_slit has 0 polygons
2026-04-27 09:13:03 +0200: Memory Usage (443952K) : metal5 has 2 polygons
2026-04-27 09:13:03 +0200: Memory Usage (443952K) : metal5_pin has 0 polygons
2026-04-27 09:13:03 +0200: Memory Usage (443952K) : metal5_mask has 0 polygons
2026-04-27 09:13:03 +0200: Memory Usage (443952K) : metal5_nofill has 1 polygons
2026-04-27 09:13:03 +0200: Memory Usage (443952K) : metal5_text has 0 polygons
2026-04-27 09:13:03 +0200: Memory Usage (443952K) : metal5_OPC has 0 polygons
2026-04-27 09:13:03 +0200: Memory Usage (443952K) : metal5_noqrc has 0 polygons
2026-04-27 09:13:03 +0200: Memory Usage (443952K) : metal5_res has 0 polygons
2026-04-27 09:13:03 +0200: Memory Usage (443952K) : metal5_iprobe has 0 polygons
2026-04-27 09:13:03 +0200: Memory Usage (443952K) : metal5_diffprb has 0 polygons
2026-04-27 09:13:03 +0200: Memory Usage (443952K) : radhard_drw has 0 polygons
2026-04-27 09:13:03 +0200: Memory Usage (443952K) : memcap_drw has 0 polygons
2026-04-27 09:13:03 +0200: Memory Usage (443952K) : varicap_drw has 0 polygons
2026-04-27 09:13:03 +0200: Memory Usage (443952K) : intbondvia_drw has 0 polygons
2026-04-27 09:13:03 +0200: Memory Usage (443952K) : intbondmet_drw has 0 polygons
2026-04-27 09:13:03 +0200: Memory Usage (443952K) : devbondvia_drw has 0 polygons
2026-04-27 09:13:03 +0200: Memory Usage (443952K) : devbondmet_drw has 0 polygons
2026-04-27 09:13:03 +0200: Memory Usage (443952K) : devtrench_drw has 0 polygons
2026-04-27 09:13:03 +0200: Memory Usage (443952K) : redist_drw has 0 polygons
2026-04-27 09:13:03 +0200: Memory Usage (443952K) : graphbot_drw has 0 polygons
2026-04-27 09:13:03 +0200: Memory Usage (443952K) : graphtop_drw has 0 polygons
2026-04-27 09:13:03 +0200: Memory Usage (443952K) : antvia1_drw has 0 polygons
2026-04-27 09:13:03 +0200: Memory Usage (443952K) : antmetal2_drw has 0 polygons
2026-04-27 09:13:03 +0200: Memory Usage (443952K) : graphcont_drw has 0 polygons
2026-04-27 09:13:03 +0200: Memory Usage (443952K) : siwg_drw has 0 polygons
2026-04-27 09:13:03 +0200: Memory Usage (443952K) : siwg_filler has 0 polygons
2026-04-27 09:13:03 +0200: Memory Usage (443952K) : siwg_nofill has 0 polygons
2026-04-27 09:13:03 +0200: Memory Usage (443952K) : sigrating_drw has 0 polygons
2026-04-27 09:13:03 +0200: Memory Usage (443952K) : singrating_drw has 0 polygons
2026-04-27 09:13:03 +0200: Memory Usage (443952K) : graphpas_drw has 0 polygons
2026-04-27 09:13:03 +0200: Memory Usage (443952K) : emwind3_drw has 0 polygons
2026-04-27 09:13:03 +0200: Memory Usage (443952K) : emwihv3_drw has 0 polygons
2026-04-27 09:13:03 +0200: Memory Usage (443952K) : redbulay_drw has 0 polygons
2026-04-27 09:13:03 +0200: Memory Usage (443952K) : smos_drw has 0 polygons
2026-04-27 09:13:03 +0200: Memory Usage (443952K) : graphpad_drw has 0 polygons
2026-04-27 09:13:03 +0200: Memory Usage (443952K) : polimide_drw has 0 polygons
2026-04-27 09:13:03 +0200: Memory Usage (443952K) : polimide_pin has 0 polygons
2026-04-27 09:13:03 +0200: Memory Usage (443952K) : recog_drw has 0 polygons
2026-04-27 09:13:03 +0200: Memory Usage (443952K) : recog_pin has 0 polygons
2026-04-27 09:13:03 +0200: Memory Usage (443952K) : recog_esd has 0 polygons
2026-04-27 09:13:03 +0200: Memory Usage (443952K) : recog_diode has 0 polygons
2026-04-27 09:13:03 +0200: Memory Usage (443952K) : recog_tsv has 0 polygons
2026-04-27 09:13:03 +0200: Memory Usage (443952K) : recog_iprobe has 0 polygons
2026-04-27 09:13:03 +0200: Memory Usage (443952K) : recog_diffprb has 0 polygons
2026-04-27 09:13:03 +0200: Memory Usage (443952K) : recog_pillar has 0 polygons
2026-04-27 09:13:03 +0200: Memory Usage (443952K) : recog_sbump has 0 polygons
2026-04-27 09:13:03 +0200: Memory Usage (443952K) : recog_otp has 0 polygons
2026-04-27 09:13:03 +0200: Memory Usage (443952K) : recog_pdiode has 0 polygons
2026-04-27 09:13:03 +0200: Memory Usage (443952K) : recog_mom has 0 polygons
2026-04-27 09:13:03 +0200: Memory Usage (443952K) : recog_pcm has 0 polygons
2026-04-27 09:13:03 +0200: Memory Usage (443952K) : colopen_drw has 0 polygons
2026-04-27 09:13:03 +0200: Memory Usage (443952K) : graphmetal1_drw has 0 polygons
2026-04-27 09:13:03 +0200: Memory Usage (443952K) : graphmetal1_filler has 0 polygons
2026-04-27 09:13:03 +0200: Memory Usage (443952K) : graphmetal1_nofill has 0 polygons
2026-04-27 09:13:03 +0200: Memory Usage (443952K) : graphmetal1_slit has 0 polygons
2026-04-27 09:13:03 +0200: Memory Usage (443952K) : graphmetal1_OPC has 0 polygons
2026-04-27 09:13:03 +0200: Memory Usage (443952K) : graphmet1l_drw has 0 polygons
2026-04-27 09:13:03 +0200: Memory Usage (443952K) : graphmet1l_filler has 0 polygons
2026-04-27 09:13:03 +0200: Memory Usage (443952K) : graphmet1l_nofill has 0 polygons
2026-04-27 09:13:03 +0200: Memory Usage (443952K) : graphmet1l_slit has 0 polygons
2026-04-27 09:13:03 +0200: Memory Usage (443952K) : graphmet1l_OPC has 0 polygons
2026-04-27 09:13:03 +0200: Memory Usage (443952K) : extblock_drw has 0 polygons
2026-04-27 09:13:03 +0200: Memory Usage (443952K) : nldd_drw has 0 polygons
2026-04-27 09:13:03 +0200: Memory Usage (443952K) : pldd_drw has 0 polygons
2026-04-27 09:13:03 +0200: Memory Usage (443952K) : next_drw has 0 polygons
2026-04-27 09:13:03 +0200: Memory Usage (443952K) : pext_drw has 0 polygons
2026-04-27 09:13:03 +0200: Memory Usage (443952K) : nexthv_drw has 0 polygons
2026-04-27 09:13:03 +0200: Memory Usage (443952K) : pexthv_drw has 0 polygons
2026-04-27 09:13:03 +0200: Memory Usage (443952K) : graphgate_drw has 0 polygons
2026-04-27 09:13:03 +0200: Memory Usage (443952K) : sinwg_drw has 0 polygons
2026-04-27 09:13:03 +0200: Memory Usage (443952K) : sinwg_filler has 0 polygons
2026-04-27 09:13:03 +0200: Memory Usage (443952K) : sinwg_nofill has 0 polygons
2026-04-27 09:13:03 +0200: Memory Usage (443952K) : mempad_drw has 0 polygons
2026-04-27 09:13:03 +0200: Memory Usage (443952K) : topvia1_drw has 420 polygons
2026-04-27 09:13:03 +0200: Memory Usage (443952K) : topmetal1_drw has 8 polygons
2026-04-27 09:13:03 +0200: Memory Usage (443952K) : topmetal1_filler has 0 polygons
2026-04-27 09:13:03 +0200: Memory Usage (443952K) : topmetal1_slit has 0 polygons
2026-04-27 09:13:03 +0200: Memory Usage (443952K) : topmetal1 has 8 polygons
2026-04-27 09:13:03 +0200: Memory Usage (443952K) : topmetal1_pin has 0 polygons
2026-04-27 09:13:03 +0200: Memory Usage (443952K) : topmetal1_mask has 0 polygons
2026-04-27 09:13:03 +0200: Memory Usage (443952K) : topmetal1_nofill has 1 polygons
2026-04-27 09:13:03 +0200: Memory Usage (443952K) : topmetal1_text has 0 polygons
2026-04-27 09:13:03 +0200: Memory Usage (443952K) : topmetal1_noqrc has 0 polygons
2026-04-27 09:13:03 +0200: Memory Usage (443952K) : topmetal1_res has 0 polygons
2026-04-27 09:13:03 +0200: Memory Usage (443952K) : topmetal1_iprobe has 0 polygons
2026-04-27 09:13:03 +0200: Memory Usage (443952K) : topmetal1_diffprb has 0 polygons
2026-04-27 09:13:03 +0200: Memory Usage (443952K) : inldpwl_drw has 0 polygons
2026-04-27 09:13:03 +0200: Memory Usage (443952K) : polyres_drw has 0 polygons
2026-04-27 09:13:03 +0200: Memory Usage (443952K) : polyres_pin has 0 polygons
2026-04-27 09:13:03 +0200: Memory Usage (443952K) : vmim_drw has 0 polygons
2026-04-27 09:13:03 +0200: Memory Usage (443952K) : nbulaycut_drw has 0 polygons
2026-04-27 09:13:03 +0200: Memory Usage (443952K) : antmetal1_drw has 0 polygons
2026-04-27 09:13:03 +0200: Memory Usage (443952K) : topvia2_drw has 990 polygons
2026-04-27 09:13:03 +0200: Memory Usage (444212K) : topmetal2_drw has 23 polygons
2026-04-27 09:13:03 +0200: Memory Usage (444212K) : topmetal2_filler has 0 polygons
2026-04-27 09:13:03 +0200: Memory Usage (444212K) : topmetal2_slit has 0 polygons
2026-04-27 09:13:03 +0200: Memory Usage (444212K) : topmetal2 has 23 polygons
2026-04-27 09:13:03 +0200: Memory Usage (444212K) : topmetal2_pin has 2 polygons
2026-04-27 09:13:03 +0200: Memory Usage (444476K) : topmetal2_mask has 0 polygons
2026-04-27 09:13:03 +0200: Memory Usage (444476K) : topmetal2_nofill has 1 polygons
2026-04-27 09:13:03 +0200: Memory Usage (444476K) : topmetal2_text has 2 polygons
2026-04-27 09:13:03 +0200: Memory Usage (444476K) : topmetal2_noqrc has 0 polygons
2026-04-27 09:13:03 +0200: Memory Usage (444740K) : topmetal2_res has 0 polygons
2026-04-27 09:13:03 +0200: Memory Usage (444740K) : topmetal2_iprobe has 0 polygons
2026-04-27 09:13:03 +0200: Memory Usage (444740K) : topmetal2_diffprb has 0 polygons
2026-04-27 09:13:03 +0200: Memory Usage (444740K) : snsring_drw has 0 polygons
2026-04-27 09:13:03 +0200: Memory Usage (445004K) : sensor_drw has 0 polygons
2026-04-27 09:13:03 +0200: Memory Usage (445004K) : snsarms_drw has 0 polygons
2026-04-27 09:13:03 +0200: Memory Usage (445004K) : snscmosvia_drw has 0 polygons
2026-04-27 09:13:03 +0200: Memory Usage (445004K) : colwind_drw has 0 polygons
2026-04-27 09:13:03 +0200: Memory Usage (445268K) : flm_drw has 0 polygons
2026-04-27 09:13:03 +0200: Memory Usage (445268K) : hafniumox_drw has 0 polygons
2026-04-27 09:13:03 +0200: Memory Usage (445268K) : memvia_drw has 0 polygons
2026-04-27 09:13:03 +0200: Memory Usage (445268K) : thinfilmres_drw has 0 polygons
2026-04-27 09:13:03 +0200: Memory Usage (445532K) : rfmem_drw has 0 polygons
2026-04-27 09:13:03 +0200: Memory Usage (445532K) : norcx_drw has 1 polygons
2026-04-27 09:13:03 +0200: Memory Usage (445532K) : norcx_m2m3 has 0 polygons
2026-04-27 09:13:03 +0200: Memory Usage (445532K) : norcx_m2m4 has 0 polygons
2026-04-27 09:13:03 +0200: Memory Usage (445796K) : norcx_m2m5 has 0 polygons
2026-04-27 09:13:03 +0200: Memory Usage (445796K) : norcx_m2tm1 has 0 polygons
2026-04-27 09:13:03 +0200: Memory Usage (445796K) : norcx_m2tm2 has 0 polygons
2026-04-27 09:13:03 +0200: Memory Usage (445796K) : norcx_m3m4 has 0 polygons
2026-04-27 09:13:03 +0200: Memory Usage (446060K) : norcx_m3m5 has 0 polygons
2026-04-27 09:13:03 +0200: Memory Usage (446060K) : norcx_m3tm1 has 0 polygons
2026-04-27 09:13:03 +0200: Memory Usage (446060K) : norcx_m3tm2 has 0 polygons
2026-04-27 09:13:03 +0200: Memory Usage (446060K) : norcx_m4m5 has 0 polygons
2026-04-27 09:13:03 +0200: Memory Usage (446324K) : norcx_m4tm1 has 0 polygons
2026-04-27 09:13:03 +0200: Memory Usage (446324K) : norcx_m4tm2 has 0 polygons
2026-04-27 09:13:03 +0200: Memory Usage (446324K) : norcx_m5tm1 has 0 polygons
2026-04-27 09:13:03 +0200: Memory Usage (446324K) : norcx_m5tm2 has 0 polygons
2026-04-27 09:13:03 +0200: Memory Usage (446588K) : norcx_tm1tm2 has 0 polygons
2026-04-27 09:13:03 +0200: Memory Usage (446588K) : norcx_m1sub has 0 polygons
2026-04-27 09:13:03 +0200: Memory Usage (446588K) : norcx_m2sub has 0 polygons
2026-04-27 09:13:03 +0200: Memory Usage (446588K) : norcx_m3sub has 0 polygons
2026-04-27 09:13:03 +0200: Memory Usage (446852K) : norcx_m4sub has 0 polygons
2026-04-27 09:13:03 +0200: Memory Usage (446852K) : norcx_m5sub has 0 polygons
2026-04-27 09:13:03 +0200: Memory Usage (446852K) : norcx_tm1sub has 0 polygons
2026-04-27 09:13:03 +0200: Memory Usage (446852K) : norcx_tm2sub has 0 polygons
2026-04-27 09:13:03 +0200: Memory Usage (447116K) : snsbotvia_drw has 0 polygons
2026-04-27 09:13:03 +0200: Memory Usage (447116K) : snstopvia_drw has 0 polygons
2026-04-27 09:13:03 +0200: Memory Usage (447116K) : deepvia_drw has 0 polygons
2026-04-27 09:13:03 +0200: Memory Usage (447116K) : fgetch_drw has 0 polygons
2026-04-27 09:13:03 +0200: Memory Usage (447380K) : ctrgat_drw has 0 polygons
2026-04-27 09:13:03 +0200: Memory Usage (447380K) : fgimp_drw has 0 polygons
2026-04-27 09:13:03 +0200: Memory Usage (447380K) : emwihv_drw has 0 polygons
2026-04-27 09:13:03 +0200: Memory Usage (447380K) : lbe_drw has 0 polygons
2026-04-27 09:13:03 +0200: Memory Usage (447644K) : alcustop_drw has 0 polygons
2026-04-27 09:13:03 +0200: Memory Usage (447644K) : nometfiller_drw has 0 polygons
2026-04-27 09:13:03 +0200: Memory Usage (447644K) : prboundary_drw has 0 polygons
2026-04-27 09:13:03 +0200: Memory Usage (447644K) : exchange0_drw has 0 polygons
2026-04-27 09:13:03 +0200: Memory Usage (447908K) : exchange0_pin has 0 polygons
2026-04-27 09:13:03 +0200: Memory Usage (447908K) : exchange0_text has 0 polygons
2026-04-27 09:13:03 +0200: Memory Usage (447908K) : exchange1_drw has 0 polygons
2026-04-27 09:13:03 +0200: Memory Usage (447908K) : exchange1_pin has 0 polygons
2026-04-27 09:13:03 +0200: Memory Usage (448172K) : exchange1_text has 0 polygons
2026-04-27 09:13:03 +0200: Memory Usage (448172K) : exchange2_drw has 0 polygons
2026-04-27 09:13:03 +0200: Memory Usage (448172K) : exchange2_pin has 0 polygons
2026-04-27 09:13:03 +0200: Memory Usage (448172K) : exchange2_text has 0 polygons
2026-04-27 09:13:03 +0200: Memory Usage (448436K) : exchange3_drw has 0 polygons
2026-04-27 09:13:03 +0200: Memory Usage (448436K) : exchange3_pin has 0 polygons
2026-04-27 09:13:03 +0200: Memory Usage (448436K) : exchange3_text has 0 polygons
2026-04-27 09:13:03 +0200: Memory Usage (448436K) : exchange4_drw has 0 polygons
2026-04-27 09:13:03 +0200: Memory Usage (448700K) : exchange4_pin has 0 polygons
2026-04-27 09:13:03 +0200: Memory Usage (448700K) : exchange4_text has 0 polygons
2026-04-27 09:13:03 +0200: Memory Usage (448700K) : isonwell_drw has 0 polygons
2026-04-27 09:13:03 +0200: Memory Usage (448700K) : Total no. of polygons in the design is 175063
2026-04-27 09:13:03 +0200: Memory Usage (448700K) : Starting base layers derivations
2026-04-27 09:13:03 +0200: Memory Usage (448700K) : Starting general LVS derivations
2026-04-27 09:13:03 +0200: Memory Usage (457296K) : Starting MOSFET DERIVATIONS
2026-04-27 09:13:06 +0200: Memory Usage (453672K) : Starting NMOS DERIVATIONS
2026-04-27 09:13:06 +0200: Memory Usage (453672K) : Starting PMOS DERIVATIONS
2026-04-27 09:13:06 +0200: Memory Usage (453672K) : Starting RF-MOSFET DERIVATIONS
2026-04-27 09:13:06 +0200: Memory Usage (453672K) : Starting RF-NMOS DERIVATIONS
2026-04-27 09:13:06 +0200: Memory Usage (453672K) : Starting RF-PMOS DERIVATIONS
2026-04-27 09:13:06 +0200: Memory Usage (453672K) : Starting BJT DERIVATIONS
2026-04-27 09:13:06 +0200: Memory Usage (453672K) : Starting NPN-BJT DERIVATIONS
2026-04-27 09:13:06 +0200: Memory Usage (453672K) : Starting PNP-BJT DERIVATIONS
2026-04-27 09:13:06 +0200: Memory Usage (453672K) : Starting DIODE DERIVATIONS
2026-04-27 09:13:13 +0200: Memory Usage (464192K) : Starting RESISTOR DERIVATIONS
2026-04-27 09:13:13 +0200: Memory Usage (464192K) : Starting CAP DERIVATIONS
2026-04-27 09:13:13 +0200: Memory Usage (464192K) : Starting ESD DERIVATIONS
2026-04-27 09:13:13 +0200: Memory Usage (472896K) : Starting Inductor DERIVATIONS
2026-04-27 09:13:13 +0200: Memory Usage (476920K) : Starting Taps DERIVATIONS
2026-04-27 09:13:13 +0200: Memory Usage (477448K) : Starting SG13G2 LVS connectivity setup
2026-04-27 09:13:13 +0200: Memory Usage (477448K) : Starting SG13G2 LVS connectivity setup (Inter-layer)
2026-04-27 09:13:13 +0200: Memory Usage (477448K) : Starting SG13G2 LVS connectivity setup (Global)
2026-04-27 09:13:13 +0200: Memory Usage (477448K) : Starting LVS MOSFET CONNECTIONS
2026-04-27 09:13:13 +0200: Memory Usage (477448K) : Starting LVS RF-MOSFET CONNECTIONS
2026-04-27 09:13:13 +0200: Memory Usage (477448K) : Starting LVS BJT CONNECTIONS
2026-04-27 09:13:13 +0200: Memory Usage (477448K) : Starting LVS DIODE CONNECTIONS
2026-04-27 09:13:13 +0200: Memory Usage (477448K) : Starting RESISTOR CONNECTIONS
2026-04-27 09:13:13 +0200: Memory Usage (477448K) : Starting LVS CAP CONNECTIONS
2026-04-27 09:13:13 +0200: Memory Usage (477448K) : Starting ESD CONNECTIONS
2026-04-27 09:13:13 +0200: Memory Usage (477448K) : Starting Inductor CONNECTIONS
2026-04-27 09:13:13 +0200: Memory Usage (477448K) : Starting LVS Taps CONNECTIONS
2026-04-27 09:13:13 +0200: Memory Usage (477448K) : Starting SG13G2 LVS DEVICES EXTRACTION
2026-04-27 09:13:13 +0200: Memory Usage (477448K) : Starting MOSFET EXTRACTION
2026-04-27 09:13:13 +0200: Memory Usage (477448K) : Starting NMOS EXTRACTION
2026-04-27 09:13:13 +0200: Memory Usage (477448K) : Extraction of NMOS-LV transistor
2026-04-27 09:13:13 +0200: Memory Usage (477448K) : Extraction of NMOS-HV transistor
2026-04-27 09:13:13 +0200: Memory Usage (477448K) : Starting PMOS EXTRACTION
2026-04-27 09:13:13 +0200: Memory Usage (477448K) : Extraction of PMOS-LV transistor
2026-04-27 09:13:13 +0200: Memory Usage (477448K) : Extraction of PMOS-HV transistor
2026-04-27 09:13:13 +0200: Memory Usage (477448K) : Starting RF-MOSFET EXTRACTION
2026-04-27 09:13:13 +0200: Memory Usage (477448K) : Extraction of RF-NMOS-LV transistor
2026-04-27 09:13:13 +0200: Memory Usage (477448K) : Extraction of RF-NMOS-HV transistor
2026-04-27 09:13:13 +0200: Memory Usage (477448K) : Extraction of RF-PMOS-LV transistor
2026-04-27 09:13:13 +0200: Memory Usage (477448K) : Extraction of RF-PMOS-HV transistor
2026-04-27 09:13:13 +0200: Memory Usage (477448K) : Starting BJT EXTRACTION
2026-04-27 09:13:13 +0200: Memory Usage (477448K) : Starting NPN-BJT EXTRACTION
2026-04-27 09:13:13 +0200: Memory Usage (477448K) : Extraction of npn13G2 BJT transistor
2026-04-27 09:13:13 +0200: Memory Usage (477448K) : Extraction of npn13G2L BJT transistor
2026-04-27 09:13:13 +0200: Memory Usage (477448K) : Extraction of npn13G2V BJT transistor
2026-04-27 09:13:13 +0200: Memory Usage (477448K) : Starting PNP-BJT EXTRACTION
2026-04-27 09:13:13 +0200: Memory Usage (477448K) : Extracting pnpMPA BJT
2026-04-27 09:13:13 +0200: Memory Usage (477448K) : Starting DIODE EXTRACTION
2026-04-27 09:13:13 +0200: Memory Usage (477448K) : Extracting dantenna diode
2026-04-27 09:13:13 +0200: Memory Usage (477448K) : Extracting dpantenna diode
2026-04-27 09:13:13 +0200: Memory Usage (477448K) : Extracting schottky_nbl1 diode
2026-04-27 09:13:13 +0200: Memory Usage (477448K) : Extracting isolbox diode
2026-04-27 09:13:13 +0200: Memory Usage (477448K) : Starting RESISTOR EXTRACTION
2026-04-27 09:13:13 +0200: Memory Usage (477448K) : Extracting rsil resistor
2026-04-27 09:13:13 +0200: Memory Usage (477448K) : Extracting rppd resistor
2026-04-27 09:13:13 +0200: Memory Usage (477448K) : Extracting rhigh resistor
2026-04-27 09:13:13 +0200: Memory Usage (477448K) : Extracting res_metal1 resistor
2026-04-27 09:13:13 +0200: Memory Usage (477448K) : Extracting res_metal2 resistor
2026-04-27 09:13:13 +0200: Memory Usage (477448K) : Extracting res_metal3 resistor
2026-04-27 09:13:13 +0200: Memory Usage (477448K) : Extracting res_metal4 resistor
2026-04-27 09:13:13 +0200: Memory Usage (477448K) : Extracting res_metal5 resistor
2026-04-27 09:13:13 +0200: Memory Usage (477448K) : Extracting res_topmetal1 resistor
2026-04-27 09:13:13 +0200: Memory Usage (477448K) : Extracting res_topmetal2 resistor
2026-04-27 09:13:13 +0200: Memory Usage (477448K) : Starting CAP EXTRACTION
2026-04-27 09:13:13 +0200: Memory Usage (477448K) : Extracting cap_cmim device
2026-04-27 09:13:13 +0200: Memory Usage (477448K) : Extracting rfcmim device
2026-04-27 09:13:13 +0200: Memory Usage (477448K) : Extracting sg13_hv_svaricap varactor
2026-04-27 09:13:13 +0200: Memory Usage (477448K) : Starting ESD EXTRACTION
2026-04-27 09:13:13 +0200: Memory Usage (477448K) : Extracting diodevdd_2kv ESD device
2026-04-27 09:13:13 +0200: Memory Usage (477448K) : Extracting diodevdd_4kv ESD device
2026-04-27 09:13:13 +0200: Memory Usage (477448K) : Extracting diodevss_2kv ESD device
2026-04-27 09:13:13 +0200: Memory Usage (477448K) : Extracting diodevss_4kv ESD device
2026-04-27 09:13:13 +0200: Memory Usage (477448K) : Extracting idiodevdd_2kv ESD device
2026-04-27 09:13:13 +0200: Memory Usage (477448K) : Extracting idiodevdd_4kv ESD device
2026-04-27 09:13:13 +0200: Memory Usage (477448K) : Extracting idiodevss_2kv ESD device
2026-04-27 09:13:13 +0200: Memory Usage (477448K) : Extracting idiodevss_4kv ESD device
2026-04-27 09:13:13 +0200: Memory Usage (477448K) : Extracting nmoscl_2 ESD device
2026-04-27 09:13:13 +0200: Memory Usage (477448K) : Extracting nmoscl_4 ESD device
2026-04-27 09:13:13 +0200: Memory Usage (477448K) : Starting Inductor EXTRACTION
2026-04-27 09:13:13 +0200: Memory Usage (477448K) : Extracting Inductor2 device
2026-04-27 09:13:13 +0200: Memory Usage (477448K) : Extracting Inductor3 device
2026-04-27 09:13:13 +0200: Memory Usage (477448K) : Starting Taps EXTRACTION
2026-04-27 09:13:13 +0200: Memory Usage (477448K) : Extracting ntap1 device
2026-04-27 09:13:13 +0200: Memory Usage (477448K) : Extracting ptap1 device
2026-04-27 09:13:13 +0200: Memory Usage (477448K) : Starting SG13G2 LVS RF MOS Model Mapping
2026-04-27 09:13:15 +0200: Memory Usage (477448K) : [layout_netlist] Apply RF MOS model mapping and rfmode parameter.
2026-04-27 09:13:15 +0200: Memory Usage (477448K) : Starting SG13G2 LVS Options Preparations
2026-04-27 09:13:15 +0200: Memory Usage (477448K) : NET_ONLY enabled: apply extraction netlist options and skip comparison.
2026-04-27 09:13:15 +0200: Memory Usage (477448K) : SG13G2 LVS flow: extraction -> option preparation -> write netlist -> exit.
2026-04-27 09:13:15 +0200: Memory Usage (477448K) : Starting SG13G2 LVS Simplification
2026-04-27 09:13:15 +0200: Memory Usage (477448K) : [layout_netlist] simplify: ENABLED
2026-04-27 09:13:15 +0200: Memory Usage (477448K) : [layout_netlist] make_top_level_pins: SKIPPED
2026-04-27 09:13:15 +0200: Memory Usage (477448K) : [layout_netlist] combine_devices: SKIPPED
2026-04-27 09:13:15 +0200: Memory Usage (477448K) : [layout_netlist] purge: SKIPPED
2026-04-27 09:13:15 +0200: Memory Usage (477448K) : [layout_netlist] purge_nets: SKIPPED
2026-04-27 09:13:15 +0200: Memory Usage (477448K) : LVS Total Run time 12.049796 seconds
