# Logfile created on 2026-04-16 20:09:22 +0200 by logger.rb/v1.4.3
2026-04-16 20:09:22 +0200: Memory Usage (430892K) : Starting running SG13G2 Klayout LVS runset on /home/designer/shared/LC_VCO_FPLL/gds/blocks/PHASE_FREQ_DET.gds
2026-04-16 20:09:22 +0200: Memory Usage (430892K) : Ruby Version for klayout: 3.0.2
2026-04-16 20:09:22 +0200: Memory Usage (430892K) : Loading database to memory is complete.
2026-04-16 20:09:22 +0200: Memory Usage (430892K) : SG13G2 Klayout LVS runset output at: /home/designer/shared/LC_VCO_FPLL/lvs/lvs_run_PHASE_FREQ_DET/PHASE_FREQ_DET.lvsdb
2026-04-16 20:09:22 +0200: Memory Usage (430892K) : Evaluate switches.
2026-04-16 20:09:22 +0200: Memory Usage (430892K) : Extracted netlist with net names: true
2026-04-16 20:09:22 +0200: Memory Usage (430892K) : Extracted netlist with comments in details: false
2026-04-16 20:09:22 +0200: Memory Usage (430892K) : Selected NET_ONLY option: false
2026-04-16 20:09:22 +0200: Memory Usage (430892K) : Selected LAYOUT_NETLIST option: (none)
2026-04-16 20:09:22 +0200: Memory Usage (430892K) : Selected IGNORE_TOP_PORTS_MISMATCH option: true
2026-04-16 20:09:22 +0200: Memory Usage (430892K) : Selected IMPLICIT_NETS option: (none)
2026-04-16 20:09:22 +0200: Memory Usage (430892K) : Selected TOP_LVL_PINS option: false
2026-04-16 20:09:22 +0200: Memory Usage (430892K) : Selected COMBINE DEVICES option: false
2026-04-16 20:09:22 +0200: Memory Usage (430892K) : Selected PURGE option: false
2026-04-16 20:09:22 +0200: Memory Usage (430892K) : Selected PURGE_NETS option: false
2026-04-16 20:09:22 +0200: Memory Usage (430892K) : Selected SIMPLIFY option: true
2026-04-16 20:09:22 +0200: Memory Usage (430892K) : Selected SERIES_RES option: true
2026-04-16 20:09:22 +0200: Memory Usage (430892K) : Selected PARALLEL_RES option: true
2026-04-16 20:09:22 +0200: Memory Usage (430892K) : deep  mode is enabled.
2026-04-16 20:09:22 +0200: Memory Usage (430892K) : Netlist file: /home/designer/shared/LC_VCO_FPLL/spice/PHASE_FREQ_DET.spice
2026-04-16 20:09:22 +0200: Memory Usage (430892K) : LVS extracted netlist at: /home/designer/shared/LC_VCO_FPLL/lvs/lvs_run_PHASE_FREQ_DET/PHASE_FREQ_DET_extracted.cir
2026-04-16 20:09:22 +0200: Memory Usage (430892K) : Applying SRAM integration support.
2026-04-16 20:09:22 +0200: Memory Usage (430892K) : Starting SG13G2 LVS runset
2026-04-16 20:09:22 +0200: Memory Usage (430892K) : Read in polygons from layers.
2026-04-16 20:09:22 +0200: Memory Usage (430892K) : activ_drw has 39 polygons
2026-04-16 20:09:22 +0200: Memory Usage (430892K) : activ_filler has 0 polygons
2026-04-16 20:09:22 +0200: Memory Usage (430892K) : activ has 39 polygons
2026-04-16 20:09:22 +0200: Memory Usage (430892K) : activ_pin has 0 polygons
2026-04-16 20:09:22 +0200: Memory Usage (430892K) : activ_mask has 0 polygons
2026-04-16 20:09:22 +0200: Memory Usage (430892K) : activ_nofill has 0 polygons
2026-04-16 20:09:22 +0200: Memory Usage (430892K) : activ_OPC has 0 polygons
2026-04-16 20:09:22 +0200: Memory Usage (430892K) : activ_iOPC has 0 polygons
2026-04-16 20:09:22 +0200: Memory Usage (430892K) : activ_noqrc has 0 polygons
2026-04-16 20:09:22 +0200: Memory Usage (430892K) : biwind_drw has 0 polygons
2026-04-16 20:09:22 +0200: Memory Usage (430892K) : biwind_OPC has 0 polygons
2026-04-16 20:09:22 +0200: Memory Usage (430892K) : gatpoly_drw has 80 polygons
2026-04-16 20:09:22 +0200: Memory Usage (430892K) : gatpoly_filler has 0 polygons
2026-04-16 20:09:22 +0200: Memory Usage (430892K) : gatpoly has 80 polygons
2026-04-16 20:09:22 +0200: Memory Usage (430892K) : gatpoly_pin has 0 polygons
2026-04-16 20:09:22 +0200: Memory Usage (430892K) : gatpoly_nofill has 0 polygons
2026-04-16 20:09:22 +0200: Memory Usage (433716K) : gatpoly_OPC has 0 polygons
2026-04-16 20:09:22 +0200: Memory Usage (433716K) : gatpoly_iOPC has 0 polygons
2026-04-16 20:09:22 +0200: Memory Usage (433980K) : gatpoly_noqrc has 0 polygons
2026-04-16 20:09:22 +0200: Memory Usage (433980K) : cont_drw has 311 polygons
2026-04-16 20:09:22 +0200: Memory Usage (433980K) : cont_OPC has 0 polygons
2026-04-16 20:09:22 +0200: Memory Usage (433980K) : nsd_drw has 0 polygons
2026-04-16 20:09:22 +0200: Memory Usage (433980K) : nsd_block has 0 polygons
2026-04-16 20:09:22 +0200: Memory Usage (433980K) : metal1_drw has 131 polygons
2026-04-16 20:09:22 +0200: Memory Usage (433980K) : metal1_filler has 0 polygons
2026-04-16 20:09:22 +0200: Memory Usage (433980K) : metal1_slit has 0 polygons
2026-04-16 20:09:22 +0200: Memory Usage (434304K) : metal1 has 131 polygons
2026-04-16 20:09:22 +0200: Memory Usage (434304K) : metal1_pin has 21 polygons
2026-04-16 20:09:22 +0200: Memory Usage (434304K) : metal1_mask has 0 polygons
2026-04-16 20:09:22 +0200: Memory Usage (434304K) : metal1_nofill has 0 polygons
2026-04-16 20:09:22 +0200: Memory Usage (434624K) : metal1_text has 21 polygons
2026-04-16 20:09:22 +0200: Memory Usage (434624K) : metal1_OPC has 0 polygons
2026-04-16 20:09:22 +0200: Memory Usage (434624K) : metal1_noqrc has 0 polygons
2026-04-16 20:09:22 +0200: Memory Usage (434624K) : metal1_res has 0 polygons
2026-04-16 20:09:22 +0200: Memory Usage (435068K) : metal1_iprobe has 0 polygons
2026-04-16 20:09:22 +0200: Memory Usage (435068K) : metal1_diffprb has 0 polygons
2026-04-16 20:09:22 +0200: Memory Usage (435068K) : passiv_drw has 0 polygons
2026-04-16 20:09:22 +0200: Memory Usage (435068K) : passiv_pin has 0 polygons
2026-04-16 20:09:22 +0200: Memory Usage (435332K) : passiv_sbump has 0 polygons
2026-04-16 20:09:22 +0200: Memory Usage (435332K) : passiv_pillar has 0 polygons
2026-04-16 20:09:22 +0200: Memory Usage (435332K) : passiv_pdl has 0 polygons
2026-04-16 20:09:22 +0200: Memory Usage (435332K) : metal2_drw has 20 polygons
2026-04-16 20:09:22 +0200: Memory Usage (435596K) : metal2_filler has 0 polygons
2026-04-16 20:09:22 +0200: Memory Usage (435596K) : metal2_slit has 0 polygons
2026-04-16 20:09:22 +0200: Memory Usage (435596K) : metal2 has 20 polygons
2026-04-16 20:09:22 +0200: Memory Usage (435596K) : metal2_pin has 4 polygons
2026-04-16 20:09:22 +0200: Memory Usage (435860K) : metal2_mask has 0 polygons
2026-04-16 20:09:22 +0200: Memory Usage (435860K) : metal2_nofill has 0 polygons
2026-04-16 20:09:22 +0200: Memory Usage (435860K) : metal2_text has 4 polygons
2026-04-16 20:09:22 +0200: Memory Usage (435860K) : metal2_OPC has 0 polygons
2026-04-16 20:09:22 +0200: Memory Usage (436124K) : metal2_noqrc has 0 polygons
2026-04-16 20:09:22 +0200: Memory Usage (436124K) : metal2_res has 0 polygons
2026-04-16 20:09:22 +0200: Memory Usage (436124K) : metal2_iprobe has 0 polygons
2026-04-16 20:09:22 +0200: Memory Usage (436124K) : metal2_diffprb has 0 polygons
2026-04-16 20:09:22 +0200: Memory Usage (436388K) : baspoly_drw has 0 polygons
2026-04-16 20:09:22 +0200: Memory Usage (436388K) : baspoly_pin has 0 polygons
2026-04-16 20:09:22 +0200: Memory Usage (436388K) : psd_drw has 7 polygons
2026-04-16 20:09:22 +0200: Memory Usage (436388K) : nldb_drw has 0 polygons
2026-04-16 20:09:22 +0200: Memory Usage (436652K) : digibnd_drw has 0 polygons
2026-04-16 20:09:22 +0200: Memory Usage (436652K) : via1_drw has 10 polygons
2026-04-16 20:09:22 +0200: Memory Usage (436652K) : backmetal1_drw has 0 polygons
2026-04-16 20:09:22 +0200: Memory Usage (436652K) : backmetal1_pin has 0 polygons
2026-04-16 20:09:22 +0200: Memory Usage (436916K) : backmetal1_mask has 0 polygons
2026-04-16 20:09:22 +0200: Memory Usage (436916K) : backmetal1_filler has 0 polygons
2026-04-16 20:09:22 +0200: Memory Usage (436916K) : backmetal1_nofill has 0 polygons
2026-04-16 20:09:22 +0200: Memory Usage (436916K) : backmetal1_slit has 0 polygons
2026-04-16 20:09:22 +0200: Memory Usage (436916K) : backmetal1_text has 0 polygons
2026-04-16 20:09:22 +0200: Memory Usage (436916K) : backmetal1_OPC has 0 polygons
2026-04-16 20:09:22 +0200: Memory Usage (437180K) : backmetal1_noqrc has 0 polygons
2026-04-16 20:09:22 +0200: Memory Usage (437180K) : backmetal1_res has 0 polygons
2026-04-16 20:09:22 +0200: Memory Usage (437180K) : backmetal1_iprobe has 0 polygons
2026-04-16 20:09:22 +0200: Memory Usage (437180K) : backmetal1_diffprb has 0 polygons
2026-04-16 20:09:22 +0200: Memory Usage (437444K) : backpassiv_drw has 0 polygons
2026-04-16 20:09:22 +0200: Memory Usage (437444K) : res_drw has 0 polygons
2026-04-16 20:09:22 +0200: Memory Usage (437444K) : sram_drw has 0 polygons
2026-04-16 20:09:22 +0200: Memory Usage (437444K) : trans_drw has 0 polygons
2026-04-16 20:09:22 +0200: Memory Usage (437708K) : ind_drw has 0 polygons
2026-04-16 20:09:22 +0200: Memory Usage (437708K) : ind_pin has 0 polygons
2026-04-16 20:09:22 +0200: Memory Usage (437708K) : ind_text has 0 polygons
2026-04-16 20:09:22 +0200: Memory Usage (437708K) : salblock_drw has 0 polygons
2026-04-16 20:09:22 +0200: Memory Usage (437972K) : via2_drw has 0 polygons
2026-04-16 20:09:22 +0200: Memory Usage (437972K) : metal3_drw has 0 polygons
2026-04-16 20:09:22 +0200: Memory Usage (437972K) : metal3_filler has 0 polygons
2026-04-16 20:09:22 +0200: Memory Usage (437972K) : metal3_slit has 0 polygons
2026-04-16 20:09:22 +0200: Memory Usage (438236K) : metal3 has 0 polygons
2026-04-16 20:09:22 +0200: Memory Usage (438236K) : metal3_pin has 0 polygons
2026-04-16 20:09:22 +0200: Memory Usage (438236K) : metal3_mask has 0 polygons
2026-04-16 20:09:22 +0200: Memory Usage (438236K) : metal3_nofill has 0 polygons
2026-04-16 20:09:22 +0200: Memory Usage (438500K) : metal3_text has 0 polygons
2026-04-16 20:09:22 +0200: Memory Usage (438500K) : metal3_OPC has 0 polygons
2026-04-16 20:09:22 +0200: Memory Usage (438500K) : metal3_noqrc has 0 polygons
2026-04-16 20:09:22 +0200: Memory Usage (438500K) : metal3_res has 0 polygons
2026-04-16 20:09:22 +0200: Memory Usage (438764K) : metal3_iprobe has 0 polygons
2026-04-16 20:09:22 +0200: Memory Usage (438764K) : metal3_diffprb has 0 polygons
2026-04-16 20:09:22 +0200: Memory Usage (438764K) : nwell_drw has 3 polygons
2026-04-16 20:09:22 +0200: Memory Usage (438764K) : nwell_pin has 0 polygons
2026-04-16 20:09:22 +0200: Memory Usage (439028K) : nwell_text has 0 polygons
2026-04-16 20:09:22 +0200: Memory Usage (439028K) : nbulay_drw has 0 polygons
2026-04-16 20:09:22 +0200: Memory Usage (439028K) : nbulay_pin has 0 polygons
2026-04-16 20:09:22 +0200: Memory Usage (439028K) : nbulay_block has 0 polygons
2026-04-16 20:09:22 +0200: Memory Usage (439292K) : emwind_drw has 0 polygons
2026-04-16 20:09:22 +0200: Memory Usage (439292K) : emwind_OPC has 0 polygons
2026-04-16 20:09:22 +0200: Memory Usage (439292K) : deepco_drw has 0 polygons
2026-04-16 20:09:22 +0200: Memory Usage (439292K) : mim_drw has 0 polygons
2026-04-16 20:09:22 +0200: Memory Usage (439556K) : edgeseal_drw has 0 polygons
2026-04-16 20:09:22 +0200: Memory Usage (439556K) : substrate_drw has 0 polygons
2026-04-16 20:09:22 +0200: Memory Usage (439556K) : substrate_text has 0 polygons
2026-04-16 20:09:22 +0200: Memory Usage (439556K) : dfpad_drw has 0 polygons
2026-04-16 20:09:22 +0200: Memory Usage (439820K) : dfpad_pillar has 0 polygons
2026-04-16 20:09:22 +0200: Memory Usage (439820K) : dfpad_sbump has 0 polygons
2026-04-16 20:09:22 +0200: Memory Usage (439820K) : thickgateox_drw has 0 polygons
2026-04-16 20:09:22 +0200: Memory Usage (439820K) : pldb_drw has 0 polygons
2026-04-16 20:09:22 +0200: Memory Usage (439820K) : pwell_drw has 0 polygons
2026-04-16 20:09:22 +0200: Memory Usage (440084K) : pwell_pin has 0 polygons
2026-04-16 20:09:22 +0200: Memory Usage (440084K) : pwell_block has 0 polygons
2026-04-16 20:09:22 +0200: Memory Usage (440084K) : ic_drw has 0 polygons
2026-04-16 20:09:22 +0200: Memory Usage (440084K) : via3_drw has 0 polygons
2026-04-16 20:09:22 +0200: Memory Usage (440348K) : metal4_drw has 0 polygons
2026-04-16 20:09:22 +0200: Memory Usage (440348K) : metal4_filler has 0 polygons
2026-04-16 20:09:22 +0200: Memory Usage (440348K) : metal4_slit has 0 polygons
2026-04-16 20:09:22 +0200: Memory Usage (440348K) : metal4 has 0 polygons
2026-04-16 20:09:22 +0200: Memory Usage (440612K) : metal4_pin has 0 polygons
2026-04-16 20:09:22 +0200: Memory Usage (440612K) : metal4_mask has 0 polygons
2026-04-16 20:09:22 +0200: Memory Usage (440612K) : metal4_nofill has 0 polygons
2026-04-16 20:09:22 +0200: Memory Usage (440612K) : metal4_text has 0 polygons
2026-04-16 20:09:22 +0200: Memory Usage (440876K) : metal4_OPC has 0 polygons
2026-04-16 20:09:22 +0200: Memory Usage (440876K) : metal4_noqrc has 0 polygons
2026-04-16 20:09:22 +0200: Memory Usage (440876K) : metal4_res has 0 polygons
2026-04-16 20:09:22 +0200: Memory Usage (440876K) : metal4_iprobe has 0 polygons
2026-04-16 20:09:22 +0200: Memory Usage (441140K) : metal4_diffprb has 0 polygons
2026-04-16 20:09:22 +0200: Memory Usage (441140K) : heattrans_drw has 0 polygons
2026-04-16 20:09:22 +0200: Memory Usage (441140K) : heatres_drw has 0 polygons
2026-04-16 20:09:22 +0200: Memory Usage (441140K) : fbe_drw has 0 polygons
2026-04-16 20:09:22 +0200: Memory Usage (441404K) : empoly_drw has 0 polygons
2026-04-16 20:09:22 +0200: Memory Usage (441404K) : digisub_drw has 0 polygons
2026-04-16 20:09:22 +0200: Memory Usage (441404K) : text_drw has 0 polygons
2026-04-16 20:09:22 +0200: Memory Usage (441404K) : via4_drw has 0 polygons
2026-04-16 20:09:22 +0200: Memory Usage (441404K) : metal5_drw has 0 polygons
2026-04-16 20:09:22 +0200: Memory Usage (441668K) : metal5_filler has 0 polygons
2026-04-16 20:09:22 +0200: Memory Usage (441668K) : metal5_slit has 0 polygons
2026-04-16 20:09:22 +0200: Memory Usage (441668K) : metal5 has 0 polygons
2026-04-16 20:09:22 +0200: Memory Usage (441932K) : metal5_pin has 0 polygons
2026-04-16 20:09:22 +0200: Memory Usage (441932K) : metal5_mask has 0 polygons
2026-04-16 20:09:22 +0200: Memory Usage (441932K) : metal5_nofill has 0 polygons
2026-04-16 20:09:22 +0200: Memory Usage (441932K) : metal5_text has 0 polygons
2026-04-16 20:09:22 +0200: Memory Usage (441932K) : metal5_OPC has 0 polygons
2026-04-16 20:09:22 +0200: Memory Usage (442196K) : metal5_noqrc has 0 polygons
2026-04-16 20:09:22 +0200: Memory Usage (442196K) : metal5_res has 0 polygons
2026-04-16 20:09:22 +0200: Memory Usage (442196K) : metal5_iprobe has 0 polygons
2026-04-16 20:09:22 +0200: Memory Usage (442196K) : metal5_diffprb has 0 polygons
2026-04-16 20:09:22 +0200: Memory Usage (442460K) : radhard_drw has 0 polygons
2026-04-16 20:09:22 +0200: Memory Usage (442460K) : memcap_drw has 0 polygons
2026-04-16 20:09:22 +0200: Memory Usage (442460K) : varicap_drw has 0 polygons
2026-04-16 20:09:22 +0200: Memory Usage (442460K) : intbondvia_drw has 0 polygons
2026-04-16 20:09:22 +0200: Memory Usage (442724K) : intbondmet_drw has 0 polygons
2026-04-16 20:09:22 +0200: Memory Usage (442724K) : devbondvia_drw has 0 polygons
2026-04-16 20:09:22 +0200: Memory Usage (442724K) : devbondmet_drw has 0 polygons
2026-04-16 20:09:22 +0200: Memory Usage (442724K) : devtrench_drw has 0 polygons
2026-04-16 20:09:22 +0200: Memory Usage (442988K) : redist_drw has 0 polygons
2026-04-16 20:09:22 +0200: Memory Usage (442988K) : graphbot_drw has 0 polygons
2026-04-16 20:09:22 +0200: Memory Usage (442988K) : graphtop_drw has 0 polygons
2026-04-16 20:09:22 +0200: Memory Usage (442988K) : antvia1_drw has 0 polygons
2026-04-16 20:09:22 +0200: Memory Usage (443252K) : antmetal2_drw has 0 polygons
2026-04-16 20:09:22 +0200: Memory Usage (443252K) : graphcont_drw has 0 polygons
2026-04-16 20:09:22 +0200: Memory Usage (443252K) : siwg_drw has 0 polygons
2026-04-16 20:09:22 +0200: Memory Usage (443252K) : siwg_filler has 0 polygons
2026-04-16 20:09:22 +0200: Memory Usage (443516K) : siwg_nofill has 0 polygons
2026-04-16 20:09:22 +0200: Memory Usage (443516K) : sigrating_drw has 0 polygons
2026-04-16 20:09:22 +0200: Memory Usage (443516K) : singrating_drw has 0 polygons
2026-04-16 20:09:22 +0200: Memory Usage (443516K) : graphpas_drw has 0 polygons
2026-04-16 20:09:22 +0200: Memory Usage (443780K) : emwind3_drw has 0 polygons
2026-04-16 20:09:22 +0200: Memory Usage (443780K) : emwihv3_drw has 0 polygons
2026-04-16 20:09:22 +0200: Memory Usage (443780K) : redbulay_drw has 0 polygons
2026-04-16 20:09:22 +0200: Memory Usage (443780K) : smos_drw has 0 polygons
2026-04-16 20:09:22 +0200: Memory Usage (444044K) : graphpad_drw has 0 polygons
2026-04-16 20:09:22 +0200: Memory Usage (444044K) : polimide_drw has 0 polygons
2026-04-16 20:09:22 +0200: Memory Usage (444044K) : polimide_pin has 0 polygons
2026-04-16 20:09:22 +0200: Memory Usage (444044K) : recog_drw has 0 polygons
2026-04-16 20:09:22 +0200: Memory Usage (444308K) : recog_pin has 0 polygons
2026-04-16 20:09:22 +0200: Memory Usage (444308K) : recog_esd has 0 polygons
2026-04-16 20:09:22 +0200: Memory Usage (444308K) : recog_diode has 0 polygons
2026-04-16 20:09:22 +0200: Memory Usage (444308K) : recog_tsv has 0 polygons
2026-04-16 20:09:22 +0200: Memory Usage (444572K) : recog_iprobe has 0 polygons
2026-04-16 20:09:22 +0200: Memory Usage (444572K) : recog_diffprb has 0 polygons
2026-04-16 20:09:22 +0200: Memory Usage (444572K) : recog_pillar has 0 polygons
2026-04-16 20:09:22 +0200: Memory Usage (444572K) : recog_sbump has 0 polygons
2026-04-16 20:09:22 +0200: Memory Usage (444836K) : recog_otp has 0 polygons
2026-04-16 20:09:22 +0200: Memory Usage (444836K) : recog_pdiode has 0 polygons
2026-04-16 20:09:22 +0200: Memory Usage (444836K) : recog_mom has 0 polygons
2026-04-16 20:09:22 +0200: Memory Usage (444836K) : recog_pcm has 0 polygons
2026-04-16 20:09:22 +0200: Memory Usage (445100K) : colopen_drw has 0 polygons
2026-04-16 20:09:22 +0200: Memory Usage (445100K) : graphmetal1_drw has 0 polygons
2026-04-16 20:09:22 +0200: Memory Usage (445100K) : graphmetal1_filler has 0 polygons
2026-04-16 20:09:22 +0200: Memory Usage (445100K) : graphmetal1_nofill has 0 polygons
2026-04-16 20:09:22 +0200: Memory Usage (445364K) : graphmetal1_slit has 0 polygons
2026-04-16 20:09:22 +0200: Memory Usage (445364K) : graphmetal1_OPC has 0 polygons
2026-04-16 20:09:22 +0200: Memory Usage (445364K) : graphmet1l_drw has 0 polygons
2026-04-16 20:09:22 +0200: Memory Usage (445364K) : graphmet1l_filler has 0 polygons
2026-04-16 20:09:22 +0200: Memory Usage (445628K) : graphmet1l_nofill has 0 polygons
2026-04-16 20:09:22 +0200: Memory Usage (445628K) : graphmet1l_slit has 0 polygons
2026-04-16 20:09:22 +0200: Memory Usage (445628K) : graphmet1l_OPC has 0 polygons
2026-04-16 20:09:22 +0200: Memory Usage (445628K) : extblock_drw has 0 polygons
2026-04-16 20:09:22 +0200: Memory Usage (445892K) : nldd_drw has 0 polygons
2026-04-16 20:09:22 +0200: Memory Usage (445892K) : pldd_drw has 0 polygons
2026-04-16 20:09:22 +0200: Memory Usage (445892K) : next_drw has 0 polygons
2026-04-16 20:09:22 +0200: Memory Usage (445892K) : pext_drw has 0 polygons
2026-04-16 20:09:22 +0200: Memory Usage (446156K) : nexthv_drw has 0 polygons
2026-04-16 20:09:22 +0200: Memory Usage (446156K) : pexthv_drw has 0 polygons
2026-04-16 20:09:22 +0200: Memory Usage (446156K) : graphgate_drw has 0 polygons
2026-04-16 20:09:22 +0200: Memory Usage (446156K) : sinwg_drw has 0 polygons
2026-04-16 20:09:22 +0200: Memory Usage (446420K) : sinwg_filler has 0 polygons
2026-04-16 20:09:22 +0200: Memory Usage (446420K) : sinwg_nofill has 0 polygons
2026-04-16 20:09:22 +0200: Memory Usage (446420K) : mempad_drw has 0 polygons
2026-04-16 20:09:22 +0200: Memory Usage (446420K) : topvia1_drw has 0 polygons
2026-04-16 20:09:22 +0200: Memory Usage (446684K) : topmetal1_drw has 0 polygons
2026-04-16 20:09:22 +0200: Memory Usage (446684K) : topmetal1_filler has 0 polygons
2026-04-16 20:09:22 +0200: Memory Usage (446684K) : topmetal1_slit has 0 polygons
2026-04-16 20:09:22 +0200: Memory Usage (446948K) : topmetal1 has 0 polygons
2026-04-16 20:09:22 +0200: Memory Usage (446948K) : topmetal1_pin has 0 polygons
2026-04-16 20:09:22 +0200: Memory Usage (446948K) : topmetal1_mask has 0 polygons
2026-04-16 20:09:22 +0200: Memory Usage (446948K) : topmetal1_nofill has 0 polygons
2026-04-16 20:09:22 +0200: Memory Usage (447212K) : topmetal1_text has 0 polygons
2026-04-16 20:09:22 +0200: Memory Usage (447212K) : topmetal1_noqrc has 0 polygons
2026-04-16 20:09:22 +0200: Memory Usage (447212K) : topmetal1_res has 0 polygons
2026-04-16 20:09:22 +0200: Memory Usage (447212K) : topmetal1_iprobe has 0 polygons
2026-04-16 20:09:22 +0200: Memory Usage (447476K) : topmetal1_diffprb has 0 polygons
2026-04-16 20:09:22 +0200: Memory Usage (447476K) : inldpwl_drw has 0 polygons
2026-04-16 20:09:22 +0200: Memory Usage (447476K) : polyres_drw has 0 polygons
2026-04-16 20:09:22 +0200: Memory Usage (447476K) : polyres_pin has 0 polygons
2026-04-16 20:09:22 +0200: Memory Usage (447476K) : vmim_drw has 0 polygons
2026-04-16 20:09:22 +0200: Memory Usage (447476K) : nbulaycut_drw has 0 polygons
2026-04-16 20:09:22 +0200: Memory Usage (447476K) : antmetal1_drw has 0 polygons
2026-04-16 20:09:22 +0200: Memory Usage (447476K) : topvia2_drw has 0 polygons
2026-04-16 20:09:22 +0200: Memory Usage (447740K) : topmetal2_drw has 0 polygons
2026-04-16 20:09:22 +0200: Memory Usage (447740K) : topmetal2_filler has 0 polygons
2026-04-16 20:09:22 +0200: Memory Usage (447740K) : topmetal2_slit has 0 polygons
2026-04-16 20:09:22 +0200: Memory Usage (448004K) : topmetal2 has 0 polygons
2026-04-16 20:09:22 +0200: Memory Usage (448004K) : topmetal2_pin has 0 polygons
2026-04-16 20:09:22 +0200: Memory Usage (448004K) : topmetal2_mask has 0 polygons
2026-04-16 20:09:22 +0200: Memory Usage (448004K) : topmetal2_nofill has 0 polygons
2026-04-16 20:09:22 +0200: Memory Usage (448268K) : topmetal2_text has 0 polygons
2026-04-16 20:09:22 +0200: Memory Usage (448268K) : topmetal2_noqrc has 0 polygons
2026-04-16 20:09:22 +0200: Memory Usage (448268K) : topmetal2_res has 0 polygons
2026-04-16 20:09:22 +0200: Memory Usage (448268K) : topmetal2_iprobe has 0 polygons
2026-04-16 20:09:22 +0200: Memory Usage (448532K) : topmetal2_diffprb has 0 polygons
2026-04-16 20:09:22 +0200: Memory Usage (448532K) : snsring_drw has 0 polygons
2026-04-16 20:09:22 +0200: Memory Usage (448532K) : sensor_drw has 0 polygons
2026-04-16 20:09:22 +0200: Memory Usage (448532K) : snsarms_drw has 0 polygons
2026-04-16 20:09:22 +0200: Memory Usage (448796K) : snscmosvia_drw has 0 polygons
2026-04-16 20:09:22 +0200: Memory Usage (448796K) : colwind_drw has 0 polygons
2026-04-16 20:09:22 +0200: Memory Usage (448796K) : flm_drw has 0 polygons
2026-04-16 20:09:22 +0200: Memory Usage (448796K) : hafniumox_drw has 0 polygons
2026-04-16 20:09:22 +0200: Memory Usage (448796K) : memvia_drw has 0 polygons
2026-04-16 20:09:22 +0200: Memory Usage (449060K) : thinfilmres_drw has 0 polygons
2026-04-16 20:09:22 +0200: Memory Usage (449060K) : rfmem_drw has 0 polygons
2026-04-16 20:09:22 +0200: Memory Usage (449060K) : norcx_drw has 0 polygons
2026-04-16 20:09:22 +0200: Memory Usage (449060K) : norcx_m2m3 has 0 polygons
2026-04-16 20:09:22 +0200: Memory Usage (449324K) : norcx_m2m4 has 0 polygons
2026-04-16 20:09:22 +0200: Memory Usage (449324K) : norcx_m2m5 has 0 polygons
2026-04-16 20:09:22 +0200: Memory Usage (449324K) : norcx_m2tm1 has 0 polygons
2026-04-16 20:09:22 +0200: Memory Usage (449324K) : norcx_m2tm2 has 0 polygons
2026-04-16 20:09:22 +0200: Memory Usage (449588K) : norcx_m3m4 has 0 polygons
2026-04-16 20:09:22 +0200: Memory Usage (449588K) : norcx_m3m5 has 0 polygons
2026-04-16 20:09:22 +0200: Memory Usage (449588K) : norcx_m3tm1 has 0 polygons
2026-04-16 20:09:22 +0200: Memory Usage (449588K) : norcx_m3tm2 has 0 polygons
2026-04-16 20:09:22 +0200: Memory Usage (449588K) : norcx_m4m5 has 0 polygons
2026-04-16 20:09:22 +0200: Memory Usage (449852K) : norcx_m4tm1 has 0 polygons
2026-04-16 20:09:22 +0200: Memory Usage (449852K) : norcx_m4tm2 has 0 polygons
2026-04-16 20:09:22 +0200: Memory Usage (449852K) : norcx_m5tm1 has 0 polygons
2026-04-16 20:09:22 +0200: Memory Usage (449852K) : norcx_m5tm2 has 0 polygons
2026-04-16 20:09:22 +0200: Memory Usage (450116K) : norcx_tm1tm2 has 0 polygons
2026-04-16 20:09:22 +0200: Memory Usage (450116K) : norcx_m1sub has 0 polygons
2026-04-16 20:09:22 +0200: Memory Usage (450116K) : norcx_m2sub has 0 polygons
2026-04-16 20:09:22 +0200: Memory Usage (450116K) : norcx_m3sub has 0 polygons
2026-04-16 20:09:22 +0200: Memory Usage (450380K) : norcx_m4sub has 0 polygons
2026-04-16 20:09:22 +0200: Memory Usage (450380K) : norcx_m5sub has 0 polygons
2026-04-16 20:09:22 +0200: Memory Usage (450380K) : norcx_tm1sub has 0 polygons
2026-04-16 20:09:22 +0200: Memory Usage (450380K) : norcx_tm2sub has 0 polygons
2026-04-16 20:09:22 +0200: Memory Usage (450644K) : snsbotvia_drw has 0 polygons
2026-04-16 20:09:22 +0200: Memory Usage (450644K) : snstopvia_drw has 0 polygons
2026-04-16 20:09:22 +0200: Memory Usage (450644K) : deepvia_drw has 0 polygons
2026-04-16 20:09:22 +0200: Memory Usage (450644K) : fgetch_drw has 0 polygons
2026-04-16 20:09:22 +0200: Memory Usage (450908K) : ctrgat_drw has 0 polygons
2026-04-16 20:09:22 +0200: Memory Usage (450908K) : fgimp_drw has 0 polygons
2026-04-16 20:09:22 +0200: Memory Usage (450908K) : emwihv_drw has 0 polygons
2026-04-16 20:09:22 +0200: Memory Usage (450908K) : lbe_drw has 0 polygons
2026-04-16 20:09:22 +0200: Memory Usage (451172K) : alcustop_drw has 0 polygons
2026-04-16 20:09:22 +0200: Memory Usage (451172K) : nometfiller_drw has 0 polygons
2026-04-16 20:09:22 +0200: Memory Usage (451172K) : prboundary_drw has 0 polygons
2026-04-16 20:09:22 +0200: Memory Usage (451172K) : exchange0_drw has 0 polygons
2026-04-16 20:09:22 +0200: Memory Usage (451436K) : exchange0_pin has 0 polygons
2026-04-16 20:09:22 +0200: Memory Usage (451436K) : exchange0_text has 0 polygons
2026-04-16 20:09:22 +0200: Memory Usage (451436K) : exchange1_drw has 0 polygons
2026-04-16 20:09:22 +0200: Memory Usage (451436K) : exchange1_pin has 0 polygons
2026-04-16 20:09:22 +0200: Memory Usage (451700K) : exchange1_text has 0 polygons
2026-04-16 20:09:22 +0200: Memory Usage (451700K) : exchange2_drw has 0 polygons
2026-04-16 20:09:22 +0200: Memory Usage (451700K) : exchange2_pin has 0 polygons
2026-04-16 20:09:22 +0200: Memory Usage (451700K) : exchange2_text has 0 polygons
2026-04-16 20:09:22 +0200: Memory Usage (451700K) : exchange3_drw has 0 polygons
2026-04-16 20:09:22 +0200: Memory Usage (451964K) : exchange3_pin has 0 polygons
2026-04-16 20:09:22 +0200: Memory Usage (451964K) : exchange3_text has 0 polygons
2026-04-16 20:09:22 +0200: Memory Usage (451964K) : exchange4_drw has 0 polygons
2026-04-16 20:09:22 +0200: Memory Usage (451964K) : exchange4_pin has 0 polygons
2026-04-16 20:09:22 +0200: Memory Usage (452228K) : exchange4_text has 0 polygons
2026-04-16 20:09:22 +0200: Memory Usage (452228K) : isonwell_drw has 0 polygons
2026-04-16 20:09:22 +0200: Memory Usage (452228K) : Total no. of polygons in the design is 651
2026-04-16 20:09:22 +0200: Memory Usage (452228K) : Starting base layers derivations
2026-04-16 20:09:22 +0200: Memory Usage (452228K) : Starting general LVS derivations
2026-04-16 20:09:22 +0200: Memory Usage (457472K) : Starting MOSFET DERIVATIONS
2026-04-16 20:09:22 +0200: Memory Usage (457540K) : Starting NMOS DERIVATIONS
2026-04-16 20:09:22 +0200: Memory Usage (457540K) : Starting PMOS DERIVATIONS
2026-04-16 20:09:22 +0200: Memory Usage (457540K) : Starting RF-MOSFET DERIVATIONS
2026-04-16 20:09:22 +0200: Memory Usage (457540K) : Starting RF-NMOS DERIVATIONS
2026-04-16 20:09:22 +0200: Memory Usage (457540K) : Starting RF-PMOS DERIVATIONS
2026-04-16 20:09:22 +0200: Memory Usage (457540K) : Starting BJT DERIVATIONS
2026-04-16 20:09:22 +0200: Memory Usage (457540K) : Starting NPN-BJT DERIVATIONS
2026-04-16 20:09:23 +0200: Memory Usage (457540K) : Starting PNP-BJT DERIVATIONS
2026-04-16 20:09:23 +0200: Memory Usage (457540K) : Starting DIODE DERIVATIONS
2026-04-16 20:09:23 +0200: Memory Usage (457540K) : Starting RESISTOR DERIVATIONS
2026-04-16 20:09:23 +0200: Memory Usage (457540K) : Starting CAP DERIVATIONS
2026-04-16 20:09:23 +0200: Memory Usage (457540K) : Starting ESD DERIVATIONS
2026-04-16 20:09:23 +0200: Memory Usage (467984K) : Starting Inductor DERIVATIONS
2026-04-16 20:09:23 +0200: Memory Usage (456484K) : Starting Taps DERIVATIONS
2026-04-16 20:09:23 +0200: Memory Usage (456484K) : Starting SG13G2 LVS connectivity setup
2026-04-16 20:09:23 +0200: Memory Usage (456484K) : Starting SG13G2 LVS connectivity setup (Inter-layer)
2026-04-16 20:09:23 +0200: Memory Usage (456484K) : Starting SG13G2 LVS connectivity setup (Global)
2026-04-16 20:09:23 +0200: Memory Usage (456484K) : Starting LVS MOSFET CONNECTIONS
2026-04-16 20:09:23 +0200: Memory Usage (456484K) : Starting LVS RF-MOSFET CONNECTIONS
2026-04-16 20:09:23 +0200: Memory Usage (456484K) : Starting LVS BJT CONNECTIONS
2026-04-16 20:09:23 +0200: Memory Usage (456484K) : Starting LVS DIODE CONNECTIONS
2026-04-16 20:09:23 +0200: Memory Usage (456484K) : Starting RESISTOR CONNECTIONS
2026-04-16 20:09:23 +0200: Memory Usage (456484K) : Starting LVS CAP CONNECTIONS
2026-04-16 20:09:23 +0200: Memory Usage (456484K) : Starting ESD CONNECTIONS
2026-04-16 20:09:23 +0200: Memory Usage (456484K) : Starting Inductor CONNECTIONS
2026-04-16 20:09:23 +0200: Memory Usage (456484K) : Starting LVS Taps CONNECTIONS
2026-04-16 20:09:23 +0200: Memory Usage (456484K) : Starting SG13G2 LVS DEVICES EXTRACTION
2026-04-16 20:09:23 +0200: Memory Usage (456484K) : Starting MOSFET EXTRACTION
2026-04-16 20:09:23 +0200: Memory Usage (456484K) : Starting NMOS EXTRACTION
2026-04-16 20:09:23 +0200: Memory Usage (456484K) : Extraction of NMOS-LV transistor
2026-04-16 20:09:23 +0200: Memory Usage (456484K) : Extraction of NMOS-HV transistor
2026-04-16 20:09:23 +0200: Memory Usage (456484K) : Starting PMOS EXTRACTION
2026-04-16 20:09:23 +0200: Memory Usage (456484K) : Extraction of PMOS-LV transistor
2026-04-16 20:09:23 +0200: Memory Usage (456484K) : Extraction of PMOS-HV transistor
2026-04-16 20:09:23 +0200: Memory Usage (456484K) : Starting RF-MOSFET EXTRACTION
2026-04-16 20:09:23 +0200: Memory Usage (456484K) : Extraction of RF-NMOS-LV transistor
2026-04-16 20:09:23 +0200: Memory Usage (456484K) : Extraction of RF-NMOS-HV transistor
2026-04-16 20:09:23 +0200: Memory Usage (456484K) : Extraction of RF-PMOS-LV transistor
2026-04-16 20:09:23 +0200: Memory Usage (456484K) : Extraction of RF-PMOS-HV transistor
2026-04-16 20:09:23 +0200: Memory Usage (456484K) : Starting BJT EXTRACTION
2026-04-16 20:09:23 +0200: Memory Usage (456484K) : Starting NPN-BJT EXTRACTION
2026-04-16 20:09:23 +0200: Memory Usage (456484K) : Extraction of npn13G2 BJT transistor
2026-04-16 20:09:23 +0200: Memory Usage (456484K) : Extraction of npn13G2L BJT transistor
2026-04-16 20:09:23 +0200: Memory Usage (456484K) : Extraction of npn13G2V BJT transistor
2026-04-16 20:09:23 +0200: Memory Usage (456484K) : Starting PNP-BJT EXTRACTION
2026-04-16 20:09:23 +0200: Memory Usage (456484K) : Extracting pnpMPA BJT
2026-04-16 20:09:23 +0200: Memory Usage (456484K) : Starting DIODE EXTRACTION
2026-04-16 20:09:23 +0200: Memory Usage (456484K) : Extracting dantenna diode
2026-04-16 20:09:23 +0200: Memory Usage (456484K) : Extracting dpantenna diode
2026-04-16 20:09:23 +0200: Memory Usage (456484K) : Extracting schottky_nbl1 diode
2026-04-16 20:09:23 +0200: Memory Usage (456484K) : Extracting isolbox diode
2026-04-16 20:09:23 +0200: Memory Usage (456484K) : Starting RESISTOR EXTRACTION
2026-04-16 20:09:23 +0200: Memory Usage (456484K) : Extracting rsil resistor
2026-04-16 20:09:23 +0200: Memory Usage (456484K) : Extracting rppd resistor
2026-04-16 20:09:23 +0200: Memory Usage (456484K) : Extracting rhigh resistor
2026-04-16 20:09:23 +0200: Memory Usage (456484K) : Extracting res_metal1 resistor
2026-04-16 20:09:23 +0200: Memory Usage (456484K) : Extracting res_metal2 resistor
2026-04-16 20:09:23 +0200: Memory Usage (456484K) : Extracting res_metal3 resistor
2026-04-16 20:09:23 +0200: Memory Usage (456484K) : Extracting res_metal4 resistor
2026-04-16 20:09:23 +0200: Memory Usage (456484K) : Extracting res_metal5 resistor
2026-04-16 20:09:23 +0200: Memory Usage (456484K) : Extracting res_topmetal1 resistor
2026-04-16 20:09:23 +0200: Memory Usage (456484K) : Extracting res_topmetal2 resistor
2026-04-16 20:09:23 +0200: Memory Usage (456484K) : Starting CAP EXTRACTION
2026-04-16 20:09:23 +0200: Memory Usage (456484K) : Extracting cap_cmim device
2026-04-16 20:09:23 +0200: Memory Usage (456484K) : Extracting rfcmim device
2026-04-16 20:09:23 +0200: Memory Usage (456484K) : Extracting sg13_hv_svaricap varactor
2026-04-16 20:09:23 +0200: Memory Usage (456484K) : Starting ESD EXTRACTION
2026-04-16 20:09:23 +0200: Memory Usage (456484K) : Extracting diodevdd_2kv ESD device
2026-04-16 20:09:23 +0200: Memory Usage (456484K) : Extracting diodevdd_4kv ESD device
2026-04-16 20:09:23 +0200: Memory Usage (456484K) : Extracting diodevss_2kv ESD device
2026-04-16 20:09:23 +0200: Memory Usage (456484K) : Extracting diodevss_4kv ESD device
2026-04-16 20:09:23 +0200: Memory Usage (456484K) : Extracting idiodevdd_2kv ESD device
2026-04-16 20:09:23 +0200: Memory Usage (456484K) : Extracting idiodevdd_4kv ESD device
2026-04-16 20:09:23 +0200: Memory Usage (456484K) : Extracting idiodevss_2kv ESD device
2026-04-16 20:09:23 +0200: Memory Usage (456484K) : Extracting idiodevss_4kv ESD device
2026-04-16 20:09:23 +0200: Memory Usage (456484K) : Extracting nmoscl_2 ESD device
2026-04-16 20:09:23 +0200: Memory Usage (456484K) : Extracting nmoscl_4 ESD device
2026-04-16 20:09:23 +0200: Memory Usage (456484K) : Starting Inductor EXTRACTION
2026-04-16 20:09:23 +0200: Memory Usage (456484K) : Extracting Inductor2 device
2026-04-16 20:09:23 +0200: Memory Usage (456484K) : Extracting Inductor3 device
2026-04-16 20:09:23 +0200: Memory Usage (456484K) : Starting Taps EXTRACTION
2026-04-16 20:09:23 +0200: Memory Usage (456484K) : Extracting ntap1 device
2026-04-16 20:09:23 +0200: Memory Usage (456484K) : Extracting ptap1 device
2026-04-16 20:09:23 +0200: Memory Usage (456484K) : Starting SG13G2 LVS RF MOS Model Mapping
2026-04-16 20:09:23 +0200: Memory Usage (456484K) : [layout_netlist] Apply RF MOS model mapping and rfmode parameter.
2026-04-16 20:09:23 +0200: Memory Usage (456484K) : Starting SG13G2 LVS Options Preparations
2026-04-16 20:09:23 +0200: Memory Usage (456484K) : SG13G2 LVS flow: extraction -> alignment -> option preparation -> comparison.
2026-04-16 20:09:23 +0200: Memory Usage (456484K) : Starting SG13G2 LVS Alignment
2026-04-16 20:09:23 +0200: Memory Usage (456484K) : Starting SG13G2 LVS Simplification
2026-04-16 20:09:23 +0200: Memory Usage (456484K) : [layout_netlist] simplify: ENABLED
2026-04-16 20:09:23 +0200: Memory Usage (456484K) : [layout_netlist] make_top_level_pins: SKIPPED
2026-04-16 20:09:23 +0200: Memory Usage (456484K) : [layout_netlist] combine_devices: SKIPPED
2026-04-16 20:09:23 +0200: Memory Usage (456484K) : [layout_netlist] purge: SKIPPED
2026-04-16 20:09:23 +0200: Memory Usage (456484K) : [layout_netlist] purge_nets: SKIPPED
2026-04-16 20:09:23 +0200: Memory Usage (456484K) : [schematic_netlist] simplify: ENABLED
2026-04-16 20:09:23 +0200: Memory Usage (456484K) : [schematic_netlist] make_top_level_pins: SKIPPED
2026-04-16 20:09:23 +0200: Memory Usage (456484K) : [schematic_netlist] combine_devices: SKIPPED
2026-04-16 20:09:23 +0200: Memory Usage (456484K) : [schematic_netlist] purge: SKIPPED
2026-04-16 20:09:23 +0200: Memory Usage (456484K) : [schematic_netlist] purge_nets: SKIPPED
2026-04-16 20:09:23 +0200: Memory Usage (456484K) : Starting SG13G2 LVS Comparison
2026-04-16 20:09:23 +0200: Memory Usage (456484K) : ==========================================
2026-04-16 20:09:23 +0200: Memory Usage (456484K) : INFO : Congratulations! Netlists match.
2026-04-16 20:09:23 +0200: Memory Usage (456484K) : ==========================================
2026-04-16 20:09:23 +0200: Memory Usage (456484K) : LVS Total Run time 1.213715 seconds
